# JRE version: OpenJDK Runtime Environment Temurin-17.0.8.1+1 (17.0.8.1+1) (build 17.0.8.1+1)
# Java VM: OpenJDK 64-Bit Server VM Temurin-17.0.8.1+1 (17.0.8.1+1, mixed mode, tiered, compressed oops, compressed class ptrs, g1 gc, windows-amd64)
GC Precious Log:
 CPUs: 4 total, 4 available
 Memory: 16079M
 Large Page Support: Disabled
 NUMA Support: Disabled
 Compressed Oops: Enabled (Zero based)
 Heap Region Size: 2M
 Heap Min Capacity: 8M
 Heap Initial Capacity: 252M
 Heap Max Capacity: 4020M
 Pre-touch: Disabled
 Parallel Workers: 4
 Concurrent Workers: 1
 Concurrent Refinement Workers: 4
 Periodic GC: Disabled
Heap:
 garbage-first heap   total 83968K, used 37121K [0x0000000704c00000, 0x0000000800000000)
  region size 2048K, 3 young (6144K), 1 survivors (2048K)
 Metaspace       used 83367K, committed 83904K, reserved 1179648K
  class space    used 10293K, committed 10560K, reserved 1048576K
GC Heap History (20 events):
Event: 6.695 GC heap before
{Heap before GC invocations=11 (full 0):
 garbage-first heap   total 69632K, used 54038K [0x0000000704c00000, 0x0000000800000000)
  region size 2048K, 22 young (45056K), 3 survivors (6144K)
 Metaspace       used 42233K, committed 42688K, reserved 1114112K
  class space    used 4933K, committed 5184K, reserved 1048576K
}
Event: 6.708 GC heap after
{Heap after GC invocations=12 (full 0):
 garbage-first heap   total 69632K, used 20230K [0x0000000704c00000, 0x0000000800000000)
  region size 2048K, 5 young (10240K), 5 survivors (10240K)
 Metaspace       used 42233K, committed 42688K, reserved 1114112K
  class space    used 4933K, committed 5184K, reserved 1048576K
}
Event: 7.921 GC heap before
{Heap before GC invocations=12 (full 0):
 garbage-first heap   total 69632K, used 48902K [0x0000000704c00000, 0x0000000800000000)
  region size 2048K, 19 young (38912K), 5 survivors (10240K)
 Metaspace       used 51522K, committed 52032K, reserved 1114112K
  class space    used 6158K, committed 6400K, reserved 1048576K
}
Event: 7.933 GC heap after
{Heap after GC invocations=13 (full 0):
 garbage-first heap   total 69632K, used 21942K [0x0000000704c00000, 0x0000000800000000)
  region size 2048K, 3 young (6144K), 3 survivors (6144K)
 Metaspace       used 51522K, committed 52032K, reserved 1114112K
  class space    used 6158K, committed 6400K, reserved 1048576K
}
Event: 8.936 GC heap before
{Heap before GC invocations=13 (full 0):
 garbage-first heap   total 69632K, used 48566K [0x0000000704c00000, 0x0000000800000000)
  region size 2048K, 16 young (32768K), 3 survivors (6144K)
 Metaspace       used 57052K, committed 57536K, reserved 1114112K
  class space    used 6882K, committed 7104K, reserved 1048576K
}
Event: 8.943 GC heap after
{Heap after GC invocations=14 (full 0):
 garbage-first heap   total 69632K, used 23966K [0x0000000704c00000, 0x0000000800000000)
  region size 2048K, 2 young (4096K), 2 survivors (4096K)
 Metaspace       used 57052K, committed 57536K, reserved 1114112K
  class space    used 6882K, committed 7104K, reserved 1048576K
}
Event: 9.188 GC heap before
{Heap before GC invocations=14 (full 0):
 garbage-first heap   total 69632K, used 32158K [0x0000000704c00000, 0x0000000800000000)
  region size 2048K, 7 young (14336K), 2 survivors (4096K)
 Metaspace       used 60023K, committed 60416K, reserved 1114112K
  class space    used 7356K, committed 7552K, reserved 1048576K
}
Event: 9.194 GC heap after
{Heap after GC invocations=15 (full 0):
 garbage-first heap   total 69632K, used 24593K [0x0000000704c00000, 0x0000000800000000)
  region size 2048K, 2 young (4096K), 2 survivors (4096K)
 Metaspace       used 60023K, committed 60416K, reserved 1114112K
  class space    used 7356K, committed 7552K, reserved 1048576K
}
Event: 10.069 GC heap before
{Heap before GC invocations=16 (full 0):
 garbage-first heap   total 69632K, used 49169K [0x0000000704c00000, 0x0000000800000000)
  region size 2048K, 14 young (28672K), 2 survivors (4096K)
 Metaspace       used 64581K, committed 65088K, reserved 1114112K
  class space    used 8210K, committed 8448K, reserved 1048576K
}
Event: 10.074 GC heap after
{Heap after GC invocations=17 (full 0):
 garbage-first heap   total 69632K, used 25886K [0x0000000704c00000, 0x0000000800000000)
  region size 2048K, 1 young (2048K), 1 survivors (2048K)
 Metaspace       used 64581K, committed 65088K, reserved 1114112K
  class space    used 8210K, committed 8448K, reserved 1048576K
}
Event: 10.919 GC heap before
{Heap before GC invocations=17 (full 0):
 garbage-first heap   total 69632K, used 50462K [0x0000000704c00000, 0x0000000800000000)
  region size 2048K, 13 young (26624K), 1 survivors (2048K)
 Metaspace       used 68205K, committed 68672K, reserved 1114112K
  class space    used 8642K, committed 8832K, reserved 1048576K
}
Event: 10.925 GC heap after
{Heap after GC invocations=18 (full 0):
 garbage-first heap   total 69632K, used 27369K [0x0000000704c00000, 0x0000000800000000)
  region size 2048K, 2 young (4096K), 2 survivors (4096K)
 Metaspace       used 68205K, committed 68672K, reserved 1114112K
  class space    used 8642K, committed 8832K, reserved 1048576K
}
Event: 11.770 GC heap before
{Heap before GC invocations=18 (full 0):
 garbage-first heap   total 69632K, used 49897K [0x0000000704c00000, 0x0000000800000000)
  region size 2048K, 13 young (26624K), 2 survivors (4096K)
 Metaspace       used 71045K, committed 71616K, reserved 1114112K
  class space    used 9064K, committed 9344K, reserved 1048576K
}
Event: 11.777 GC heap after
{Heap after GC invocations=19 (full 0):
 garbage-first heap   total 69632K, used 29138K [0x0000000704c00000, 0x0000000800000000)
  region size 2048K, 2 young (4096K), 2 survivors (4096K)
 Metaspace       used 71045K, committed 71616K, reserved 1114112K
  class space    used 9064K, committed 9344K, reserved 1048576K
}
Event: 12.355 GC heap before
{Heap before GC invocations=19 (full 0):
 garbage-first heap   total 69632K, used 51666K [0x0000000704c00000, 0x0000000800000000)
  region size 2048K, 13 young (26624K), 2 survivors (4096K)
 Metaspace       used 73309K, committed 73856K, reserved 1114112K
  class space    used 9383K, committed 9664K, reserved 1048576K
}
Event: 12.363 GC heap after
{Heap after GC invocations=20 (full 0):
 garbage-first heap   total 69632K, used 31421K [0x0000000704c00000, 0x0000000800000000)
  region size 2048K, 2 young (4096K), 2 survivors (4096K)
 Metaspace       used 73309K, committed 73856K, reserved 1114112K
  class space    used 9383K, committed 9664K, reserved 1048576K
}
Event: 40.590 GC heap before
{Heap before GC invocations=20 (full 0):
 garbage-first heap   total 69632K, used 51901K [0x0000000704c00000, 0x0000000800000000)
  region size 2048K, 13 young (26624K), 2 survivors (4096K)
 Metaspace       used 76989K, committed 77568K, reserved 1179648K
  class space    used 9794K, committed 10048K, reserved 1048576K
}
Event: 40.602 GC heap after
{Heap after GC invocations=21 (full 0):
 garbage-first heap   total 83968K, used 33471K [0x0000000704c00000, 0x0000000800000000)
  region size 2048K, 2 young (4096K), 2 survivors (4096K)
 Metaspace       used 76989K, committed 77568K, reserved 1179648K
  class space    used 9794K, committed 10048K, reserved 1048576K
}
Event: 41.450 GC heap before
{Heap before GC invocations=21 (full 0):
 garbage-first heap   total 83968K, used 60095K [0x0000000704c00000, 0x0000000800000000)
  region size 2048K, 16 young (32768K), 2 survivors (4096K)
 Metaspace       used 82798K, committed 83328K, reserved 1179648K
  class space    used 10243K, committed 10496K, reserved 1048576K
}
Event: 41.455 GC heap after
{Heap after GC invocations=22 (full 0):
 garbage-first heap   total 83968K, used 35073K [0x0000000704c00000, 0x0000000800000000)
  region size 2048K, 1 young (2048K), 1 survivors (2048K)
 Metaspace       used 82798K, committed 83328K, reserved 1179648K
  class space    used 10243K, committed 10496K, reserved 1048576K
}

