# JRE version: OpenJDK Runtime Environment Temurin-17.0.8.1+1 (17.0.8.1+1) (build 17.0.8.1+1)
# Java VM: OpenJDK 64-Bit Server VM Temurin-17.0.8.1+1 (17.0.8.1+1, mixed mode, tiered, compressed oops, compressed class ptrs, g1 gc, windows-amd64)
GC Precious Log:
 CPUs: 4 total, 4 available
 Memory: 16079M
 Large Page Support: Disabled
 NUMA Support: Disabled
 Compressed Oops: Enabled (Zero based)
 Heap Region Size: 2M
 Heap Min Capacity: 8M
 Heap Initial Capacity: 252M
 Heap Max Capacity: 4020M
 Pre-touch: Disabled
 Parallel Workers: 4
 Concurrent Workers: 1
 Concurrent Refinement Workers: 4
 Periodic GC: Disabled
Heap:
 garbage-first heap   total 90112K, used 43904K [0x0000000704c00000, 0x0000000800000000)
  region size 2048K, 9 young (18432K), 3 survivors (6144K)
 Metaspace       used 87316K, committed 88000K, reserved 1179648K
  class space    used 10799K, committed 11136K, reserved 1048576K
GC Heap History (20 events):
Event: 6.761 GC heap before
{Heap before GC invocations=11 (full 0):
 garbage-first heap   total 40960K, used 24241K [0x0000000704c00000, 0x0000000800000000)
  region size 2048K, 7 young (14336K), 2 survivors (4096K)
 Metaspace       used 35618K, committed 35968K, reserved 1114112K
  class space    used 4162K, committed 4352K, reserved 1048576K
}
Event: 6.773 GC heap after
{Heap after GC invocations=12 (full 0):
 garbage-first heap   total 40960K, used 17004K [0x0000000704c00000, 0x0000000800000000)
  region size 2048K, 1 young (2048K), 1 survivors (2048K)
 Metaspace       used 35618K, committed 35968K, reserved 1114112K
  class space    used 4162K, committed 4352K, reserved 1048576K
}
Event: 7.177 GC heap before
{Heap before GC invocations=13 (full 0):
 garbage-first heap   total 40960K, used 29292K [0x0000000704c00000, 0x0000000800000000)
  region size 2048K, 7 young (14336K), 1 survivors (2048K)
 Metaspace       used 37967K, committed 38464K, reserved 1114112K
  class space    used 4422K, committed 4672K, reserved 1048576K
}
Event: 7.184 GC heap after
{Heap after GC invocations=14 (full 0):
 garbage-first heap   total 40960K, used 18038K [0x0000000704c00000, 0x0000000800000000)
  region size 2048K, 1 young (2048K), 1 survivors (2048K)
 Metaspace       used 37967K, committed 38464K, reserved 1114112K
  class space    used 4422K, committed 4672K, reserved 1048576K
}
Event: 7.258 GC heap before
{Heap before GC invocations=14 (full 0):
 garbage-first heap   total 40960K, used 20086K [0x0000000704c00000, 0x0000000800000000)
  region size 2048K, 2 young (4096K), 1 survivors (2048K)
 Metaspace       used 38018K, committed 38528K, reserved 1114112K
  class space    used 4422K, committed 4672K, reserved 1048576K
}
Event: 7.267 GC heap after
{Heap after GC invocations=15 (full 0):
 garbage-first heap   total 149504K, used 17732K [0x0000000704c00000, 0x0000000800000000)
  region size 2048K, 1 young (2048K), 1 survivors (2048K)
 Metaspace       used 38018K, committed 38528K, reserved 1114112K
  class space    used 4422K, committed 4672K, reserved 1048576K
}
Event: 10.239 GC heap before
{Heap before GC invocations=15 (full 0):
 garbage-first heap   total 149504K, used 99652K [0x0000000704c00000, 0x0000000800000000)
  region size 2048K, 41 young (83968K), 1 survivors (2048K)
 Metaspace       used 57287K, committed 57792K, reserved 1114112K
  class space    used 6923K, committed 7168K, reserved 1048576K
}
Event: 10.247 GC heap after
{Heap after GC invocations=16 (full 0):
 garbage-first heap   total 149504K, used 23080K [0x0000000704c00000, 0x0000000800000000)
  region size 2048K, 3 young (6144K), 3 survivors (6144K)
 Metaspace       used 57287K, committed 57792K, reserved 1114112K
  class space    used 6923K, committed 7168K, reserved 1048576K
}
Event: 10.478 GC heap before
{Heap before GC invocations=16 (full 0):
 garbage-first heap   total 149504K, used 29224K [0x0000000704c00000, 0x0000000800000000)
  region size 2048K, 7 young (14336K), 3 survivors (6144K)
 Metaspace       used 59805K, committed 60288K, reserved 1114112K
  class space    used 7324K, committed 7552K, reserved 1048576K
}
Event: 10.485 GC heap after
{Heap after GC invocations=17 (full 0):
 garbage-first heap   total 149504K, used 23513K [0x0000000704c00000, 0x0000000800000000)
  region size 2048K, 3 young (6144K), 3 survivors (6144K)
 Metaspace       used 59805K, committed 60288K, reserved 1114112K
  class space    used 7324K, committed 7552K, reserved 1048576K
}
Event: 12.110 GC heap before
{Heap before GC invocations=18 (full 0):
 garbage-first heap   total 90112K, used 72665K [0x0000000704c00000, 0x0000000800000000)
  region size 2048K, 28 young (57344K), 3 survivors (6144K)
 Metaspace       used 68253K, committed 68736K, reserved 1114112K
  class space    used 8639K, committed 8832K, reserved 1048576K
}
Event: 12.121 GC heap after
{Heap after GC invocations=19 (full 0):
 garbage-first heap   total 90112K, used 26609K [0x0000000704c00000, 0x0000000800000000)
  region size 2048K, 5 young (10240K), 5 survivors (10240K)
 Metaspace       used 68253K, committed 68736K, reserved 1114112K
  class space    used 8639K, committed 8832K, reserved 1048576K
}
Event: 12.201 GC heap before
{Heap before GC invocations=19 (full 0):
 garbage-first heap   total 90112K, used 28657K [0x0000000704c00000, 0x0000000800000000)
  region size 2048K, 6 young (12288K), 5 survivors (10240K)
 Metaspace       used 68647K, committed 69120K, reserved 1114112K
  class space    used 8698K, committed 8896K, reserved 1048576K
}
Event: 12.214 GC heap after
{Heap after GC invocations=20 (full 0):
 garbage-first heap   total 90112K, used 26834K [0x0000000704c00000, 0x0000000800000000)
  region size 2048K, 1 young (2048K), 1 survivors (2048K)
 Metaspace       used 68647K, committed 69120K, reserved 1114112K
  class space    used 8698K, committed 8896K, reserved 1048576K
}
Event: 13.551 GC heap before
{Heap before GC invocations=20 (full 0):
 garbage-first heap   total 90112K, used 67794K [0x0000000704c00000, 0x0000000800000000)
  region size 2048K, 21 young (43008K), 1 survivors (2048K)
 Metaspace       used 73324K, committed 73920K, reserved 1114112K
  class space    used 9378K, committed 9664K, reserved 1048576K
}
Event: 13.557 GC heap after
{Heap after GC invocations=21 (full 0):
 garbage-first heap   total 90112K, used 29685K [0x0000000704c00000, 0x0000000800000000)
  region size 2048K, 2 young (4096K), 2 survivors (4096K)
 Metaspace       used 73324K, committed 73920K, reserved 1114112K
  class space    used 9378K, committed 9664K, reserved 1048576K
}
Event: 23.148 GC heap before
{Heap before GC invocations=21 (full 0):
 garbage-first heap   total 90112K, used 66549K [0x0000000704c00000, 0x0000000800000000)
  region size 2048K, 21 young (43008K), 2 survivors (4096K)
 Metaspace       used 79988K, committed 80576K, reserved 1179648K
  class space    used 10008K, committed 10304K, reserved 1048576K
}
Event: 23.159 GC heap after
{Heap after GC invocations=22 (full 0):
 garbage-first heap   total 90112K, used 32460K [0x0000000704c00000, 0x0000000800000000)
  region size 2048K, 2 young (4096K), 2 survivors (4096K)
 Metaspace       used 79988K, committed 80576K, reserved 1179648K
  class space    used 10008K, committed 10304K, reserved 1048576K
}
Event: 32.849 GC heap before
{Heap before GC invocations=22 (full 0):
 garbage-first heap   total 90112K, used 67276K [0x0000000704c00000, 0x0000000800000000)
  region size 2048K, 19 young (38912K), 2 survivors (4096K)
 Metaspace       used 86584K, committed 87168K, reserved 1179648K
  class space    used 10742K, committed 11008K, reserved 1048576K
}
Event: 32.856 GC heap after
{Heap after GC invocations=23 (full 0):
 garbage-first heap   total 90112K, used 33664K [0x0000000704c00000, 0x0000000800000000)
  region size 2048K, 3 young (6144K), 3 survivors (6144K)
 Metaspace       used 86584K, committed 87168K, reserved 1179648K
  class space    used 10742K, committed 11008K, reserved 1048576K
}

