# JRE version: OpenJDK Runtime Environment Temurin-17.0.8.1+1 (17.0.8.1+1) (build 17.0.8.1+1)
# Java VM: OpenJDK 64-Bit Server VM Temurin-17.0.8.1+1 (17.0.8.1+1, mixed mode, tiered, compressed oops, compressed class ptrs, g1 gc, windows-amd64)
GC Precious Log:
 CPUs: 4 total, 4 available
 Memory: 16079M
 Large Page Support: Disabled
 NUMA Support: Disabled
 Compressed Oops: Enabled (Zero based)
 Heap Region Size: 2M
 Heap Min Capacity: 8M
 Heap Initial Capacity: 252M
 Heap Max Capacity: 4020M
 Pre-touch: Disabled
 Parallel Workers: 4
 Concurrent Workers: 1
 Concurrent Refinement Workers: 4
 Periodic GC: Disabled
Heap:
 garbage-first heap   total 139264K, used 98067K [0x0000000704c00000, 0x0000000800000000)
  region size 2048K, 37 young (75776K), 2 survivors (4096K)
 Metaspace       used 83918K, committed 84544K, reserved 1179648K
  class space    used 10370K, committed 10688K, reserved 1048576K
GC Heap History (20 events):
Event: 5.464 GC heap before
{Heap before GC invocations=10 (full 0):
 garbage-first heap   total 149504K, used 38550K [0x0000000704c00000, 0x0000000800000000)
  region size 2048K, 14 young (28672K), 1 survivors (2048K)
 Metaspace       used 35553K, committed 35968K, reserved 1114112K
  class space    used 4157K, committed 4352K, reserved 1048576K
}
Event: 5.474 GC heap after
{Heap after GC invocations=11 (full 0):
 garbage-first heap   total 149504K, used 16791K [0x0000000704c00000, 0x0000000800000000)
  region size 2048K, 3 young (6144K), 3 survivors (6144K)
 Metaspace       used 35553K, committed 35968K, reserved 1114112K
  class space    used 4157K, committed 4352K, reserved 1048576K
}
Event: 6.661 GC heap before
{Heap before GC invocations=12 (full 0):
 garbage-first heap   total 69632K, used 51607K [0x0000000704c00000, 0x0000000800000000)
  region size 2048K, 20 young (40960K), 3 survivors (6144K)
 Metaspace       used 41664K, committed 42048K, reserved 1114112K
  class space    used 4852K, committed 5056K, reserved 1048576K
}
Event: 6.670 GC heap after
{Heap after GC invocations=13 (full 0):
 garbage-first heap   total 69632K, used 19581K [0x0000000704c00000, 0x0000000800000000)
  region size 2048K, 3 young (6144K), 3 survivors (6144K)
 Metaspace       used 41664K, committed 42048K, reserved 1114112K
  class space    used 4852K, committed 5056K, reserved 1048576K
}
Event: 6.748 GC heap before
{Heap before GC invocations=13 (full 0):
 garbage-first heap   total 69632K, used 19581K [0x0000000704c00000, 0x0000000800000000)
  region size 2048K, 4 young (8192K), 3 survivors (6144K)
 Metaspace       used 42042K, committed 42496K, reserved 1114112K
  class space    used 4902K, committed 5120K, reserved 1048576K
}
Event: 6.758 GC heap after
{Heap after GC invocations=14 (full 0):
 garbage-first heap   total 69632K, used 19931K [0x0000000704c00000, 0x0000000800000000)
  region size 2048K, 1 young (2048K), 1 survivors (2048K)
 Metaspace       used 42042K, committed 42496K, reserved 1114112K
  class space    used 4902K, committed 5120K, reserved 1048576K
}
Event: 7.922 GC heap before
{Heap before GC invocations=14 (full 0):
 garbage-first heap   total 69632K, used 46555K [0x0000000704c00000, 0x0000000800000000)
  region size 2048K, 15 young (30720K), 1 survivors (2048K)
 Metaspace       used 51241K, committed 51648K, reserved 1114112K
  class space    used 6129K, committed 6336K, reserved 1048576K
}
Event: 7.925 GC heap after
{Heap after GC invocations=15 (full 0):
 garbage-first heap   total 69632K, used 20966K [0x0000000704c00000, 0x0000000800000000)
  region size 2048K, 1 young (2048K), 1 survivors (2048K)
 Metaspace       used 51241K, committed 51648K, reserved 1114112K
  class space    used 6129K, committed 6336K, reserved 1048576K
}
Event: 9.045 GC heap before
{Heap before GC invocations=15 (full 0):
 garbage-first heap   total 69632K, used 49638K [0x0000000704c00000, 0x0000000800000000)
  region size 2048K, 16 young (32768K), 1 survivors (2048K)
 Metaspace       used 57693K, committed 58112K, reserved 1114112K
  class space    used 6972K, committed 7168K, reserved 1048576K
}
Event: 9.051 GC heap after
{Heap after GC invocations=16 (full 0):
 garbage-first heap   total 69632K, used 23282K [0x0000000704c00000, 0x0000000800000000)
  region size 2048K, 2 young (4096K), 2 survivors (4096K)
 Metaspace       used 57693K, committed 58112K, reserved 1114112K
  class space    used 6972K, committed 7168K, reserved 1048576K
}
Event: 9.188 GC heap before
{Heap before GC invocations=16 (full 0):
 garbage-first heap   total 69632K, used 27378K [0x0000000704c00000, 0x0000000800000000)
  region size 2048K, 5 young (10240K), 2 survivors (4096K)
 Metaspace       used 59765K, committed 60160K, reserved 1114112K
  class space    used 7300K, committed 7488K, reserved 1048576K
}
Event: 9.193 GC heap after
{Heap after GC invocations=17 (full 0):
 garbage-first heap   total 69632K, used 23988K [0x0000000704c00000, 0x0000000800000000)
  region size 2048K, 1 young (2048K), 1 survivors (2048K)
 Metaspace       used 59765K, committed 60160K, reserved 1114112K
  class space    used 7300K, committed 7488K, reserved 1048576K
}
Event: 10.123 GC heap before
{Heap before GC invocations=18 (full 0):
 garbage-first heap   total 69632K, used 52660K [0x0000000704c00000, 0x0000000800000000)
  region size 2048K, 15 young (30720K), 1 survivors (2048K)
 Metaspace       used 65225K, committed 65728K, reserved 1114112K
  class space    used 8283K, committed 8512K, reserved 1048576K
}
Event: 10.127 GC heap after
{Heap after GC invocations=19 (full 0):
 garbage-first heap   total 69632K, used 24592K [0x0000000704c00000, 0x0000000800000000)
  region size 2048K, 1 young (2048K), 1 survivors (2048K)
 Metaspace       used 65225K, committed 65728K, reserved 1114112K
  class space    used 8283K, committed 8512K, reserved 1048576K
}
Event: 11.082 GC heap before
{Heap before GC invocations=20 (full 0):
 garbage-first heap   total 69632K, used 53264K [0x0000000704c00000, 0x0000000800000000)
  region size 2048K, 15 young (30720K), 1 survivors (2048K)
 Metaspace       used 69009K, committed 69504K, reserved 1114112K
  class space    used 8758K, committed 8960K, reserved 1048576K
}
Event: 11.093 GC heap after
{Heap after GC invocations=21 (full 0):
 garbage-first heap   total 69632K, used 26511K [0x0000000704c00000, 0x0000000800000000)
  region size 2048K, 2 young (4096K), 2 survivors (4096K)
 Metaspace       used 69009K, committed 69504K, reserved 1114112K
  class space    used 8758K, committed 8960K, reserved 1048576K
}
Event: 11.108 GC heap before
{Heap before GC invocations=21 (full 0):
 garbage-first heap   total 69632K, used 28559K [0x0000000704c00000, 0x0000000800000000)
  region size 2048K, 3 young (6144K), 2 survivors (4096K)
 Metaspace       used 69010K, committed 69504K, reserved 1114112K
  class space    used 8758K, committed 8960K, reserved 1048576K
}
Event: 11.114 GC heap after
{Heap after GC invocations=22 (full 0):
 garbage-first heap   total 69632K, used 26418K [0x0000000704c00000, 0x0000000800000000)
  region size 2048K, 1 young (2048K), 1 survivors (2048K)
 Metaspace       used 69010K, committed 69504K, reserved 1114112K
  class space    used 8758K, committed 8960K, reserved 1048576K
}
Event: 11.969 GC heap before
{Heap before GC invocations=22 (full 0):
 garbage-first heap   total 69632K, used 53042K [0x0000000704c00000, 0x0000000800000000)
  region size 2048K, 14 young (28672K), 1 survivors (2048K)
 Metaspace       used 72179K, committed 72768K, reserved 1114112K
  class space    used 9247K, committed 9536K, reserved 1048576K
}
Event: 11.977 GC heap after
{Heap after GC invocations=23 (full 0):
 garbage-first heap   total 139264K, used 28435K [0x0000000704c00000, 0x0000000800000000)
  region size 2048K, 2 young (4096K), 2 survivors (4096K)
 Metaspace       used 72179K, committed 72768K, reserved 1114112K
  class space    used 9247K, committed 9536K, reserved 1048576K
}

