# JRE version: OpenJDK Runtime Environment Temurin-17.0.8.1+1 (17.0.8.1+1) (build 17.0.8.1+1)
# Java VM: OpenJDK 64-Bit Server VM Temurin-17.0.8.1+1 (17.0.8.1+1, mixed mode, tiered, compressed oops, compressed class ptrs, g1 gc, windows-amd64)
GC Precious Log:
 CPUs: 4 total, 4 available
 Memory: 16079M
 Large Page Support: Disabled
 NUMA Support: Disabled
 Compressed Oops: Enabled (Zero based)
 Heap Region Size: 2M
 Heap Min Capacity: 8M
 Heap Initial Capacity: 252M
 Heap Max Capacity: 4020M
 Pre-touch: Disabled
 Parallel Workers: 4
 Concurrent Workers: 1
 Concurrent Refinement Workers: 4
 Periodic GC: Disabled
Heap:
 garbage-first heap   total 69632K, used 33892K [0x0000000704c00000, 0x0000000800000000)
  region size 2048K, 3 young (6144K), 2 survivors (4096K)
 Metaspace       used 83415K, committed 83968K, reserved 1179648K
  class space    used 10298K, committed 10560K, reserved 1048576K
GC Heap History (20 events):
Event: 6.552 GC heap before
{Heap before GC invocations=12 (full 0):
 garbage-first heap   total 69632K, used 21970K [0x0000000704c00000, 0x0000000800000000)
  region size 2048K, 3 young (6144K), 2 survivors (4096K)
 Metaspace       used 41995K, committed 42496K, reserved 1114112K
  class space    used 4896K, committed 5120K, reserved 1048576K
}
Event: 6.556 GC heap after
{Heap after GC invocations=13 (full 0):
 garbage-first heap   total 69632K, used 20101K [0x0000000704c00000, 0x0000000800000000)
  region size 2048K, 1 young (2048K), 1 survivors (2048K)
 Metaspace       used 41995K, committed 42496K, reserved 1114112K
  class space    used 4896K, committed 5120K, reserved 1048576K
}
Event: 7.783 GC heap before
{Heap before GC invocations=13 (full 0):
 garbage-first heap   total 69632K, used 46725K [0x0000000704c00000, 0x0000000800000000)
  region size 2048K, 15 young (30720K), 1 survivors (2048K)
 Metaspace       used 51016K, committed 51456K, reserved 1114112K
  class space    used 6115K, committed 6336K, reserved 1048576K
}
Event: 7.787 GC heap after
{Heap after GC invocations=14 (full 0):
 garbage-first heap   total 69632K, used 21315K [0x0000000704c00000, 0x0000000800000000)
  region size 2048K, 1 young (2048K), 1 survivors (2048K)
 Metaspace       used 51016K, committed 51456K, reserved 1114112K
  class space    used 6115K, committed 6336K, reserved 1048576K
}
Event: 8.877 GC heap before
{Heap before GC invocations=14 (full 0):
 garbage-first heap   total 69632K, used 49987K [0x0000000704c00000, 0x0000000800000000)
  region size 2048K, 15 young (30720K), 1 survivors (2048K)
 Metaspace       used 57046K, committed 57472K, reserved 1114112K
  class space    used 6886K, committed 7104K, reserved 1048576K
}
Event: 8.883 GC heap after
{Heap after GC invocations=15 (full 0):
 garbage-first heap   total 69632K, used 23276K [0x0000000704c00000, 0x0000000800000000)
  region size 2048K, 2 young (4096K), 2 survivors (4096K)
 Metaspace       used 57046K, committed 57472K, reserved 1114112K
  class space    used 6886K, committed 7104K, reserved 1048576K
}
Event: 9.152 GC heap before
{Heap before GC invocations=15 (full 0):
 garbage-first heap   total 69632K, used 31468K [0x0000000704c00000, 0x0000000800000000)
  region size 2048K, 7 young (14336K), 2 survivors (4096K)
 Metaspace       used 59973K, committed 60416K, reserved 1114112K
  class space    used 7348K, committed 7552K, reserved 1048576K
}
Event: 9.158 GC heap after
{Heap after GC invocations=16 (full 0):
 garbage-first heap   total 69632K, used 24078K [0x0000000704c00000, 0x0000000800000000)
  region size 2048K, 2 young (4096K), 2 survivors (4096K)
 Metaspace       used 59973K, committed 60416K, reserved 1114112K
  class space    used 7348K, committed 7552K, reserved 1048576K
}
Event: 10.024 GC heap before
{Heap before GC invocations=17 (full 0):
 garbage-first heap   total 69632K, used 48654K [0x0000000704c00000, 0x0000000800000000)
  region size 2048K, 14 young (28672K), 2 survivors (4096K)
 Metaspace       used 64545K, committed 65024K, reserved 1114112K
  class space    used 8213K, committed 8448K, reserved 1048576K
}
Event: 10.029 GC heap after
{Heap after GC invocations=18 (full 0):
 garbage-first heap   total 69632K, used 25153K [0x0000000704c00000, 0x0000000800000000)
  region size 2048K, 1 young (2048K), 1 survivors (2048K)
 Metaspace       used 64545K, committed 65024K, reserved 1114112K
  class space    used 8213K, committed 8448K, reserved 1048576K
}
Event: 11.143 GC heap before
{Heap before GC invocations=18 (full 0):
 garbage-first heap   total 69632K, used 51777K [0x0000000704c00000, 0x0000000800000000)
  region size 2048K, 14 young (28672K), 1 survivors (2048K)
 Metaspace       used 69357K, committed 69952K, reserved 1114112K
  class space    used 8803K, committed 9088K, reserved 1048576K
}
Event: 11.150 GC heap after
{Heap after GC invocations=19 (full 0):
 garbage-first heap   total 69632K, used 27257K [0x0000000704c00000, 0x0000000800000000)
  region size 2048K, 2 young (4096K), 2 survivors (4096K)
 Metaspace       used 69357K, committed 69952K, reserved 1114112K
  class space    used 8803K, committed 9088K, reserved 1048576K
}
Event: 11.796 GC heap before
{Heap before GC invocations=19 (full 0):
 garbage-first heap   total 69632K, used 51833K [0x0000000704c00000, 0x0000000800000000)
  region size 2048K, 14 young (28672K), 2 survivors (4096K)
 Metaspace       used 71618K, committed 72128K, reserved 1114112K
  class space    used 9146K, committed 9408K, reserved 1048576K
}
Event: 11.804 GC heap after
{Heap after GC invocations=20 (full 0):
 garbage-first heap   total 69632K, used 29169K [0x0000000704c00000, 0x0000000800000000)
  region size 2048K, 1 young (2048K), 1 survivors (2048K)
 Metaspace       used 71618K, committed 72128K, reserved 1114112K
  class space    used 9146K, committed 9408K, reserved 1048576K
}
Event: 32.831 GC heap before
{Heap before GC invocations=20 (full 0):
 garbage-first heap   total 69632K, used 53745K [0x0000000704c00000, 0x0000000800000000)
  region size 2048K, 13 young (26624K), 1 survivors (2048K)
 Metaspace       used 74714K, committed 75264K, reserved 1179648K
  class space    used 9541K, committed 9792K, reserved 1048576K
}
Event: 32.838 GC heap after
{Heap after GC invocations=21 (full 0):
 garbage-first heap   total 69632K, used 30863K [0x0000000704c00000, 0x0000000800000000)
  region size 2048K, 2 young (4096K), 2 survivors (4096K)
 Metaspace       used 74714K, committed 75264K, reserved 1179648K
  class space    used 9541K, committed 9792K, reserved 1048576K
}
Event: 33.846 GC heap before
{Heap before GC invocations=21 (full 0):
 garbage-first heap   total 69632K, used 51343K [0x0000000704c00000, 0x0000000800000000)
  region size 2048K, 13 young (26624K), 2 survivors (4096K)
 Metaspace       used 78457K, committed 79040K, reserved 1179648K
  class space    used 9862K, committed 10176K, reserved 1048576K
}
Event: 33.853 GC heap after
{Heap after GC invocations=22 (full 0):
 garbage-first heap   total 69632K, used 32682K [0x0000000704c00000, 0x0000000800000000)
  region size 2048K, 1 young (2048K), 1 survivors (2048K)
 Metaspace       used 78457K, committed 79040K, reserved 1179648K
  class space    used 9862K, committed 10176K, reserved 1048576K
}
Event: 34.831 GC heap before
{Heap before GC invocations=22 (full 0):
 garbage-first heap   total 69632K, used 53162K [0x0000000704c00000, 0x0000000800000000)
  region size 2048K, 12 young (24576K), 1 survivors (2048K)
 Metaspace       used 82949K, committed 83584K, reserved 1179648K
  class space    used 10253K, committed 10560K, reserved 1048576K
}
Event: 34.835 GC heap after
{Heap after GC invocations=23 (full 0):
 garbage-first heap   total 69632K, used 33892K [0x0000000704c00000, 0x0000000800000000)
  region size 2048K, 2 young (4096K), 2 survivors (4096K)
 Metaspace       used 82949K, committed 83584K, reserved 1179648K
  class space    used 10253K, committed 10560K, reserved 1048576K
}

