# JRE version: Java(TM) SE Runtime Environment (20.0.2+9) (build 20.0.2+9-78)
# Java VM: Java HotSpot(TM) 64-Bit Server VM (20.0.2+9-78, mixed mode, emulated-client, sharing, tiered, compressed oops, compressed class ptrs, g1 gc, windows-amd64)
GC Precious Log:
 CardTable entry size: 512
 Card Set container configuration: InlinePtr #cards 4 size 8 Array Of Cards #cards 16 size 48 Howl #buckets 8 coarsen threshold 3686 Howl Bitmap #cards 512 size 80 coarsen threshold 460 Card regions per heap region 1 cards per card region 4096
 CPUs: 4 total, 4 available
 Memory: 16079M
 Large Page Support: Disabled
 NUMA Support: Disabled
 Compressed Oops: Enabled (Zero based)
 Heap Region Size: 2M
 Heap Min Capacity: 8M
 Heap Initial Capacity: 252M
 Heap Max Capacity: 4020M
 Pre-touch: Disabled
 Parallel Workers: 4
 Concurrent Workers: 1
 Concurrent Refinement Workers: 4
 Periodic GC: Disabled
Heap:
 garbage-first heap   total 81920K, used 54735K [0x0000000704c00000, 0x0000000800000000)
  region size 2048K, 15 young (30720K), 3 survivors (6144K)
 Metaspace       used 73127K, committed 73856K, reserved 1114112K
  class space    used 9720K, committed 10048K, reserved 1048576K
GC Heap History (20 events):
Event: 3.663 GC heap before
{Heap before GC invocations=3 (full 0):
 garbage-first heap   total 258048K, used 66281K [0x0000000704c00000, 0x0000000800000000)
  region size 2048K, 32 young (65536K), 2 survivors (4096K)
 Metaspace       used 20304K, committed 20608K, reserved 1114112K
  class space    used 2633K, committed 2752K, reserved 1048576K
}
Event: 3.673 GC heap after
{Heap after GC invocations=4 (full 0):
 garbage-first heap   total 258048K, used 13393K [0x0000000704c00000, 0x0000000800000000)
  region size 2048K, 4 young (8192K), 4 survivors (8192K)
 Metaspace       used 20304K, committed 20608K, reserved 1114112K
  class space    used 2633K, committed 2752K, reserved 1048576K
}
Event: 5.085 GC heap before
{Heap before GC invocations=5 (full 0):
 garbage-first heap   total 55296K, used 54353K [0x0000000704c00000, 0x0000000800000000)
  region size 2048K, 24 young (49152K), 4 survivors (8192K)
 Metaspace       used 26130K, committed 26624K, reserved 1114112K
  class space    used 3547K, committed 3776K, reserved 1048576K
}
Event: 5.102 GC heap after
{Heap after GC invocations=6 (full 0):
 garbage-first heap   total 67584K, used 17444K [0x0000000704c00000, 0x0000000800000000)
  region size 2048K, 6 young (12288K), 6 survivors (12288K)
 Metaspace       used 26130K, committed 26624K, reserved 1114112K
  class space    used 3547K, committed 3776K, reserved 1048576K
}
Event: 5.762 GC heap before
{Heap before GC invocations=6 (full 0):
 garbage-first heap   total 67584K, used 44068K [0x0000000704c00000, 0x0000000800000000)
  region size 2048K, 19 young (38912K), 6 survivors (12288K)
 Metaspace       used 29441K, committed 29952K, reserved 1114112K
  class space    used 3935K, committed 4160K, reserved 1048576K
}
Event: 5.786 GC heap after
{Heap after GC invocations=7 (full 0):
 garbage-first heap   total 67584K, used 18038K [0x0000000704c00000, 0x0000000800000000)
  region size 2048K, 1 young (2048K), 1 survivors (2048K)
 Metaspace       used 29441K, committed 29952K, reserved 1114112K
  class space    used 3935K, committed 4160K, reserved 1048576K
}
Event: 6.448 GC heap before
{Heap before GC invocations=7 (full 0):
 garbage-first heap   total 67584K, used 36470K [0x0000000704c00000, 0x0000000800000000)
  region size 2048K, 12 young (24576K), 1 survivors (2048K)
 Metaspace       used 33974K, committed 34496K, reserved 1114112K
  class space    used 4508K, committed 4736K, reserved 1048576K
}
Event: 6.453 GC heap after
{Heap after GC invocations=8 (full 0):
 garbage-first heap   total 67584K, used 19674K [0x0000000704c00000, 0x0000000800000000)
  region size 2048K, 2 young (4096K), 2 survivors (4096K)
 Metaspace       used 33974K, committed 34496K, reserved 1114112K
  class space    used 4508K, committed 4736K, reserved 1048576K
}
Event: 7.684 GC heap before
{Heap before GC invocations=9 (full 0):
 garbage-first heap   total 67584K, used 54490K [0x0000000704c00000, 0x0000000800000000)
  region size 2048K, 19 young (38912K), 2 survivors (4096K)
 Metaspace       used 44564K, committed 45120K, reserved 1114112K
  class space    used 5901K, committed 6144K, reserved 1048576K
}
Event: 7.692 GC heap after
{Heap after GC invocations=10 (full 0):
 garbage-first heap   total 67584K, used 22532K [0x0000000704c00000, 0x0000000800000000)
  region size 2048K, 3 young (6144K), 3 survivors (6144K)
 Metaspace       used 44564K, committed 45120K, reserved 1114112K
  class space    used 5901K, committed 6144K, reserved 1048576K
}
Event: 8.559 GC heap before
{Heap before GC invocations=10 (full 0):
 garbage-first heap   total 67584K, used 53252K [0x0000000704c00000, 0x0000000800000000)
  region size 2048K, 18 young (36864K), 3 survivors (6144K)
 Metaspace       used 52204K, committed 52864K, reserved 1114112K
  class space    used 7101K, committed 7424K, reserved 1048576K
}
Event: 8.567 GC heap after
{Heap after GC invocations=11 (full 0):
 garbage-first heap   total 67584K, used 24467K [0x0000000704c00000, 0x0000000800000000)
  region size 2048K, 3 young (6144K), 3 survivors (6144K)
 Metaspace       used 52204K, committed 52864K, reserved 1114112K
  class space    used 7101K, committed 7424K, reserved 1048576K
}
Event: 9.379 GC heap before
{Heap before GC invocations=11 (full 0):
 garbage-first heap   total 67584K, used 49043K [0x0000000704c00000, 0x0000000800000000)
  region size 2048K, 16 young (32768K), 3 survivors (6144K)
 Metaspace       used 57224K, committed 57856K, reserved 1114112K
  class space    used 7785K, committed 8064K, reserved 1048576K
}
Event: 9.386 GC heap after
{Heap after GC invocations=12 (full 0):
 garbage-first heap   total 67584K, used 26385K [0x0000000704c00000, 0x0000000800000000)
  region size 2048K, 3 young (6144K), 3 survivors (6144K)
 Metaspace       used 57224K, committed 57856K, reserved 1114112K
  class space    used 7785K, committed 8064K, reserved 1048576K
}
Event: 9.854 GC heap before
{Heap before GC invocations=13 (full 0):
 garbage-first heap   total 67584K, used 53009K [0x0000000704c00000, 0x0000000800000000)
  region size 2048K, 16 young (32768K), 3 survivors (6144K)
 Metaspace       used 59702K, committed 60416K, reserved 1114112K
  class space    used 8205K, committed 8512K, reserved 1048576K
}
Event: 9.861 GC heap after
{Heap after GC invocations=14 (full 0):
 garbage-first heap   total 67584K, used 28160K [0x0000000704c00000, 0x0000000800000000)
  region size 2048K, 2 young (4096K), 2 survivors (4096K)
 Metaspace       used 59702K, committed 60416K, reserved 1114112K
  class space    used 8205K, committed 8512K, reserved 1048576K
}
Event: 10.479 GC heap before
{Heap before GC invocations=14 (full 0):
 garbage-first heap   total 67584K, used 56832K [0x0000000704c00000, 0x0000000800000000)
  region size 2048K, 16 young (32768K), 2 survivors (4096K)
 Metaspace       used 62735K, committed 63424K, reserved 1114112K
  class space    used 8673K, committed 8960K, reserved 1048576K
}
Event: 10.489 GC heap after
{Heap after GC invocations=15 (full 0):
 garbage-first heap   total 81920K, used 30295K [0x0000000704c00000, 0x0000000800000000)
  region size 2048K, 2 young (4096K), 2 survivors (4096K)
 Metaspace       used 62735K, committed 63424K, reserved 1114112K
  class space    used 8673K, committed 8960K, reserved 1048576K
}
Event: 11.492 GC heap before
{Heap before GC invocations=15 (full 0):
 garbage-first heap   total 81920K, used 69207K [0x0000000704c00000, 0x0000000800000000)
  region size 2048K, 22 young (45056K), 2 survivors (4096K)
 Metaspace       used 68959K, committed 69760K, reserved 1114112K
  class space    used 9328K, committed 9664K, reserved 1048576K
}
Event: 11.503 GC heap after
{Heap after GC invocations=16 (full 0):
 garbage-first heap   total 81920K, used 34255K [0x0000000704c00000, 0x0000000800000000)
  region size 2048K, 3 young (6144K), 3 survivors (6144K)
 Metaspace       used 68959K, committed 69760K, reserved 1114112K
  class space    used 9328K, committed 9664K, reserved 1048576K
}

