# JRE version: OpenJDK Runtime Environment Temurin-17.0.8.1+1 (17.0.8.1+1) (build 17.0.8.1+1)
# Java VM: OpenJDK 64-Bit Server VM Temurin-17.0.8.1+1 (17.0.8.1+1, mixed mode, tiered, compressed oops, compressed class ptrs, g1 gc, windows-amd64)
GC Precious Log:
 CPUs: 4 total, 4 available
 Memory: 16079M
 Large Page Support: Disabled
 NUMA Support: Disabled
 Compressed Oops: Enabled (Zero based)
 Heap Region Size: 2M
 Heap Min Capacity: 8M
 Heap Initial Capacity: 252M
 Heap Max Capacity: 4020M
 Pre-touch: Disabled
 Parallel Workers: 4
 Concurrent Workers: 1
 Concurrent Refinement Workers: 4
 Periodic GC: Disabled
Heap:
 garbage-first heap   total 83968K, used 41958K [0x0000000704c00000, 0x0000000800000000)
  region size 2048K, 7 young (14336K), 1 survivors (2048K)
 Metaspace       used 83745K, committed 84352K, reserved 1179648K
  class space    used 10337K, committed 10624K, reserved 1048576K
GC Heap History (20 events):
Event: 6.204 GC heap before
{Heap before GC invocations=12 (full 0):
 garbage-first heap   total 69632K, used 51957K [0x0000000704c00000, 0x0000000800000000)
  region size 2048K, 20 young (40960K), 3 survivors (6144K)
 Metaspace       used 41607K, committed 42112K, reserved 1114112K
  class space    used 4840K, committed 5056K, reserved 1048576K
}
Event: 6.215 GC heap after
{Heap after GC invocations=13 (full 0):
 garbage-first heap   total 69632K, used 19842K [0x0000000704c00000, 0x0000000800000000)
  region size 2048K, 3 young (6144K), 3 survivors (6144K)
 Metaspace       used 41607K, committed 42112K, reserved 1114112K
  class space    used 4840K, committed 5056K, reserved 1048576K
}
Event: 7.523 GC heap before
{Heap before GC invocations=13 (full 0):
 garbage-first heap   total 69632K, used 48514K [0x0000000704c00000, 0x0000000800000000)
  region size 2048K, 18 young (36864K), 3 survivors (6144K)
 Metaspace       used 50977K, committed 51456K, reserved 1114112K
  class space    used 6115K, committed 6336K, reserved 1048576K
}
Event: 7.531 GC heap after
{Heap after GC invocations=14 (full 0):
 garbage-first heap   total 69632K, used 21589K [0x0000000704c00000, 0x0000000800000000)
  region size 2048K, 3 young (6144K), 3 survivors (6144K)
 Metaspace       used 50977K, committed 51456K, reserved 1114112K
  class space    used 6115K, committed 6336K, reserved 1048576K
}
Event: 8.523 GC heap before
{Heap before GC invocations=14 (full 0):
 garbage-first heap   total 69632K, used 50261K [0x0000000704c00000, 0x0000000800000000)
  region size 2048K, 17 young (34816K), 3 survivors (6144K)
 Metaspace       used 56978K, committed 57472K, reserved 1114112K
  class space    used 6876K, committed 7104K, reserved 1048576K
}
Event: 8.532 GC heap after
{Heap after GC invocations=15 (full 0):
 garbage-first heap   total 69632K, used 23716K [0x0000000704c00000, 0x0000000800000000)
  region size 2048K, 2 young (4096K), 2 survivors (4096K)
 Metaspace       used 56978K, committed 57472K, reserved 1114112K
  class space    used 6876K, committed 7104K, reserved 1048576K
}
Event: 8.742 GC heap before
{Heap before GC invocations=15 (full 0):
 garbage-first heap   total 69632K, used 29860K [0x0000000704c00000, 0x0000000800000000)
  region size 2048K, 6 young (12288K), 2 survivors (4096K)
 Metaspace       used 59715K, committed 60160K, reserved 1114112K
  class space    used 7310K, committed 7552K, reserved 1048576K
}
Event: 8.747 GC heap after
{Heap after GC invocations=16 (full 0):
 garbage-first heap   total 69632K, used 24655K [0x0000000704c00000, 0x0000000800000000)
  region size 2048K, 2 young (4096K), 2 survivors (4096K)
 Metaspace       used 59715K, committed 60160K, reserved 1114112K
  class space    used 7310K, committed 7552K, reserved 1048576K
}
Event: 9.532 GC heap before
{Heap before GC invocations=17 (full 0):
 garbage-first heap   total 69632K, used 49231K [0x0000000704c00000, 0x0000000800000000)
  region size 2048K, 14 young (28672K), 2 survivors (4096K)
 Metaspace       used 64245K, committed 64768K, reserved 1114112K
  class space    used 8163K, committed 8384K, reserved 1048576K
}
Event: 9.537 GC heap after
{Heap after GC invocations=18 (full 0):
 garbage-first heap   total 69632K, used 25368K [0x0000000704c00000, 0x0000000800000000)
  region size 2048K, 1 young (2048K), 1 survivors (2048K)
 Metaspace       used 64245K, committed 64768K, reserved 1114112K
  class space    used 8163K, committed 8384K, reserved 1048576K
}
Event: 10.434 GC heap before
{Heap before GC invocations=18 (full 0):
 garbage-first heap   total 69632K, used 49944K [0x0000000704c00000, 0x0000000800000000)
  region size 2048K, 14 young (28672K), 1 survivors (2048K)
 Metaspace       used 68270K, committed 68736K, reserved 1114112K
  class space    used 8656K, committed 8896K, reserved 1048576K
}
Event: 10.440 GC heap after
{Heap after GC invocations=19 (full 0):
 garbage-first heap   total 69632K, used 27079K [0x0000000704c00000, 0x0000000800000000)
  region size 2048K, 2 young (4096K), 2 survivors (4096K)
 Metaspace       used 68270K, committed 68736K, reserved 1114112K
  class space    used 8656K, committed 8896K, reserved 1048576K
}
Event: 11.062 GC heap before
{Heap before GC invocations=19 (full 0):
 garbage-first heap   total 69632K, used 51655K [0x0000000704c00000, 0x0000000800000000)
  region size 2048K, 14 young (28672K), 2 survivors (4096K)
 Metaspace       used 70853K, committed 71424K, reserved 1114112K
  class space    used 9057K, committed 9344K, reserved 1048576K
}
Event: 11.071 GC heap after
{Heap after GC invocations=20 (full 0):
 garbage-first heap   total 69632K, used 28672K [0x0000000704c00000, 0x0000000800000000)
  region size 2048K, 2 young (4096K), 2 survivors (4096K)
 Metaspace       used 70853K, committed 71424K, reserved 1114112K
  class space    used 9057K, committed 9344K, reserved 1048576K
}
Event: 52.180 GC heap before
{Heap before GC invocations=20 (full 0):
 garbage-first heap   total 69632K, used 53248K [0x0000000704c00000, 0x0000000800000000)
  region size 2048K, 14 young (28672K), 2 survivors (4096K)
 Metaspace       used 73605K, committed 74112K, reserved 1114112K
  class space    used 9420K, committed 9664K, reserved 1048576K
}
Event: 52.188 GC heap after
{Heap after GC invocations=21 (full 0):
 garbage-first heap   total 69632K, used 30650K [0x0000000704c00000, 0x0000000800000000)
  region size 2048K, 2 young (4096K), 2 survivors (4096K)
 Metaspace       used 73605K, committed 74112K, reserved 1114112K
  class space    used 9420K, committed 9664K, reserved 1048576K
}
Event: 52.956 GC heap before
{Heap before GC invocations=21 (full 0):
 garbage-first heap   total 69632K, used 51130K [0x0000000704c00000, 0x0000000800000000)
  region size 2048K, 13 young (26624K), 2 survivors (4096K)
 Metaspace       used 77257K, committed 77824K, reserved 1179648K
  class space    used 9837K, committed 10112K, reserved 1048576K
}
Event: 52.967 GC heap after
{Heap after GC invocations=22 (full 0):
 garbage-first heap   total 69632K, used 33609K [0x0000000704c00000, 0x0000000800000000)
  region size 2048K, 2 young (4096K), 2 survivors (4096K)
 Metaspace       used 77257K, committed 77824K, reserved 1179648K
  class space    used 9837K, committed 10112K, reserved 1048576K
}
Event: 53.499 GC heap before
{Heap before GC invocations=22 (full 0):
 garbage-first heap   total 69632K, used 52041K [0x0000000704c00000, 0x0000000800000000)
  region size 2048K, 12 young (24576K), 2 survivors (4096K)
 Metaspace       used 82304K, committed 82880K, reserved 1179648K
  class space    used 10237K, committed 10496K, reserved 1048576K
}
Event: 53.504 GC heap after
{Heap after GC invocations=23 (full 0):
 garbage-first heap   total 83968K, used 33766K [0x0000000704c00000, 0x0000000800000000)
  region size 2048K, 1 young (2048K), 1 survivors (2048K)
 Metaspace       used 82304K, committed 82880K, reserved 1179648K
  class space    used 10237K, committed 10496K, reserved 1048576K
}

