# JRE version: OpenJDK Runtime Environment Temurin-17.0.8.1+1 (17.0.8.1+1) (build 17.0.8.1+1)
# Java VM: OpenJDK 64-Bit Server VM Temurin-17.0.8.1+1 (17.0.8.1+1, mixed mode, tiered, compressed oops, compressed class ptrs, g1 gc, windows-amd64)
GC Precious Log:
 CPUs: 4 total, 4 available
 Memory: 16079M
 Large Page Support: Disabled
 NUMA Support: Disabled
 Compressed Oops: Enabled (Zero based)
 Heap Region Size: 2M
 Heap Min Capacity: 8M
 Heap Initial Capacity: 252M
 Heap Max Capacity: 4020M
 Pre-touch: Disabled
 Parallel Workers: 4
 Concurrent Workers: 1
 Concurrent Refinement Workers: 4
 Periodic GC: Disabled
Heap:
 garbage-first heap   total 83968K, used 52493K [0x0000000704c00000, 0x0000000800000000)
  region size 2048K, 14 young (28672K), 3 survivors (6144K)
 Metaspace       used 83480K, committed 84032K, reserved 1179648K
  class space    used 10314K, committed 10560K, reserved 1048576K
GC Heap History (20 events):
Event: 6.502 GC heap before
{Heap before GC invocations=11 (full 0):
 garbage-first heap   total 69632K, used 51746K [0x0000000704c00000, 0x0000000800000000)
  region size 2048K, 20 young (40960K), 3 survivors (6144K)
 Metaspace       used 41492K, committed 41920K, reserved 1114112K
  class space    used 4814K, committed 5056K, reserved 1048576K
}
Event: 6.514 GC heap after
{Heap after GC invocations=12 (full 0):
 garbage-first heap   total 69632K, used 19702K [0x0000000704c00000, 0x0000000800000000)
  region size 2048K, 2 young (4096K), 2 survivors (4096K)
 Metaspace       used 41492K, committed 41920K, reserved 1114112K
  class space    used 4814K, committed 5056K, reserved 1048576K
}
Event: 6.578 GC heap before
{Heap before GC invocations=12 (full 0):
 garbage-first heap   total 69632K, used 21750K [0x0000000704c00000, 0x0000000800000000)
  region size 2048K, 3 young (6144K), 2 survivors (4096K)
 Metaspace       used 41821K, committed 42304K, reserved 1114112K
  class space    used 4872K, committed 5120K, reserved 1048576K
}
Event: 6.583 GC heap after
{Heap after GC invocations=13 (full 0):
 garbage-first heap   total 69632K, used 19880K [0x0000000704c00000, 0x0000000800000000)
  region size 2048K, 1 young (2048K), 1 survivors (2048K)
 Metaspace       used 41821K, committed 42304K, reserved 1114112K
  class space    used 4872K, committed 5120K, reserved 1048576K
}
Event: 7.841 GC heap before
{Heap before GC invocations=13 (full 0):
 garbage-first heap   total 69632K, used 48552K [0x0000000704c00000, 0x0000000800000000)
  region size 2048K, 15 young (30720K), 1 survivors (2048K)
 Metaspace       used 50822K, committed 51264K, reserved 1114112K
  class space    used 6096K, committed 6336K, reserved 1048576K
}
Event: 7.849 GC heap after
{Heap after GC invocations=14 (full 0):
 garbage-first heap   total 69632K, used 21073K [0x0000000704c00000, 0x0000000800000000)
  region size 2048K, 1 young (2048K), 1 survivors (2048K)
 Metaspace       used 50822K, committed 51264K, reserved 1114112K
  class space    used 6096K, committed 6336K, reserved 1048576K
}
Event: 8.867 GC heap before
{Heap before GC invocations=14 (full 0):
 garbage-first heap   total 69632K, used 47697K [0x0000000704c00000, 0x0000000800000000)
  region size 2048K, 15 young (30720K), 1 survivors (2048K)
 Metaspace       used 56847K, committed 57280K, reserved 1114112K
  class space    used 6846K, committed 7040K, reserved 1048576K
}
Event: 8.874 GC heap after
{Heap after GC invocations=15 (full 0):
 garbage-first heap   total 69632K, used 23096K [0x0000000704c00000, 0x0000000800000000)
  region size 2048K, 2 young (4096K), 2 survivors (4096K)
 Metaspace       used 56847K, committed 57280K, reserved 1114112K
  class space    used 6846K, committed 7040K, reserved 1048576K
}
Event: 9.190 GC heap before
{Heap before GC invocations=15 (full 0):
 garbage-first heap   total 69632K, used 31288K [0x0000000704c00000, 0x0000000800000000)
  region size 2048K, 7 young (14336K), 2 survivors (4096K)
 Metaspace       used 59794K, committed 60288K, reserved 1114112K
  class space    used 7328K, committed 7552K, reserved 1048576K
}
Event: 9.197 GC heap after
{Heap after GC invocations=16 (full 0):
 garbage-first heap   total 69632K, used 23648K [0x0000000704c00000, 0x0000000800000000)
  region size 2048K, 1 young (2048K), 1 survivors (2048K)
 Metaspace       used 59794K, committed 60288K, reserved 1114112K
  class space    used 7328K, committed 7552K, reserved 1048576K
}
Event: 10.144 GC heap before
{Heap before GC invocations=17 (full 0):
 garbage-first heap   total 69632K, used 48224K [0x0000000704c00000, 0x0000000800000000)
  region size 2048K, 14 young (28672K), 1 survivors (2048K)
 Metaspace       used 64798K, committed 65216K, reserved 1114112K
  class space    used 8247K, committed 8448K, reserved 1048576K
}
Event: 10.148 GC heap after
{Heap after GC invocations=18 (full 0):
 garbage-first heap   total 69632K, used 24669K [0x0000000704c00000, 0x0000000800000000)
  region size 2048K, 1 young (2048K), 1 survivors (2048K)
 Metaspace       used 64798K, committed 65216K, reserved 1114112K
  class space    used 8247K, committed 8448K, reserved 1048576K
}
Event: 10.440 GC heap before
{Heap before GC invocations=18 (full 0):
 garbage-first heap   total 69632K, used 26717K [0x0000000704c00000, 0x0000000800000000)
  region size 2048K, 2 young (4096K), 1 survivors (2048K)
 Metaspace       used 65578K, committed 66048K, reserved 1114112K
  class space    used 8314K, committed 8512K, reserved 1048576K
}
Event: 10.445 GC heap after
{Heap after GC invocations=19 (full 0):
 garbage-first heap   total 69632K, used 24411K [0x0000000704c00000, 0x0000000800000000)
  region size 2048K, 1 young (2048K), 1 survivors (2048K)
 Metaspace       used 65578K, committed 66048K, reserved 1114112K
  class space    used 8314K, committed 8512K, reserved 1048576K
}
Event: 11.229 GC heap before
{Heap before GC invocations=19 (full 0):
 garbage-first heap   total 69632K, used 53083K [0x0000000704c00000, 0x0000000800000000)
  region size 2048K, 15 young (30720K), 1 survivors (2048K)
 Metaspace       used 69431K, committed 69952K, reserved 1114112K
  class space    used 8820K, committed 9088K, reserved 1048576K
}
Event: 11.235 GC heap after
{Heap after GC invocations=20 (full 0):
 garbage-first heap   total 83968K, used 26334K [0x0000000704c00000, 0x0000000800000000)
  region size 2048K, 2 young (4096K), 2 survivors (4096K)
 Metaspace       used 69431K, committed 69952K, reserved 1114112K
  class space    used 8820K, committed 9088K, reserved 1048576K
}
Event: 12.249 GC heap before
{Heap before GC invocations=20 (full 0):
 garbage-first heap   total 83968K, used 59102K [0x0000000704c00000, 0x0000000800000000)
  region size 2048K, 19 young (38912K), 2 survivors (4096K)
 Metaspace       used 73253K, committed 73792K, reserved 1114112K
  class space    used 9376K, committed 9664K, reserved 1048576K
}
Event: 12.259 GC heap after
{Heap after GC invocations=21 (full 0):
 garbage-first heap   total 83968K, used 29461K [0x0000000704c00000, 0x0000000800000000)
  region size 2048K, 3 young (6144K), 3 survivors (6144K)
 Metaspace       used 73253K, committed 73792K, reserved 1114112K
  class space    used 9376K, committed 9664K, reserved 1048576K
}
Event: 70.190 GC heap before
{Heap before GC invocations=21 (full 0):
 garbage-first heap   total 83968K, used 62229K [0x0000000704c00000, 0x0000000800000000)
  region size 2048K, 20 young (40960K), 3 survivors (6144K)
 Metaspace       used 78892K, committed 79424K, reserved 1179648K
  class space    used 9918K, committed 10176K, reserved 1048576K
}
Event: 70.207 GC heap after
{Heap after GC invocations=22 (full 0):
 garbage-first heap   total 83968K, used 32013K [0x0000000704c00000, 0x0000000800000000)
  region size 2048K, 3 young (6144K), 3 survivors (6144K)
 Metaspace       used 78892K, committed 79424K, reserved 1179648K
  class space    used 9918K, committed 10176K, reserved 1048576K
}

