# JRE version: OpenJDK Runtime Environment Temurin-17.0.8.1+1 (17.0.8.1+1) (build 17.0.8.1+1)
# Java VM: OpenJDK 64-Bit Server VM Temurin-17.0.8.1+1 (17.0.8.1+1, mixed mode, tiered, compressed oops, compressed class ptrs, g1 gc, windows-amd64)
GC Precious Log:
 CPUs: 4 total, 4 available
 Memory: 16079M
 Large Page Support: Disabled
 NUMA Support: Disabled
 Compressed Oops: Enabled (Zero based)
 Heap Region Size: 2M
 Heap Min Capacity: 8M
 Heap Initial Capacity: 252M
 Heap Max Capacity: 4020M
 Pre-touch: Disabled
 Parallel Workers: 4
 Concurrent Workers: 1
 Concurrent Refinement Workers: 4
 Periodic GC: Disabled
Heap:
 garbage-first heap   total 75776K, used 39527K [0x0000000704c00000, 0x0000000800000000)
  region size 2048K, 4 young (8192K), 1 survivors (2048K)
 Metaspace       used 83275K, committed 83840K, reserved 1179648K
  class space    used 10285K, committed 10560K, reserved 1048576K
GC Heap History (20 events):
Event: 5.900 GC heap before
{Heap before GC invocations=9 (full 0):
 garbage-first heap   total 149504K, used 52773K [0x0000000704c00000, 0x0000000800000000)
  region size 2048K, 21 young (43008K), 1 survivors (2048K)
 Metaspace       used 35729K, committed 36096K, reserved 1114112K
  class space    used 4165K, committed 4352K, reserved 1048576K
}
Event: 5.910 GC heap after
{Heap after GC invocations=10 (full 0):
 garbage-first heap   total 149504K, used 17910K [0x0000000704c00000, 0x0000000800000000)
  region size 2048K, 3 young (6144K), 3 survivors (6144K)
 Metaspace       used 35729K, committed 36096K, reserved 1114112K
  class space    used 4165K, committed 4352K, reserved 1048576K
}
Event: 7.374 GC heap before
{Heap before GC invocations=11 (full 0):
 garbage-first heap   total 75776K, used 56822K [0x0000000704c00000, 0x0000000800000000)
  region size 2048K, 22 young (45056K), 3 survivors (6144K)
 Metaspace       used 42624K, committed 43072K, reserved 1114112K
  class space    used 4999K, committed 5248K, reserved 1048576K
}
Event: 7.382 GC heap after
{Heap after GC invocations=12 (full 0):
 garbage-first heap   total 75776K, used 20801K [0x0000000704c00000, 0x0000000800000000)
  region size 2048K, 2 young (4096K), 2 survivors (4096K)
 Metaspace       used 42624K, committed 43072K, reserved 1114112K
  class space    used 4999K, committed 5248K, reserved 1048576K
}
Event: 8.821 GC heap before
{Heap before GC invocations=12 (full 0):
 garbage-first heap   total 75776K, used 51521K [0x0000000704c00000, 0x0000000800000000)
  region size 2048K, 17 young (34816K), 2 survivors (4096K)
 Metaspace       used 52413K, committed 52864K, reserved 1114112K
  class space    used 6262K, committed 6464K, reserved 1048576K
}
Event: 8.827 GC heap after
{Heap after GC invocations=13 (full 0):
 garbage-first heap   total 75776K, used 22705K [0x0000000704c00000, 0x0000000800000000)
  region size 2048K, 3 young (6144K), 3 survivors (6144K)
 Metaspace       used 52413K, committed 52864K, reserved 1114112K
  class space    used 6262K, committed 6464K, reserved 1048576K
}
Event: 9.897 GC heap before
{Heap before GC invocations=13 (full 0):
 garbage-first heap   total 75776K, used 53425K [0x0000000704c00000, 0x0000000800000000)
  region size 2048K, 18 young (36864K), 3 survivors (6144K)
 Metaspace       used 59918K, committed 60416K, reserved 1114112K
  class space    used 7338K, committed 7552K, reserved 1048576K
}
Event: 9.905 GC heap after
{Heap after GC invocations=14 (full 0):
 garbage-first heap   total 75776K, used 25017K [0x0000000704c00000, 0x0000000800000000)
  region size 2048K, 3 young (6144K), 3 survivors (6144K)
 Metaspace       used 59918K, committed 60416K, reserved 1114112K
  class space    used 7338K, committed 7552K, reserved 1048576K
}
Event: 9.913 GC heap before
{Heap before GC invocations=14 (full 0):
 garbage-first heap   total 75776K, used 25017K [0x0000000704c00000, 0x0000000800000000)
  region size 2048K, 4 young (8192K), 3 survivors (6144K)
 Metaspace       used 59960K, committed 60416K, reserved 1114112K
  class space    used 7345K, committed 7552K, reserved 1048576K
}
Event: 9.918 GC heap after
{Heap after GC invocations=15 (full 0):
 garbage-first heap   total 75776K, used 25058K [0x0000000704c00000, 0x0000000800000000)
  region size 2048K, 2 young (4096K), 2 survivors (4096K)
 Metaspace       used 59960K, committed 60416K, reserved 1114112K
  class space    used 7345K, committed 7552K, reserved 1048576K
}
Event: 11.577 GC heap before
{Heap before GC invocations=16 (full 0):
 garbage-first heap   total 75776K, used 53730K [0x0000000704c00000, 0x0000000800000000)
  region size 2048K, 17 young (34816K), 2 survivors (4096K)
 Metaspace       used 65917K, committed 66432K, reserved 1114112K
  class space    used 8339K, committed 8576K, reserved 1048576K
}
Event: 11.582 GC heap after
{Heap after GC invocations=17 (full 0):
 garbage-first heap   total 75776K, used 26481K [0x0000000704c00000, 0x0000000800000000)
  region size 2048K, 2 young (4096K), 2 survivors (4096K)
 Metaspace       used 65917K, committed 66432K, reserved 1114112K
  class space    used 8339K, committed 8576K, reserved 1048576K
}
Event: 12.774 GC heap before
{Heap before GC invocations=17 (full 0):
 garbage-first heap   total 75776K, used 57201K [0x0000000704c00000, 0x0000000800000000)
  region size 2048K, 17 young (34816K), 2 survivors (4096K)
 Metaspace       used 69788K, committed 70336K, reserved 1114112K
  class space    used 8866K, committed 9152K, reserved 1048576K
}
Event: 12.783 GC heap after
{Heap after GC invocations=18 (full 0):
 garbage-first heap   total 75776K, used 28751K [0x0000000704c00000, 0x0000000800000000)
  region size 2048K, 2 young (4096K), 2 survivors (4096K)
 Metaspace       used 69788K, committed 70336K, reserved 1114112K
  class space    used 8866K, committed 9152K, reserved 1048576K
}
Event: 13.816 GC heap before
{Heap before GC invocations=18 (full 0):
 garbage-first heap   total 75776K, used 57423K [0x0000000704c00000, 0x0000000800000000)
  region size 2048K, 16 young (32768K), 2 survivors (4096K)
 Metaspace       used 73156K, committed 73664K, reserved 1114112K
  class space    used 9357K, committed 9600K, reserved 1048576K
}
Event: 13.827 GC heap after
{Heap after GC invocations=19 (full 0):
 garbage-first heap   total 75776K, used 31360K [0x0000000704c00000, 0x0000000800000000)
  region size 2048K, 2 young (4096K), 2 survivors (4096K)
 Metaspace       used 73156K, committed 73664K, reserved 1114112K
  class space    used 9357K, committed 9600K, reserved 1048576K
}
Event: 14.640 GC heap before
{Heap before GC invocations=19 (full 0):
 garbage-first heap   total 75776K, used 55936K [0x0000000704c00000, 0x0000000800000000)
  region size 2048K, 15 young (30720K), 2 survivors (4096K)
 Metaspace       used 76981K, committed 77504K, reserved 1179648K
  class space    used 9789K, committed 10048K, reserved 1048576K
}
Event: 14.649 GC heap after
{Heap after GC invocations=20 (full 0):
 garbage-first heap   total 75776K, used 33836K [0x0000000704c00000, 0x0000000800000000)
  region size 2048K, 2 young (4096K), 2 survivors (4096K)
 Metaspace       used 76981K, committed 77504K, reserved 1179648K
  class space    used 9789K, committed 10048K, reserved 1048576K
}
Event: 15.393 GC heap before
{Heap before GC invocations=20 (full 0):
 garbage-first heap   total 75776K, used 56364K [0x0000000704c00000, 0x0000000800000000)
  region size 2048K, 14 young (28672K), 2 survivors (4096K)
 Metaspace       used 82433K, committed 83008K, reserved 1179648K
  class space    used 10218K, committed 10496K, reserved 1048576K
}
Event: 15.400 GC heap after
{Heap after GC invocations=21 (full 0):
 garbage-first heap   total 75776K, used 35431K [0x0000000704c00000, 0x0000000800000000)
  region size 2048K, 1 young (2048K), 1 survivors (2048K)
 Metaspace       used 82433K, committed 83008K, reserved 1179648K
  class space    used 10218K, committed 10496K, reserved 1048576K
}

