# JRE version: OpenJDK Runtime Environment Temurin-17.0.8.1+1 (17.0.8.1+1) (build 17.0.8.1+1)
# Java VM: OpenJDK 64-Bit Server VM Temurin-17.0.8.1+1 (17.0.8.1+1, mixed mode, tiered, compressed oops, compressed class ptrs, g1 gc, windows-amd64)
GC Precious Log:
 CPUs: 4 total, 4 available
 Memory: 16079M
 Large Page Support: Disabled
 NUMA Support: Disabled
 Compressed Oops: Enabled (Zero based)
 Heap Region Size: 2M
 Heap Min Capacity: 8M
 Heap Initial Capacity: 252M
 Heap Max Capacity: 4020M
 Pre-touch: Disabled
 Parallel Workers: 4
 Concurrent Workers: 1
 Concurrent Refinement Workers: 4
 Periodic GC: Disabled
Heap:
 garbage-first heap   total 83968K, used 49591K [0x0000000704c00000, 0x0000000800000000)
  region size 2048K, 12 young (24576K), 2 survivors (4096K)
 Metaspace       used 87390K, committed 88000K, reserved 1179648K
  class space    used 10800K, committed 11136K, reserved 1048576K
GC Heap History (20 events):
Event: 7.120 GC heap before
{Heap before GC invocations=12 (full 0):
 garbage-first heap   total 69632K, used 21917K [0x0000000704c00000, 0x0000000800000000)
  region size 2048K, 3 young (6144K), 2 survivors (4096K)
 Metaspace       used 41714K, committed 42176K, reserved 1114112K
  class space    used 4851K, committed 5056K, reserved 1048576K
}
Event: 7.125 GC heap after
{Heap after GC invocations=13 (full 0):
 garbage-first heap   total 69632K, used 19717K [0x0000000704c00000, 0x0000000800000000)
  region size 2048K, 1 young (2048K), 1 survivors (2048K)
 Metaspace       used 41714K, committed 42176K, reserved 1114112K
  class space    used 4851K, committed 5056K, reserved 1048576K
}
Event: 8.371 GC heap before
{Heap before GC invocations=13 (full 0):
 garbage-first heap   total 69632K, used 48389K [0x0000000704c00000, 0x0000000800000000)
  region size 2048K, 15 young (30720K), 1 survivors (2048K)
 Metaspace       used 50717K, committed 51200K, reserved 1114112K
  class space    used 6083K, committed 6336K, reserved 1048576K
}
Event: 8.375 GC heap after
{Heap after GC invocations=14 (full 0):
 garbage-first heap   total 69632K, used 21011K [0x0000000704c00000, 0x0000000800000000)
  region size 2048K, 1 young (2048K), 1 survivors (2048K)
 Metaspace       used 50717K, committed 51200K, reserved 1114112K
  class space    used 6083K, committed 6336K, reserved 1048576K
}
Event: 9.501 GC heap before
{Heap before GC invocations=14 (full 0):
 garbage-first heap   total 69632K, used 49683K [0x0000000704c00000, 0x0000000800000000)
  region size 2048K, 15 young (30720K), 1 survivors (2048K)
 Metaspace       used 56772K, committed 57216K, reserved 1114112K
  class space    used 6828K, committed 7040K, reserved 1048576K
}
Event: 9.506 GC heap after
{Heap after GC invocations=15 (full 0):
 garbage-first heap   total 69632K, used 23228K [0x0000000704c00000, 0x0000000800000000)
  region size 2048K, 2 young (4096K), 2 survivors (4096K)
 Metaspace       used 56772K, committed 57216K, reserved 1114112K
  class space    used 6828K, committed 7040K, reserved 1048576K
}
Event: 9.819 GC heap before
{Heap before GC invocations=15 (full 0):
 garbage-first heap   total 69632K, used 31420K [0x0000000704c00000, 0x0000000800000000)
  region size 2048K, 7 young (14336K), 2 survivors (4096K)
 Metaspace       used 59802K, committed 60288K, reserved 1114112K
  class space    used 7325K, committed 7552K, reserved 1048576K
}
Event: 9.825 GC heap after
{Heap after GC invocations=16 (full 0):
 garbage-first heap   total 69632K, used 23835K [0x0000000704c00000, 0x0000000800000000)
  region size 2048K, 1 young (2048K), 1 survivors (2048K)
 Metaspace       used 59802K, committed 60288K, reserved 1114112K
  class space    used 7325K, committed 7552K, reserved 1048576K
}
Event: 10.836 GC heap before
{Heap before GC invocations=17 (full 0):
 garbage-first heap   total 69632K, used 50459K [0x0000000704c00000, 0x0000000800000000)
  region size 2048K, 14 young (28672K), 1 survivors (2048K)
 Metaspace       used 64798K, committed 65216K, reserved 1114112K
  class space    used 8241K, committed 8448K, reserved 1048576K
}
Event: 10.840 GC heap after
{Heap after GC invocations=18 (full 0):
 garbage-first heap   total 69632K, used 24783K [0x0000000704c00000, 0x0000000800000000)
  region size 2048K, 1 young (2048K), 1 survivors (2048K)
 Metaspace       used 64798K, committed 65216K, reserved 1114112K
  class space    used 8241K, committed 8448K, reserved 1048576K
}
Event: 11.268 GC heap before
{Heap before GC invocations=18 (full 0):
 garbage-first heap   total 69632K, used 26831K [0x0000000704c00000, 0x0000000800000000)
  region size 2048K, 2 young (4096K), 1 survivors (2048K)
 Metaspace       used 65579K, committed 66048K, reserved 1114112K
  class space    used 8307K, committed 8512K, reserved 1048576K
}
Event: 11.274 GC heap after
{Heap after GC invocations=19 (full 0):
 garbage-first heap   total 69632K, used 24479K [0x0000000704c00000, 0x0000000800000000)
  region size 2048K, 1 young (2048K), 1 survivors (2048K)
 Metaspace       used 65579K, committed 66048K, reserved 1114112K
  class space    used 8307K, committed 8512K, reserved 1048576K
}
Event: 12.271 GC heap before
{Heap before GC invocations=19 (full 0):
 garbage-first heap   total 69632K, used 53151K [0x0000000704c00000, 0x0000000800000000)
  region size 2048K, 15 young (30720K), 1 survivors (2048K)
 Metaspace       used 69435K, committed 70016K, reserved 1114112K
  class space    used 8813K, committed 9088K, reserved 1048576K
}
Event: 12.275 GC heap after
{Heap after GC invocations=20 (full 0):
 garbage-first heap   total 83968K, used 26384K [0x0000000704c00000, 0x0000000800000000)
  region size 2048K, 2 young (4096K), 2 survivors (4096K)
 Metaspace       used 69435K, committed 70016K, reserved 1114112K
  class space    used 8813K, committed 9088K, reserved 1048576K
}
Event: 13.452 GC heap before
{Heap before GC invocations=20 (full 0):
 garbage-first heap   total 83968K, used 61200K [0x0000000704c00000, 0x0000000800000000)
  region size 2048K, 19 young (38912K), 2 survivors (4096K)
 Metaspace       used 73316K, committed 73856K, reserved 1114112K
  class space    used 9378K, committed 9664K, reserved 1048576K
}
Event: 13.460 GC heap after
{Heap after GC invocations=21 (full 0):
 garbage-first heap   total 83968K, used 29686K [0x0000000704c00000, 0x0000000800000000)
  region size 2048K, 3 young (6144K), 3 survivors (6144K)
 Metaspace       used 73316K, committed 73856K, reserved 1114112K
  class space    used 9378K, committed 9664K, reserved 1048576K
}
Event: 25.132 GC heap before
{Heap before GC invocations=21 (full 0):
 garbage-first heap   total 83968K, used 62454K [0x0000000704c00000, 0x0000000800000000)
  region size 2048K, 20 young (40960K), 3 survivors (6144K)
 Metaspace       used 79157K, committed 79680K, reserved 1179648K
  class space    used 9925K, committed 10176K, reserved 1048576K
}
Event: 25.143 GC heap after
{Heap after GC invocations=22 (full 0):
 garbage-first heap   total 83968K, used 32087K [0x0000000704c00000, 0x0000000800000000)
  region size 2048K, 2 young (4096K), 2 survivors (4096K)
 Metaspace       used 79157K, committed 79680K, reserved 1179648K
  class space    used 9925K, committed 10176K, reserved 1048576K
}
Event: 31.427 GC heap before
{Heap before GC invocations=22 (full 0):
 garbage-first heap   total 83968K, used 60759K [0x0000000704c00000, 0x0000000800000000)
  region size 2048K, 17 young (34816K), 2 survivors (4096K)
 Metaspace       used 84836K, committed 85376K, reserved 1179648K
  class space    used 10500K, committed 10752K, reserved 1048576K
}
Event: 31.434 GC heap after
{Heap after GC invocations=23 (full 0):
 garbage-first heap   total 83968K, used 33207K [0x0000000704c00000, 0x0000000800000000)
  region size 2048K, 2 young (4096K), 2 survivors (4096K)
 Metaspace       used 84836K, committed 85376K, reserved 1179648K
  class space    used 10500K, committed 10752K, reserved 1048576K
}

