# JRE version: OpenJDK Runtime Environment Temurin-17.0.8.1+1 (17.0.8.1+1) (build 17.0.8.1+1)
# Java VM: OpenJDK 64-Bit Server VM Temurin-17.0.8.1+1 (17.0.8.1+1, mixed mode, tiered, compressed oops, compressed class ptrs, g1 gc, windows-amd64)
GC Precious Log:
 CPUs: 4 total, 4 available
 Memory: 16079M
 Large Page Support: Disabled
 NUMA Support: Disabled
 Compressed Oops: Enabled (Zero based)
 Heap Region Size: 2M
 Heap Min Capacity: 8M
 Heap Initial Capacity: 252M
 Heap Max Capacity: 4020M
 Pre-touch: Disabled
 Parallel Workers: 4
 Concurrent Workers: 1
 Concurrent Refinement Workers: 4
 Periodic GC: Disabled
Heap:
 garbage-first heap   total 69632K, used 46236K [0x0000000704c00000, 0x0000000800000000)
  region size 2048K, 10 young (20480K), 2 survivors (4096K)
 Metaspace       used 86149K, committed 86720K, reserved 1179648K
  class space    used 10696K, committed 10944K, reserved 1048576K
GC Heap History (20 events):
Event: 7.520 GC heap before
{Heap before GC invocations=13 (full 0):
 garbage-first heap   total 69632K, used 48364K [0x0000000704c00000, 0x0000000800000000)
  region size 2048K, 15 young (30720K), 1 survivors (2048K)
 Metaspace       used 50946K, committed 51456K, reserved 1114112K
  class space    used 6113K, committed 6336K, reserved 1048576K
}
Event: 7.524 GC heap after
{Heap after GC invocations=14 (full 0):
 garbage-first heap   total 69632K, used 20979K [0x0000000704c00000, 0x0000000800000000)
  region size 2048K, 1 young (2048K), 1 survivors (2048K)
 Metaspace       used 50946K, committed 51456K, reserved 1114112K
  class space    used 6113K, committed 6336K, reserved 1048576K
}
Event: 8.550 GC heap before
{Heap before GC invocations=14 (full 0):
 garbage-first heap   total 69632K, used 49651K [0x0000000704c00000, 0x0000000800000000)
  region size 2048K, 15 young (30720K), 1 survivors (2048K)
 Metaspace       used 57008K, committed 57472K, reserved 1114112K
  class space    used 6882K, committed 7104K, reserved 1048576K
}
Event: 8.555 GC heap after
{Heap after GC invocations=15 (full 0):
 garbage-first heap   total 69632K, used 22988K [0x0000000704c00000, 0x0000000800000000)
  region size 2048K, 2 young (4096K), 2 survivors (4096K)
 Metaspace       used 57008K, committed 57472K, reserved 1114112K
  class space    used 6882K, committed 7104K, reserved 1048576K
}
Event: 8.764 GC heap before
{Heap before GC invocations=15 (full 0):
 garbage-first heap   total 69632K, used 27084K [0x0000000704c00000, 0x0000000800000000)
  region size 2048K, 6 young (12288K), 2 survivors (4096K)
 Metaspace       used 59853K, committed 60288K, reserved 1114112K
  class space    used 7333K, committed 7552K, reserved 1048576K
}
Event: 8.770 GC heap after
{Heap after GC invocations=16 (full 0):
 garbage-first heap   total 69632K, used 23553K [0x0000000704c00000, 0x0000000800000000)
  region size 2048K, 2 young (4096K), 2 survivors (4096K)
 Metaspace       used 59853K, committed 60288K, reserved 1114112K
  class space    used 7333K, committed 7552K, reserved 1048576K
}
Event: 9.614 GC heap before
{Heap before GC invocations=17 (full 0):
 garbage-first heap   total 69632K, used 48129K [0x0000000704c00000, 0x0000000800000000)
  region size 2048K, 14 young (28672K), 2 survivors (4096K)
 Metaspace       used 64371K, committed 64896K, reserved 1114112K
  class space    used 8178K, committed 8384K, reserved 1048576K
}
Event: 9.618 GC heap after
{Heap after GC invocations=18 (full 0):
 garbage-first heap   total 69632K, used 24540K [0x0000000704c00000, 0x0000000800000000)
  region size 2048K, 1 young (2048K), 1 survivors (2048K)
 Metaspace       used 64371K, committed 64896K, reserved 1114112K
  class space    used 8178K, committed 8384K, reserved 1048576K
}
Event: 9.668 GC heap before
{Heap before GC invocations=18 (full 0):
 garbage-first heap   total 69632K, used 24540K [0x0000000704c00000, 0x0000000800000000)
  region size 2048K, 2 young (4096K), 1 survivors (2048K)
 Metaspace       used 64738K, committed 65216K, reserved 1114112K
  class space    used 8243K, committed 8448K, reserved 1048576K
}
Event: 9.674 GC heap after
{Heap after GC invocations=19 (full 0):
 garbage-first heap   total 69632K, used 24491K [0x0000000704c00000, 0x0000000800000000)
  region size 2048K, 1 young (2048K), 1 survivors (2048K)
 Metaspace       used 64738K, committed 65216K, reserved 1114112K
  class space    used 8243K, committed 8448K, reserved 1048576K
}
Event: 11.276 GC heap before
{Heap before GC invocations=19 (full 0):
 garbage-first heap   total 69632K, used 49067K [0x0000000704c00000, 0x0000000800000000)
  region size 2048K, 14 young (28672K), 1 survivors (2048K)
 Metaspace       used 69173K, committed 69696K, reserved 1114112K
  class space    used 8788K, committed 9088K, reserved 1048576K
}
Event: 11.283 GC heap after
{Heap after GC invocations=20 (full 0):
 garbage-first heap   total 69632K, used 26260K [0x0000000704c00000, 0x0000000800000000)
  region size 2048K, 2 young (4096K), 2 survivors (4096K)
 Metaspace       used 69173K, committed 69696K, reserved 1114112K
  class space    used 8788K, committed 9088K, reserved 1048576K
}
Event: 12.432 GC heap before
{Heap before GC invocations=20 (full 0):
 garbage-first heap   total 69632K, used 50836K [0x0000000704c00000, 0x0000000800000000)
  region size 2048K, 14 young (28672K), 2 survivors (4096K)
 Metaspace       used 71823K, committed 72448K, reserved 1114112K
  class space    used 9174K, committed 9472K, reserved 1048576K
}
Event: 12.441 GC heap after
{Heap after GC invocations=21 (full 0):
 garbage-first heap   total 69632K, used 28298K [0x0000000704c00000, 0x0000000800000000)
  region size 2048K, 2 young (4096K), 2 survivors (4096K)
 Metaspace       used 71823K, committed 72448K, reserved 1114112K
  class space    used 9174K, committed 9472K, reserved 1048576K
}
Event: 13.377 GC heap before
{Heap before GC invocations=21 (full 0):
 garbage-first heap   total 69632K, used 52874K [0x0000000704c00000, 0x0000000800000000)
  region size 2048K, 14 young (28672K), 2 survivors (4096K)
 Metaspace       used 74835K, committed 75328K, reserved 1179648K
  class space    used 9558K, committed 9792K, reserved 1048576K
}
Event: 13.388 GC heap after
{Heap after GC invocations=22 (full 0):
 garbage-first heap   total 69632K, used 30349K [0x0000000704c00000, 0x0000000800000000)
  region size 2048K, 2 young (4096K), 2 survivors (4096K)
 Metaspace       used 74835K, committed 75328K, reserved 1179648K
  class space    used 9558K, committed 9792K, reserved 1048576K
}
Event: 14.432 GC heap before
{Heap before GC invocations=22 (full 0):
 garbage-first heap   total 69632K, used 50829K [0x0000000704c00000, 0x0000000800000000)
  region size 2048K, 13 young (26624K), 2 survivors (4096K)
 Metaspace       used 78622K, committed 79168K, reserved 1179648K
  class space    used 9891K, committed 10176K, reserved 1048576K
}
Event: 14.444 GC heap after
{Heap after GC invocations=23 (full 0):
 garbage-first heap   total 69632K, used 32310K [0x0000000704c00000, 0x0000000800000000)
  region size 2048K, 2 young (4096K), 2 survivors (4096K)
 Metaspace       used 78622K, committed 79168K, reserved 1179648K
  class space    used 9891K, committed 10176K, reserved 1048576K
}
Event: 15.197 GC heap before
{Heap before GC invocations=23 (full 0):
 garbage-first heap   total 69632K, used 52790K [0x0000000704c00000, 0x0000000800000000)
  region size 2048K, 13 young (26624K), 2 survivors (4096K)
 Metaspace       used 83063K, committed 83648K, reserved 1179648K
  class space    used 10270K, committed 10560K, reserved 1048576K
}
Event: 15.203 GC heap after
{Heap after GC invocations=24 (full 0):
 garbage-first heap   total 69632K, used 33948K [0x0000000704c00000, 0x0000000800000000)
  region size 2048K, 2 young (4096K), 2 survivors (4096K)
 Metaspace       used 83063K, committed 83648K, reserved 1179648K
  class space    used 10270K, committed 10560K, reserved 1048576K
}

