# JRE version: OpenJDK Runtime Environment Temurin-17.0.8.1+1 (17.0.8.1+1) (build 17.0.8.1+1)
# Java VM: OpenJDK 64-Bit Server VM Temurin-17.0.8.1+1 (17.0.8.1+1, mixed mode, tiered, compressed oops, compressed class ptrs, g1 gc, windows-amd64)
GC Precious Log:
 CPUs: 4 total, 4 available
 Memory: 16079M
 Large Page Support: Disabled
 NUMA Support: Disabled
 Compressed Oops: Enabled (Zero based)
 Heap Region Size: 2M
 Heap Min Capacity: 8M
 Heap Initial Capacity: 252M
 Heap Max Capacity: 4020M
 Pre-touch: Disabled
 Parallel Workers: 4
 Concurrent Workers: 1
 Concurrent Refinement Workers: 4
 Periodic GC: Disabled
Heap:
 garbage-first heap   total 69632K, used 38384K [0x0000000704c00000, 0x0000000800000000)
  region size 2048K, 5 young (10240K), 2 survivors (4096K)
 Metaspace       used 83032K, committed 83584K, reserved 1179648K
  class space    used 10270K, committed 10560K, reserved 1048576K
GC Heap History (20 events):
Event: 6.851 GC heap before
{Heap before GC invocations=11 (full 0):
 garbage-first heap   total 69632K, used 52432K [0x0000000704c00000, 0x0000000800000000)
  region size 2048K, 20 young (40960K), 3 survivors (6144K)
 Metaspace       used 41664K, committed 42112K, reserved 1114112K
  class space    used 4847K, committed 5056K, reserved 1048576K
}
Event: 6.861 GC heap after
{Heap after GC invocations=12 (full 0):
 garbage-first heap   total 69632K, used 20532K [0x0000000704c00000, 0x0000000800000000)
  region size 2048K, 2 young (4096K), 2 survivors (4096K)
 Metaspace       used 41664K, committed 42112K, reserved 1114112K
  class space    used 4847K, committed 5056K, reserved 1048576K
}
Event: 7.871 GC heap before
{Heap before GC invocations=12 (full 0):
 garbage-first heap   total 69632K, used 49204K [0x0000000704c00000, 0x0000000800000000)
  region size 2048K, 16 young (32768K), 2 survivors (4096K)
 Metaspace       used 50044K, committed 50560K, reserved 1114112K
  class space    used 6009K, committed 6272K, reserved 1048576K
}
Event: 7.878 GC heap after
{Heap after GC invocations=13 (full 0):
 garbage-first heap   total 69632K, used 22290K [0x0000000704c00000, 0x0000000800000000)
  region size 2048K, 1 young (2048K), 1 survivors (2048K)
 Metaspace       used 50044K, committed 50560K, reserved 1114112K
  class space    used 6009K, committed 6272K, reserved 1048576K
}
Event: 9.003 GC heap before
{Heap before GC invocations=13 (full 0):
 garbage-first heap   total 69632K, used 48914K [0x0000000704c00000, 0x0000000800000000)
  region size 2048K, 15 young (30720K), 1 survivors (2048K)
 Metaspace       used 56612K, committed 57088K, reserved 1114112K
  class space    used 6805K, committed 7040K, reserved 1048576K
}
Event: 9.011 GC heap after
{Heap after GC invocations=14 (full 0):
 garbage-first heap   total 69632K, used 24243K [0x0000000704c00000, 0x0000000800000000)
  region size 2048K, 2 young (4096K), 2 survivors (4096K)
 Metaspace       used 56612K, committed 57088K, reserved 1114112K
  class space    used 6805K, committed 7040K, reserved 1048576K
}
Event: 9.302 GC heap before
{Heap before GC invocations=14 (full 0):
 garbage-first heap   total 69632K, used 32435K [0x0000000704c00000, 0x0000000800000000)
  region size 2048K, 7 young (14336K), 2 survivors (4096K)
 Metaspace       used 59670K, committed 60160K, reserved 1114112K
  class space    used 7306K, committed 7552K, reserved 1048576K
}
Event: 9.307 GC heap after
{Heap after GC invocations=15 (full 0):
 garbage-first heap   total 69632K, used 24756K [0x0000000704c00000, 0x0000000800000000)
  region size 2048K, 1 young (2048K), 1 survivors (2048K)
 Metaspace       used 59670K, committed 60160K, reserved 1114112K
  class space    used 7306K, committed 7552K, reserved 1048576K
}
Event: 10.196 GC heap before
{Heap before GC invocations=16 (full 0):
 garbage-first heap   total 69632K, used 47284K [0x0000000704c00000, 0x0000000800000000)
  region size 2048K, 13 young (26624K), 1 survivors (2048K)
 Metaspace       used 64347K, committed 64832K, reserved 1114112K
  class space    used 8173K, committed 8384K, reserved 1048576K
}
Event: 10.200 GC heap after
{Heap after GC invocations=17 (full 0):
 garbage-first heap   total 69632K, used 25661K [0x0000000704c00000, 0x0000000800000000)
  region size 2048K, 1 young (2048K), 1 survivors (2048K)
 Metaspace       used 64347K, committed 64832K, reserved 1114112K
  class space    used 8173K, committed 8384K, reserved 1048576K
}
Event: 11.311 GC heap before
{Heap before GC invocations=17 (full 0):
 garbage-first heap   total 69632K, used 52285K [0x0000000704c00000, 0x0000000800000000)
  region size 2048K, 14 young (28672K), 1 survivors (2048K)
 Metaspace       used 69107K, committed 69568K, reserved 1114112K
  class space    used 8755K, committed 8960K, reserved 1048576K
}
Event: 11.318 GC heap after
{Heap after GC invocations=18 (full 0):
 garbage-first heap   total 69632K, used 27933K [0x0000000704c00000, 0x0000000800000000)
  region size 2048K, 2 young (4096K), 2 survivors (4096K)
 Metaspace       used 69107K, committed 69568K, reserved 1114112K
  class space    used 8755K, committed 8960K, reserved 1048576K
}
Event: 11.943 GC heap before
{Heap before GC invocations=18 (full 0):
 garbage-first heap   total 69632K, used 52509K [0x0000000704c00000, 0x0000000800000000)
  region size 2048K, 14 young (28672K), 2 survivors (4096K)
 Metaspace       used 71355K, committed 71872K, reserved 1114112K
  class space    used 9116K, committed 9408K, reserved 1048576K
}
Event: 11.953 GC heap after
{Heap after GC invocations=19 (full 0):
 garbage-first heap   total 69632K, used 29866K [0x0000000704c00000, 0x0000000800000000)
  region size 2048K, 1 young (2048K), 1 survivors (2048K)
 Metaspace       used 71355K, committed 71872K, reserved 1114112K
  class space    used 9116K, committed 9408K, reserved 1048576K
}
Event: 20.738 GC heap before
{Heap before GC invocations=19 (full 0):
 garbage-first heap   total 69632K, used 52394K [0x0000000704c00000, 0x0000000800000000)
  region size 2048K, 13 young (26624K), 1 survivors (2048K)
 Metaspace       used 74433K, committed 74944K, reserved 1114112K
  class space    used 9511K, committed 9728K, reserved 1048576K
}
Event: 20.744 GC heap after
{Heap after GC invocations=20 (full 0):
 garbage-first heap   total 69632K, used 31422K [0x0000000704c00000, 0x0000000800000000)
  region size 2048K, 2 young (4096K), 2 survivors (4096K)
 Metaspace       used 74433K, committed 74944K, reserved 1114112K
  class space    used 9511K, committed 9728K, reserved 1048576K
}
Event: 21.469 GC heap before
{Heap before GC invocations=20 (full 0):
 garbage-first heap   total 69632K, used 51902K [0x0000000704c00000, 0x0000000800000000)
  region size 2048K, 13 young (26624K), 2 survivors (4096K)
 Metaspace       used 78220K, committed 78784K, reserved 1179648K
  class space    used 9845K, committed 10112K, reserved 1048576K
}
Event: 21.478 GC heap after
{Heap after GC invocations=21 (full 0):
 garbage-first heap   total 69632K, used 33549K [0x0000000704c00000, 0x0000000800000000)
  region size 2048K, 2 young (4096K), 2 survivors (4096K)
 Metaspace       used 78220K, committed 78784K, reserved 1179648K
  class space    used 9845K, committed 10112K, reserved 1048576K
}
Event: 22.111 GC heap before
{Heap before GC invocations=21 (full 0):
 garbage-first heap   total 69632K, used 49933K [0x0000000704c00000, 0x0000000800000000)
  region size 2048K, 11 young (22528K), 2 survivors (4096K)
 Metaspace       used 82323K, committed 82944K, reserved 1179648K
  class space    used 10201K, committed 10496K, reserved 1048576K
}
Event: 22.115 GC heap after
{Heap after GC invocations=22 (full 0):
 garbage-first heap   total 69632K, used 34288K [0x0000000704c00000, 0x0000000800000000)
  region size 2048K, 2 young (4096K), 2 survivors (4096K)
 Metaspace       used 82323K, committed 82944K, reserved 1179648K
  class space    used 10201K, committed 10496K, reserved 1048576K
}

