# JRE version: OpenJDK Runtime Environment Temurin-17.0.8.1+1 (17.0.8.1+1) (build 17.0.8.1+1)
# Java VM: OpenJDK 64-Bit Server VM Temurin-17.0.8.1+1 (17.0.8.1+1, mixed mode, tiered, compressed oops, compressed class ptrs, g1 gc, windows-amd64)
GC Precious Log:
 CPUs: 4 total, 4 available
 Memory: 16079M
 Large Page Support: Disabled
 NUMA Support: Disabled
 Compressed Oops: Enabled (Zero based)
 Heap Region Size: 2M
 Heap Min Capacity: 8M
 Heap Initial Capacity: 252M
 Heap Max Capacity: 4020M
 Pre-touch: Disabled
 Parallel Workers: 4
 Concurrent Workers: 1
 Concurrent Refinement Workers: 4
 Periodic GC: Disabled
Heap:
 garbage-first heap   total 69632K, used 44684K [0x0000000704c00000, 0x0000000800000000)
  region size 2048K, 9 young (18432K), 1 survivors (2048K)
 Metaspace       used 83474K, committed 84032K, reserved 1179648K
  class space    used 10315K, committed 10560K, reserved 1048576K
GC Heap History (20 events):
Event: 6.675 GC heap before
{Heap before GC invocations=14 (full 0):
 garbage-first heap   total 69632K, used 22054K [0x0000000704c00000, 0x0000000800000000)
  region size 2048K, 4 young (8192K), 3 survivors (6144K)
 Metaspace       used 42104K, committed 42496K, reserved 1114112K
  class space    used 4911K, committed 5120K, reserved 1048576K
}
Event: 6.685 GC heap after
{Heap after GC invocations=15 (full 0):
 garbage-first heap   total 69632K, used 20036K [0x0000000704c00000, 0x0000000800000000)
  region size 2048K, 1 young (2048K), 1 survivors (2048K)
 Metaspace       used 42104K, committed 42496K, reserved 1114112K
  class space    used 4911K, committed 5120K, reserved 1048576K
}
Event: 7.737 GC heap before
{Heap before GC invocations=15 (full 0):
 garbage-first heap   total 69632K, used 48708K [0x0000000704c00000, 0x0000000800000000)
  region size 2048K, 15 young (30720K), 1 survivors (2048K)
 Metaspace       used 51316K, committed 51712K, reserved 1114112K
  class space    used 6143K, committed 6336K, reserved 1048576K
}
Event: 7.741 GC heap after
{Heap after GC invocations=16 (full 0):
 garbage-first heap   total 69632K, used 20933K [0x0000000704c00000, 0x0000000800000000)
  region size 2048K, 1 young (2048K), 1 survivors (2048K)
 Metaspace       used 51316K, committed 51712K, reserved 1114112K
  class space    used 6143K, committed 6336K, reserved 1048576K
}
Event: 8.786 GC heap before
{Heap before GC invocations=16 (full 0):
 garbage-first heap   total 69632K, used 51653K [0x0000000704c00000, 0x0000000800000000)
  region size 2048K, 16 young (32768K), 1 survivors (2048K)
 Metaspace       used 57980K, committed 58432K, reserved 1114112K
  class space    used 6987K, committed 7168K, reserved 1048576K
}
Event: 8.791 GC heap after
{Heap after GC invocations=17 (full 0):
 garbage-first heap   total 69632K, used 23285K [0x0000000704c00000, 0x0000000800000000)
  region size 2048K, 2 young (4096K), 2 survivors (4096K)
 Metaspace       used 57980K, committed 58432K, reserved 1114112K
  class space    used 6987K, committed 7168K, reserved 1048576K
}
Event: 8.938 GC heap before
{Heap before GC invocations=17 (full 0):
 garbage-first heap   total 69632K, used 27381K [0x0000000704c00000, 0x0000000800000000)
  region size 2048K, 5 young (10240K), 2 survivors (4096K)
 Metaspace       used 59793K, committed 60288K, reserved 1114112K
  class space    used 7335K, committed 7552K, reserved 1048576K
}
Event: 8.943 GC heap after
{Heap after GC invocations=18 (full 0):
 garbage-first heap   total 69632K, used 23906K [0x0000000704c00000, 0x0000000800000000)
  region size 2048K, 1 young (2048K), 1 survivors (2048K)
 Metaspace       used 59793K, committed 60288K, reserved 1114112K
  class space    used 7335K, committed 7552K, reserved 1048576K
}
Event: 9.900 GC heap before
{Heap before GC invocations=19 (full 0):
 garbage-first heap   total 69632K, used 52578K [0x0000000704c00000, 0x0000000800000000)
  region size 2048K, 15 young (30720K), 1 survivors (2048K)
 Metaspace       used 65515K, committed 66048K, reserved 1114112K
  class space    used 8310K, committed 8576K, reserved 1048576K
}
Event: 9.904 GC heap after
{Heap after GC invocations=20 (full 0):
 garbage-first heap   total 69632K, used 24683K [0x0000000704c00000, 0x0000000800000000)
  region size 2048K, 1 young (2048K), 1 survivors (2048K)
 Metaspace       used 65515K, committed 66048K, reserved 1114112K
  class space    used 8310K, committed 8576K, reserved 1048576K
}
Event: 10.105 GC heap before
{Heap before GC invocations=20 (full 0):
 garbage-first heap   total 69632K, used 26731K [0x0000000704c00000, 0x0000000800000000)
  region size 2048K, 2 young (4096K), 1 survivors (2048K)
 Metaspace       used 65735K, committed 66304K, reserved 1114112K
  class space    used 8333K, committed 8640K, reserved 1048576K
}
Event: 10.111 GC heap after
{Heap after GC invocations=21 (full 0):
 garbage-first heap   total 69632K, used 24740K [0x0000000704c00000, 0x0000000800000000)
  region size 2048K, 1 young (2048K), 1 survivors (2048K)
 Metaspace       used 65735K, committed 66304K, reserved 1114112K
  class space    used 8333K, committed 8640K, reserved 1048576K
}
Event: 10.886 GC heap before
{Heap before GC invocations=21 (full 0):
 garbage-first heap   total 69632K, used 53412K [0x0000000704c00000, 0x0000000800000000)
  region size 2048K, 15 young (30720K), 1 survivors (2048K)
 Metaspace       used 69544K, committed 70016K, reserved 1114112K
  class space    used 8841K, committed 9088K, reserved 1048576K
}
Event: 10.891 GC heap after
{Heap after GC invocations=22 (full 0):
 garbage-first heap   total 69632K, used 26553K [0x0000000704c00000, 0x0000000800000000)
  region size 2048K, 2 young (4096K), 2 survivors (4096K)
 Metaspace       used 69544K, committed 70016K, reserved 1114112K
  class space    used 8841K, committed 9088K, reserved 1048576K
}
Event: 11.703 GC heap before
{Heap before GC invocations=22 (full 0):
 garbage-first heap   total 69632K, used 53177K [0x0000000704c00000, 0x0000000800000000)
  region size 2048K, 15 young (30720K), 2 survivors (4096K)
 Metaspace       used 72456K, committed 73024K, reserved 1114112K
  class space    used 9270K, committed 9536K, reserved 1048576K
}
Event: 11.710 GC heap after
{Heap after GC invocations=23 (full 0):
 garbage-first heap   total 69632K, used 28818K [0x0000000704c00000, 0x0000000800000000)
  region size 2048K, 2 young (4096K), 2 survivors (4096K)
 Metaspace       used 72456K, committed 73024K, reserved 1114112K
  class space    used 9270K, committed 9536K, reserved 1048576K
}
Event: 34.368 GC heap before
{Heap before GC invocations=23 (full 0):
 garbage-first heap   total 69632K, used 53394K [0x0000000704c00000, 0x0000000800000000)
  region size 2048K, 14 young (28672K), 2 survivors (4096K)
 Metaspace       used 75842K, committed 76416K, reserved 1179648K
  class space    used 9690K, committed 9984K, reserved 1048576K
}
Event: 34.381 GC heap after
{Heap after GC invocations=24 (full 0):
 garbage-first heap   total 69632K, used 31033K [0x0000000704c00000, 0x0000000800000000)
  region size 2048K, 2 young (4096K), 2 survivors (4096K)
 Metaspace       used 75842K, committed 76416K, reserved 1179648K
  class space    used 9690K, committed 9984K, reserved 1048576K
}
Event: 35.063 GC heap before
{Heap before GC invocations=24 (full 0):
 garbage-first heap   total 69632K, used 51513K [0x0000000704c00000, 0x0000000800000000)
  region size 2048K, 13 young (26624K), 2 survivors (4096K)
 Metaspace       used 80483K, committed 81024K, reserved 1179648K
  class space    used 10065K, committed 10304K, reserved 1048576K
}
Event: 35.071 GC heap after
{Heap after GC invocations=25 (full 0):
 garbage-first heap   total 69632K, used 32396K [0x0000000704c00000, 0x0000000800000000)
  region size 2048K, 1 young (2048K), 1 survivors (2048K)
 Metaspace       used 80483K, committed 81024K, reserved 1179648K
  class space    used 10065K, committed 10304K, reserved 1048576K
}

