# JRE version: OpenJDK Runtime Environment Temurin-17.0.8.1+1 (17.0.8.1+1) (build 17.0.8.1+1)
# Java VM: OpenJDK 64-Bit Server VM Temurin-17.0.8.1+1 (17.0.8.1+1, mixed mode, tiered, compressed oops, compressed class ptrs, g1 gc, windows-amd64)
GC Precious Log:
 CPUs: 4 total, 4 available
 Memory: 16079M
 Large Page Support: Disabled
 NUMA Support: Disabled
 Compressed Oops: Enabled (Zero based)
 Heap Region Size: 2M
 Heap Min Capacity: 8M
 Heap Initial Capacity: 252M
 Heap Max Capacity: 4020M
 Pre-touch: Disabled
 Parallel Workers: 4
 Concurrent Workers: 1
 Concurrent Refinement Workers: 4
 Periodic GC: Disabled
Heap:
 garbage-first heap   total 69632K, used 40193K [0x0000000704c00000, 0x0000000800000000)
  region size 2048K, 6 young (12288K), 2 survivors (4096K)
 Metaspace       used 83148K, committed 83712K, reserved 1179648K
  class space    used 10279K, committed 10560K, reserved 1048576K
GC Heap History (20 events):
Event: 6.807 GC heap before
{Heap before GC invocations=10 (full 0):
 garbage-first heap   total 69632K, used 52137K [0x0000000704c00000, 0x0000000800000000)
  region size 2048K, 20 young (40960K), 3 survivors (6144K)
 Metaspace       used 41535K, committed 41984K, reserved 1114112K
  class space    used 4822K, committed 5056K, reserved 1048576K
}
Event: 6.817 GC heap after
{Heap after GC invocations=11 (full 0):
 garbage-first heap   total 69632K, used 20053K [0x0000000704c00000, 0x0000000800000000)
  region size 2048K, 2 young (4096K), 2 survivors (4096K)
 Metaspace       used 41535K, committed 41984K, reserved 1114112K
  class space    used 4822K, committed 5056K, reserved 1048576K
}
Event: 7.881 GC heap before
{Heap before GC invocations=11 (full 0):
 garbage-first heap   total 69632K, used 46677K [0x0000000704c00000, 0x0000000800000000)
  region size 2048K, 16 young (32768K), 2 survivors (4096K)
 Metaspace       used 49286K, committed 49728K, reserved 1114112K
  class space    used 5889K, committed 6080K, reserved 1048576K
}
Event: 7.890 GC heap after
{Heap after GC invocations=12 (full 0):
 garbage-first heap   total 69632K, used 21831K [0x0000000704c00000, 0x0000000800000000)
  region size 2048K, 1 young (2048K), 1 survivors (2048K)
 Metaspace       used 49286K, committed 49728K, reserved 1114112K
  class space    used 5889K, committed 6080K, reserved 1048576K
}
Event: 9.006 GC heap before
{Heap before GC invocations=12 (full 0):
 garbage-first heap   total 69632K, used 48455K [0x0000000704c00000, 0x0000000800000000)
  region size 2048K, 14 young (28672K), 1 survivors (2048K)
 Metaspace       used 56171K, committed 56640K, reserved 1114112K
  class space    used 6749K, committed 6976K, reserved 1048576K
}
Event: 9.013 GC heap after
{Heap after GC invocations=13 (full 0):
 garbage-first heap   total 69632K, used 23724K [0x0000000704c00000, 0x0000000800000000)
  region size 2048K, 2 young (4096K), 2 survivors (4096K)
 Metaspace       used 56171K, committed 56640K, reserved 1114112K
  class space    used 6749K, committed 6976K, reserved 1048576K
}
Event: 9.421 GC heap before
{Heap before GC invocations=13 (full 0):
 garbage-first heap   total 69632K, used 33964K [0x0000000704c00000, 0x0000000800000000)
  region size 2048K, 8 young (16384K), 2 survivors (4096K)
 Metaspace       used 59685K, committed 60160K, reserved 1114112K
  class space    used 7307K, committed 7552K, reserved 1048576K
}
Event: 9.428 GC heap after
{Heap after GC invocations=14 (full 0):
 garbage-first heap   total 69632K, used 24545K [0x0000000704c00000, 0x0000000800000000)
  region size 2048K, 2 young (4096K), 2 survivors (4096K)
 Metaspace       used 59685K, committed 60160K, reserved 1114112K
  class space    used 7307K, committed 7552K, reserved 1048576K
}
Event: 10.351 GC heap before
{Heap before GC invocations=15 (full 0):
 garbage-first heap   total 69632K, used 49121K [0x0000000704c00000, 0x0000000800000000)
  region size 2048K, 15 young (30720K), 2 survivors (4096K)
 Metaspace       used 64776K, committed 65280K, reserved 1114112K
  class space    used 8229K, committed 8448K, reserved 1048576K
}
Event: 10.356 GC heap after
{Heap after GC invocations=16 (full 0):
 garbage-first heap   total 69632K, used 25659K [0x0000000704c00000, 0x0000000800000000)
  region size 2048K, 2 young (4096K), 2 survivors (4096K)
 Metaspace       used 64776K, committed 65280K, reserved 1114112K
  class space    used 8229K, committed 8448K, reserved 1048576K
}
Event: 11.347 GC heap before
{Heap before GC invocations=16 (full 0):
 garbage-first heap   total 69632K, used 50235K [0x0000000704c00000, 0x0000000800000000)
  region size 2048K, 14 young (28672K), 2 survivors (4096K)
 Metaspace       used 69143K, committed 69696K, reserved 1114112K
  class space    used 8754K, committed 9024K, reserved 1048576K
}
Event: 11.355 GC heap after
{Heap after GC invocations=17 (full 0):
 garbage-first heap   total 69632K, used 27592K [0x0000000704c00000, 0x0000000800000000)
  region size 2048K, 2 young (4096K), 2 survivors (4096K)
 Metaspace       used 69143K, committed 69696K, reserved 1114112K
  class space    used 8754K, committed 9024K, reserved 1048576K
}
Event: 12.008 GC heap before
{Heap before GC invocations=17 (full 0):
 garbage-first heap   total 69632K, used 52168K [0x0000000704c00000, 0x0000000800000000)
  region size 2048K, 14 young (28672K), 2 survivors (4096K)
 Metaspace       used 71436K, committed 72000K, reserved 1114112K
  class space    used 9118K, committed 9408K, reserved 1048576K
}
Event: 12.015 GC heap after
{Heap after GC invocations=18 (full 0):
 garbage-first heap   total 69632K, used 29399K [0x0000000704c00000, 0x0000000800000000)
  region size 2048K, 1 young (2048K), 1 survivors (2048K)
 Metaspace       used 71436K, committed 72000K, reserved 1114112K
  class space    used 9118K, committed 9408K, reserved 1048576K
}
Event: 23.508 GC heap before
{Heap before GC invocations=18 (full 0):
 garbage-first heap   total 69632K, used 53975K [0x0000000704c00000, 0x0000000800000000)
  region size 2048K, 13 young (26624K), 1 survivors (2048K)
 Metaspace       used 74477K, committed 74944K, reserved 1114112K
  class space    used 9511K, committed 9728K, reserved 1048576K
}
Event: 23.515 GC heap after
{Heap after GC invocations=19 (full 0):
 garbage-first heap   total 69632K, used 31294K [0x0000000704c00000, 0x0000000800000000)
  region size 2048K, 2 young (4096K), 2 survivors (4096K)
 Metaspace       used 74477K, committed 74944K, reserved 1114112K
  class space    used 9511K, committed 9728K, reserved 1048576K
}
Event: 24.538 GC heap before
{Heap before GC invocations=19 (full 0):
 garbage-first heap   total 69632K, used 51774K [0x0000000704c00000, 0x0000000800000000)
  region size 2048K, 13 young (26624K), 2 survivors (4096K)
 Metaspace       used 78211K, committed 78784K, reserved 1179648K
  class space    used 9840K, committed 10112K, reserved 1048576K
}
Event: 24.548 GC heap after
{Heap after GC invocations=20 (full 0):
 garbage-first heap   total 69632K, used 33326K [0x0000000704c00000, 0x0000000800000000)
  region size 2048K, 2 young (4096K), 2 survivors (4096K)
 Metaspace       used 78211K, committed 78784K, reserved 1179648K
  class space    used 9840K, committed 10112K, reserved 1048576K
}
Event: 25.339 GC heap before
{Heap before GC invocations=20 (full 0):
 garbage-first heap   total 69632K, used 49710K [0x0000000704c00000, 0x0000000800000000)
  region size 2048K, 11 young (22528K), 2 survivors (4096K)
 Metaspace       used 82400K, committed 83008K, reserved 1179648K
  class space    used 10206K, committed 10496K, reserved 1048576K
}
Event: 25.345 GC heap after
{Heap after GC invocations=21 (full 0):
 garbage-first heap   total 69632K, used 34049K [0x0000000704c00000, 0x0000000800000000)
  region size 2048K, 2 young (4096K), 2 survivors (4096K)
 Metaspace       used 82400K, committed 83008K, reserved 1179648K
  class space    used 10206K, committed 10496K, reserved 1048576K
}

