# JRE version: OpenJDK Runtime Environment Temurin-17.0.8.1+1 (17.0.8.1+1) (build 17.0.8.1+1)
# Java VM: OpenJDK 64-Bit Server VM Temurin-17.0.8.1+1 (17.0.8.1+1, mixed mode, tiered, compressed oops, compressed class ptrs, g1 gc, windows-amd64)
GC Precious Log:
 CPUs: 4 total, 4 available
 Memory: 16079M
 Large Page Support: Disabled
 NUMA Support: Disabled
 Compressed Oops: Enabled (Zero based)
 Heap Region Size: 2M
 Heap Min Capacity: 8M
 Heap Initial Capacity: 252M
 Heap Max Capacity: 4020M
 Pre-touch: Disabled
 Parallel Workers: 4
 Concurrent Workers: 1
 Concurrent Refinement Workers: 4
 Periodic GC: Disabled
Heap:
 garbage-first heap   total 69632K, used 37284K [0x0000000704c00000, 0x0000000800000000)
  region size 2048K, 5 young (10240K), 2 survivors (4096K)
 Metaspace       used 83223K, committed 83776K, reserved 1179648K
  class space    used 10264K, committed 10560K, reserved 1048576K
GC Heap History (20 events):
Event: 7.515 GC heap before
{Heap before GC invocations=12 (full 0):
 garbage-first heap   total 69632K, used 21711K [0x0000000704c00000, 0x0000000800000000)
  region size 2048K, 3 young (6144K), 2 survivors (4096K)
 Metaspace       used 42094K, committed 42496K, reserved 1114112K
  class space    used 4904K, committed 5120K, reserved 1048576K
}
Event: 7.519 GC heap after
{Heap after GC invocations=13 (full 0):
 garbage-first heap   total 69632K, used 19792K [0x0000000704c00000, 0x0000000800000000)
  region size 2048K, 1 young (2048K), 1 survivors (2048K)
 Metaspace       used 42094K, committed 42496K, reserved 1114112K
  class space    used 4904K, committed 5120K, reserved 1048576K
}
Event: 8.696 GC heap before
{Heap before GC invocations=13 (full 0):
 garbage-first heap   total 69632K, used 48464K [0x0000000704c00000, 0x0000000800000000)
  region size 2048K, 15 young (30720K), 1 survivors (2048K)
 Metaspace       used 51395K, committed 51904K, reserved 1114112K
  class space    used 6138K, committed 6400K, reserved 1048576K
}
Event: 8.701 GC heap after
{Heap after GC invocations=14 (full 0):
 garbage-first heap   total 69632K, used 20981K [0x0000000704c00000, 0x0000000800000000)
  region size 2048K, 1 young (2048K), 1 survivors (2048K)
 Metaspace       used 51395K, committed 51904K, reserved 1114112K
  class space    used 6138K, committed 6400K, reserved 1048576K
}
Event: 9.674 GC heap before
{Heap before GC invocations=14 (full 0):
 garbage-first heap   total 69632K, used 49653K [0x0000000704c00000, 0x0000000800000000)
  region size 2048K, 15 young (30720K), 1 survivors (2048K)
 Metaspace       used 57197K, committed 57600K, reserved 1114112K
  class space    used 6913K, committed 7104K, reserved 1048576K
}
Event: 9.680 GC heap after
{Heap after GC invocations=15 (full 0):
 garbage-first heap   total 69632K, used 23229K [0x0000000704c00000, 0x0000000800000000)
  region size 2048K, 2 young (4096K), 2 survivors (4096K)
 Metaspace       used 57197K, committed 57600K, reserved 1114112K
  class space    used 6913K, committed 7104K, reserved 1048576K
}
Event: 9.890 GC heap before
{Heap before GC invocations=15 (full 0):
 garbage-first heap   total 69632K, used 27325K [0x0000000704c00000, 0x0000000800000000)
  region size 2048K, 5 young (10240K), 2 survivors (4096K)
 Metaspace       used 59666K, committed 60160K, reserved 1114112K
  class space    used 7305K, committed 7552K, reserved 1048576K
}
Event: 9.895 GC heap after
{Heap after GC invocations=16 (full 0):
 garbage-first heap   total 69632K, used 23637K [0x0000000704c00000, 0x0000000800000000)
  region size 2048K, 1 young (2048K), 1 survivors (2048K)
 Metaspace       used 59666K, committed 60160K, reserved 1114112K
  class space    used 7305K, committed 7552K, reserved 1048576K
}
Event: 10.763 GC heap before
{Heap before GC invocations=17 (full 0):
 garbage-first heap   total 69632K, used 46165K [0x0000000704c00000, 0x0000000800000000)
  region size 2048K, 13 young (26624K), 1 survivors (2048K)
 Metaspace       used 64324K, committed 64832K, reserved 1114112K
  class space    used 8169K, committed 8384K, reserved 1048576K
}
Event: 10.766 GC heap after
{Heap after GC invocations=18 (full 0):
 garbage-first heap   total 69632K, used 24393K [0x0000000704c00000, 0x0000000800000000)
  region size 2048K, 1 young (2048K), 1 survivors (2048K)
 Metaspace       used 64324K, committed 64832K, reserved 1114112K
  class space    used 8169K, committed 8384K, reserved 1048576K
}
Event: 11.924 GC heap before
{Heap before GC invocations=18 (full 0):
 garbage-first heap   total 69632K, used 48969K [0x0000000704c00000, 0x0000000800000000)
  region size 2048K, 14 young (28672K), 1 survivors (2048K)
 Metaspace       used 68953K, committed 69568K, reserved 1114112K
  class space    used 8732K, committed 9024K, reserved 1048576K
}
Event: 11.932 GC heap after
{Heap after GC invocations=19 (full 0):
 garbage-first heap   total 69632K, used 26647K [0x0000000704c00000, 0x0000000800000000)
  region size 2048K, 2 young (4096K), 2 survivors (4096K)
 Metaspace       used 68953K, committed 69568K, reserved 1114112K
  class space    used 8732K, committed 9024K, reserved 1048576K
}
Event: 12.630 GC heap before
{Heap before GC invocations=19 (full 0):
 garbage-first heap   total 69632K, used 51223K [0x0000000704c00000, 0x0000000800000000)
  region size 2048K, 14 young (28672K), 2 survivors (4096K)
 Metaspace       used 71347K, committed 71872K, reserved 1114112K
  class space    used 9107K, committed 9408K, reserved 1048576K
}
Event: 12.639 GC heap after
{Heap after GC invocations=20 (full 0):
 garbage-first heap   total 69632K, used 28410K [0x0000000704c00000, 0x0000000800000000)
  region size 2048K, 1 young (2048K), 1 survivors (2048K)
 Metaspace       used 71347K, committed 71872K, reserved 1114112K
  class space    used 9107K, committed 9408K, reserved 1048576K
}
Event: 21.034 GC heap before
{Heap before GC invocations=20 (full 0):
 garbage-first heap   total 69632K, used 52986K [0x0000000704c00000, 0x0000000800000000)
  region size 2048K, 13 young (26624K), 1 survivors (2048K)
 Metaspace       used 74398K, committed 74944K, reserved 1114112K
  class space    used 9497K, committed 9728K, reserved 1048576K
}
Event: 21.041 GC heap after
{Heap after GC invocations=21 (full 0):
 garbage-first heap   total 69632K, used 30038K [0x0000000704c00000, 0x0000000800000000)
  region size 2048K, 2 young (4096K), 2 survivors (4096K)
 Metaspace       used 74398K, committed 74944K, reserved 1114112K
  class space    used 9497K, committed 9728K, reserved 1048576K
}
Event: 21.983 GC heap before
{Heap before GC invocations=21 (full 0):
 garbage-first heap   total 69632K, used 50518K [0x0000000704c00000, 0x0000000800000000)
  region size 2048K, 13 young (26624K), 2 survivors (4096K)
 Metaspace       used 78121K, committed 78656K, reserved 1179648K
  class space    used 9826K, committed 10112K, reserved 1048576K
}
Event: 21.993 GC heap after
{Heap after GC invocations=22 (full 0):
 garbage-first heap   total 69632K, used 32364K [0x0000000704c00000, 0x0000000800000000)
  region size 2048K, 2 young (4096K), 2 survivors (4096K)
 Metaspace       used 78121K, committed 78656K, reserved 1179648K
  class space    used 9826K, committed 10112K, reserved 1048576K
}
Event: 22.587 GC heap before
{Heap before GC invocations=22 (full 0):
 garbage-first heap   total 69632K, used 50796K [0x0000000704c00000, 0x0000000800000000)
  region size 2048K, 12 young (24576K), 2 survivors (4096K)
 Metaspace       used 82468K, committed 83008K, reserved 1179648K
  class space    used 10204K, committed 10496K, reserved 1048576K
}
Event: 22.595 GC heap after
{Heap after GC invocations=23 (full 0):
 garbage-first heap   total 69632K, used 33188K [0x0000000704c00000, 0x0000000800000000)
  region size 2048K, 2 young (4096K), 2 survivors (4096K)
 Metaspace       used 82468K, committed 83008K, reserved 1179648K
  class space    used 10204K, committed 10496K, reserved 1048576K
}

