# JRE version: OpenJDK Runtime Environment Temurin-17.0.8.1+1 (17.0.8.1+1) (build 17.0.8.1+1)
# Java VM: OpenJDK 64-Bit Server VM Temurin-17.0.8.1+1 (17.0.8.1+1, mixed mode, tiered, compressed oops, compressed class ptrs, g1 gc, windows-amd64)
GC Precious Log:
 CPUs: 4 total, 4 available
 Memory: 16079M
 Large Page Support: Disabled
 NUMA Support: Disabled
 Compressed Oops: Enabled (Zero based)
 Heap Region Size: 2M
 Heap Min Capacity: 8M
 Heap Initial Capacity: 252M
 Heap Max Capacity: 4020M
 Pre-touch: Disabled
 Parallel Workers: 4
 Concurrent Workers: 1
 Concurrent Refinement Workers: 4
 Periodic GC: Disabled
Heap:
 garbage-first heap   total 69632K, used 47461K [0x0000000704c00000, 0x0000000800000000)
  region size 2048K, 10 young (20480K), 1 survivors (2048K)
 Metaspace       used 83273K, committed 83840K, reserved 1179648K
  class space    used 10286K, committed 10560K, reserved 1048576K
GC Heap History (20 events):
Event: 5.420 GC heap before
{Heap before GC invocations=10 (full 0):
 garbage-first heap   total 149504K, used 27902K [0x0000000704c00000, 0x0000000800000000)
  region size 2048K, 8 young (16384K), 1 survivors (2048K)
 Metaspace       used 35590K, committed 35968K, reserved 1114112K
  class space    used 4161K, committed 4352K, reserved 1048576K
}
Event: 5.426 GC heap after
{Heap after GC invocations=11 (full 0):
 garbage-first heap   total 149504K, used 16963K [0x0000000704c00000, 0x0000000800000000)
  region size 2048K, 2 young (4096K), 2 survivors (4096K)
 Metaspace       used 35590K, committed 35968K, reserved 1114112K
  class space    used 4161K, committed 4352K, reserved 1048576K
}
Event: 6.631 GC heap before
{Heap before GC invocations=12 (full 0):
 garbage-first heap   total 69632K, used 53827K [0x0000000704c00000, 0x0000000800000000)
  region size 2048K, 20 young (40960K), 2 survivors (4096K)
 Metaspace       used 42004K, committed 42432K, reserved 1114112K
  class space    used 4899K, committed 5120K, reserved 1048576K
}
Event: 6.640 GC heap after
{Heap after GC invocations=13 (full 0):
 garbage-first heap   total 69632K, used 19787K [0x0000000704c00000, 0x0000000800000000)
  region size 2048K, 3 young (6144K), 3 survivors (6144K)
 Metaspace       used 42004K, committed 42432K, reserved 1114112K
  class space    used 4899K, committed 5120K, reserved 1048576K
}
Event: 7.868 GC heap before
{Heap before GC invocations=13 (full 0):
 garbage-first heap   total 69632K, used 50507K [0x0000000704c00000, 0x0000000800000000)
  region size 2048K, 18 young (36864K), 3 survivors (6144K)
 Metaspace       used 51655K, committed 52096K, reserved 1114112K
  class space    used 6170K, committed 6400K, reserved 1048576K
}
Event: 7.877 GC heap after
{Heap after GC invocations=14 (full 0):
 garbage-first heap   total 69632K, used 21815K [0x0000000704c00000, 0x0000000800000000)
  region size 2048K, 3 young (6144K), 3 survivors (6144K)
 Metaspace       used 51655K, committed 52096K, reserved 1114112K
  class space    used 6170K, committed 6400K, reserved 1048576K
}
Event: 8.894 GC heap before
{Heap before GC invocations=14 (full 0):
 garbage-first heap   total 69632K, used 50487K [0x0000000704c00000, 0x0000000800000000)
  region size 2048K, 17 young (34816K), 3 survivors (6144K)
 Metaspace       used 57871K, committed 58304K, reserved 1114112K
  class space    used 6965K, committed 7168K, reserved 1048576K
}
Event: 8.901 GC heap after
{Heap after GC invocations=15 (full 0):
 garbage-first heap   total 69632K, used 24258K [0x0000000704c00000, 0x0000000800000000)
  region size 2048K, 3 young (6144K), 3 survivors (6144K)
 Metaspace       used 57871K, committed 58304K, reserved 1114112K
  class space    used 6965K, committed 7168K, reserved 1048576K
}
Event: 9.090 GC heap before
{Heap before GC invocations=15 (full 0):
 garbage-first heap   total 69632K, used 28354K [0x0000000704c00000, 0x0000000800000000)
  region size 2048K, 6 young (12288K), 3 survivors (6144K)
 Metaspace       used 59870K, committed 60288K, reserved 1114112K
  class space    used 7330K, committed 7552K, reserved 1048576K
}
Event: 9.095 GC heap after
{Heap after GC invocations=16 (full 0):
 garbage-first heap   total 69632K, used 24608K [0x0000000704c00000, 0x0000000800000000)
  region size 2048K, 1 young (2048K), 1 survivors (2048K)
 Metaspace       used 59870K, committed 60288K, reserved 1114112K
  class space    used 7330K, committed 7552K, reserved 1048576K
}
Event: 10.091 GC heap before
{Heap before GC invocations=17 (full 0):
 garbage-first heap   total 69632K, used 51232K [0x0000000704c00000, 0x0000000800000000)
  region size 2048K, 15 young (30720K), 1 survivors (2048K)
 Metaspace       used 65495K, committed 65984K, reserved 1114112K
  class space    used 8297K, committed 8512K, reserved 1048576K
}
Event: 10.094 GC heap after
{Heap after GC invocations=18 (full 0):
 garbage-first heap   total 69632K, used 25573K [0x0000000704c00000, 0x0000000800000000)
  region size 2048K, 1 young (2048K), 1 survivors (2048K)
 Metaspace       used 65495K, committed 65984K, reserved 1114112K
  class space    used 8297K, committed 8512K, reserved 1048576K
}
Event: 10.965 GC heap before
{Heap before GC invocations=18 (full 0):
 garbage-first heap   total 69632K, used 54245K [0x0000000704c00000, 0x0000000800000000)
  region size 2048K, 15 young (30720K), 1 survivors (2048K)
 Metaspace       used 69394K, committed 69888K, reserved 1114112K
  class space    used 8810K, committed 9088K, reserved 1048576K
}
Event: 10.970 GC heap after
{Heap after GC invocations=19 (full 0):
 garbage-first heap   total 69632K, used 27584K [0x0000000704c00000, 0x0000000800000000)
  region size 2048K, 2 young (4096K), 2 survivors (4096K)
 Metaspace       used 69394K, committed 69888K, reserved 1114112K
  class space    used 8810K, committed 9088K, reserved 1048576K
}
Event: 11.719 GC heap before
{Heap before GC invocations=19 (full 0):
 garbage-first heap   total 69632K, used 54208K [0x0000000704c00000, 0x0000000800000000)
  region size 2048K, 15 young (30720K), 2 survivors (4096K)
 Metaspace       used 72233K, committed 72832K, reserved 1114112K
  class space    used 9237K, committed 9536K, reserved 1048576K
}
Event: 11.728 GC heap after
{Heap after GC invocations=20 (full 0):
 garbage-first heap   total 69632K, used 29634K [0x0000000704c00000, 0x0000000800000000)
  region size 2048K, 2 young (4096K), 2 survivors (4096K)
 Metaspace       used 72233K, committed 72832K, reserved 1114112K
  class space    used 9237K, committed 9536K, reserved 1048576K
}
Event: 18.230 GC heap before
{Heap before GC invocations=20 (full 0):
 garbage-first heap   total 69632K, used 52162K [0x0000000704c00000, 0x0000000800000000)
  region size 2048K, 14 young (28672K), 2 survivors (4096K)
 Metaspace       used 75535K, committed 76096K, reserved 1179648K
  class space    used 9652K, committed 9920K, reserved 1048576K
}
Event: 18.245 GC heap after
{Heap after GC invocations=21 (full 0):
 garbage-first heap   total 69632K, used 32682K [0x0000000704c00000, 0x0000000800000000)
  region size 2048K, 2 young (4096K), 2 survivors (4096K)
 Metaspace       used 75535K, committed 76096K, reserved 1179648K
  class space    used 9652K, committed 9920K, reserved 1048576K
}
Event: 18.928 GC heap before
{Heap before GC invocations=21 (full 0):
 garbage-first heap   total 69632K, used 51114K [0x0000000704c00000, 0x0000000800000000)
  region size 2048K, 12 young (24576K), 2 survivors (4096K)
 Metaspace       used 79783K, committed 80384K, reserved 1179648K
  class space    used 9989K, committed 10240K, reserved 1048576K
}
Event: 18.932 GC heap after
{Heap after GC invocations=22 (full 0):
 garbage-first heap   total 69632K, used 33125K [0x0000000704c00000, 0x0000000800000000)
  region size 2048K, 1 young (2048K), 1 survivors (2048K)
 Metaspace       used 79783K, committed 80384K, reserved 1179648K
  class space    used 9989K, committed 10240K, reserved 1048576K
}

