# JRE version: OpenJDK Runtime Environment Temurin-17.0.8.1+1 (17.0.8.1+1) (build 17.0.8.1+1)
# Java VM: OpenJDK 64-Bit Server VM Temurin-17.0.8.1+1 (17.0.8.1+1, mixed mode, tiered, compressed oops, compressed class ptrs, g1 gc, windows-amd64)
GC Precious Log:
 CPUs: 4 total, 4 available
 Memory: 16079M
 Large Page Support: Disabled
 NUMA Support: Disabled
 Compressed Oops: Enabled (Zero based)
 Heap Region Size: 2M
 Heap Min Capacity: 8M
 Heap Initial Capacity: 252M
 Heap Max Capacity: 4020M
 Pre-touch: Disabled
 Parallel Workers: 4
 Concurrent Workers: 1
 Concurrent Refinement Workers: 4
 Periodic GC: Disabled
Heap:
 garbage-first heap   total 69632K, used 38725K [0x0000000704c00000, 0x0000000800000000)
  region size 2048K, 6 young (12288K), 2 survivors (4096K)
 Metaspace       used 86388K, committed 86912K, reserved 1179648K
  class space    used 10683K, committed 10944K, reserved 1048576K
GC Heap History (20 events):
Event: 7.501 GC heap before
{Heap before GC invocations=13 (full 0):
 garbage-first heap   total 69632K, used 48565K [0x0000000704c00000, 0x0000000800000000)
  region size 2048K, 15 young (30720K), 1 survivors (2048K)
 Metaspace       used 51414K, committed 51904K, reserved 1114112K
  class space    used 6143K, committed 6400K, reserved 1048576K
}
Event: 7.505 GC heap after
{Heap after GC invocations=14 (full 0):
 garbage-first heap   total 69632K, used 21167K [0x0000000704c00000, 0x0000000800000000)
  region size 2048K, 1 young (2048K), 1 survivors (2048K)
 Metaspace       used 51414K, committed 51904K, reserved 1114112K
  class space    used 6143K, committed 6400K, reserved 1048576K
}
Event: 8.484 GC heap before
{Heap before GC invocations=14 (full 0):
 garbage-first heap   total 69632K, used 49839K [0x0000000704c00000, 0x0000000800000000)
  region size 2048K, 15 young (30720K), 1 survivors (2048K)
 Metaspace       used 57187K, committed 57600K, reserved 1114112K
  class space    used 6911K, committed 7104K, reserved 1048576K
}
Event: 8.491 GC heap after
{Heap after GC invocations=15 (full 0):
 garbage-first heap   total 69632K, used 23130K [0x0000000704c00000, 0x0000000800000000)
  region size 2048K, 2 young (4096K), 2 survivors (4096K)
 Metaspace       used 57187K, committed 57600K, reserved 1114112K
  class space    used 6911K, committed 7104K, reserved 1048576K
}
Event: 8.765 GC heap before
{Heap before GC invocations=15 (full 0):
 garbage-first heap   total 69632K, used 29274K [0x0000000704c00000, 0x0000000800000000)
  region size 2048K, 6 young (12288K), 2 survivors (4096K)
 Metaspace       used 59878K, committed 60288K, reserved 1114112K
  class space    used 7328K, committed 7552K, reserved 1048576K
}
Event: 8.773 GC heap after
{Heap after GC invocations=16 (full 0):
 garbage-first heap   total 69632K, used 23884K [0x0000000704c00000, 0x0000000800000000)
  region size 2048K, 2 young (4096K), 2 survivors (4096K)
 Metaspace       used 59878K, committed 60288K, reserved 1114112K
  class space    used 7328K, committed 7552K, reserved 1048576K
}
Event: 9.655 GC heap before
{Heap before GC invocations=17 (full 0):
 garbage-first heap   total 69632K, used 48460K [0x0000000704c00000, 0x0000000800000000)
  region size 2048K, 14 young (28672K), 2 survivors (4096K)
 Metaspace       used 64458K, committed 64960K, reserved 1114112K
  class space    used 8199K, committed 8448K, reserved 1048576K
}
Event: 9.659 GC heap after
{Heap after GC invocations=18 (full 0):
 garbage-first heap   total 69632K, used 24733K [0x0000000704c00000, 0x0000000800000000)
  region size 2048K, 1 young (2048K), 1 survivors (2048K)
 Metaspace       used 64458K, committed 64960K, reserved 1114112K
  class space    used 8199K, committed 8448K, reserved 1048576K
}
Event: 10.781 GC heap before
{Heap before GC invocations=18 (full 0):
 garbage-first heap   total 69632K, used 49309K [0x0000000704c00000, 0x0000000800000000)
  region size 2048K, 14 young (28672K), 1 survivors (2048K)
 Metaspace       used 69309K, committed 69888K, reserved 1114112K
  class space    used 8794K, committed 9088K, reserved 1048576K
}
Event: 10.792 GC heap after
{Heap after GC invocations=19 (full 0):
 garbage-first heap   total 69632K, used 26960K [0x0000000704c00000, 0x0000000800000000)
  region size 2048K, 2 young (4096K), 2 survivors (4096K)
 Metaspace       used 69309K, committed 69888K, reserved 1114112K
  class space    used 8794K, committed 9088K, reserved 1048576K
}
Event: 11.409 GC heap before
{Heap before GC invocations=19 (full 0):
 garbage-first heap   total 69632K, used 51536K [0x0000000704c00000, 0x0000000800000000)
  region size 2048K, 14 young (28672K), 2 survivors (4096K)
 Metaspace       used 71517K, committed 72064K, reserved 1114112K
  class space    used 9134K, committed 9408K, reserved 1048576K
}
Event: 11.418 GC heap after
{Heap after GC invocations=20 (full 0):
 garbage-first heap   total 69632K, used 28597K [0x0000000704c00000, 0x0000000800000000)
  region size 2048K, 1 young (2048K), 1 survivors (2048K)
 Metaspace       used 71517K, committed 72064K, reserved 1114112K
  class space    used 9134K, committed 9408K, reserved 1048576K
}
Event: 16.206 GC heap before
{Heap before GC invocations=20 (full 0):
 garbage-first heap   total 69632K, used 51125K [0x0000000704c00000, 0x0000000800000000)
  region size 2048K, 13 young (26624K), 1 survivors (2048K)
 Metaspace       used 74683K, committed 75264K, reserved 1114112K
  class space    used 9538K, committed 9792K, reserved 1048576K
}
Event: 16.213 GC heap after
{Heap after GC invocations=21 (full 0):
 garbage-first heap   total 69632K, used 30479K [0x0000000704c00000, 0x0000000800000000)
  region size 2048K, 2 young (4096K), 2 survivors (4096K)
 Metaspace       used 74683K, committed 75264K, reserved 1114112K
  class space    used 9538K, committed 9792K, reserved 1048576K
}
Event: 16.951 GC heap before
{Heap before GC invocations=21 (full 0):
 garbage-first heap   total 69632K, used 50959K [0x0000000704c00000, 0x0000000800000000)
  region size 2048K, 13 young (26624K), 2 survivors (4096K)
 Metaspace       used 78690K, committed 79232K, reserved 1179648K
  class space    used 9880K, committed 10176K, reserved 1048576K
}
Event: 16.963 GC heap after
{Heap after GC invocations=22 (full 0):
 garbage-first heap   total 69632K, used 32597K [0x0000000704c00000, 0x0000000800000000)
  region size 2048K, 2 young (4096K), 2 survivors (4096K)
 Metaspace       used 78690K, committed 79232K, reserved 1179648K
  class space    used 9880K, committed 10176K, reserved 1048576K
}
Event: 17.591 GC heap before
{Heap before GC invocations=22 (full 0):
 garbage-first heap   total 69632K, used 51029K [0x0000000704c00000, 0x0000000800000000)
  region size 2048K, 12 young (24576K), 2 survivors (4096K)
 Metaspace       used 82647K, committed 83200K, reserved 1179648K
  class space    used 10224K, committed 10496K, reserved 1048576K
}
Event: 17.595 GC heap after
{Heap after GC invocations=23 (full 0):
 garbage-first heap   total 69632K, used 33540K [0x0000000704c00000, 0x0000000800000000)
  region size 2048K, 2 young (4096K), 2 survivors (4096K)
 Metaspace       used 82647K, committed 83200K, reserved 1179648K
  class space    used 10224K, committed 10496K, reserved 1048576K
}
Event: 23.862 GC heap before
{Heap before GC invocations=23 (full 0):
 garbage-first heap   total 69632K, used 51972K [0x0000000704c00000, 0x0000000800000000)
  region size 2048K, 12 young (24576K), 2 survivors (4096K)
 Metaspace       used 86162K, committed 86720K, reserved 1179648K
  class space    used 10682K, committed 10944K, reserved 1048576K
}
Event: 23.868 GC heap after
{Heap after GC invocations=24 (full 0):
 garbage-first heap   total 69632K, used 34629K [0x0000000704c00000, 0x0000000800000000)
  region size 2048K, 2 young (4096K), 2 survivors (4096K)
 Metaspace       used 86162K, committed 86720K, reserved 1179648K
  class space    used 10682K, committed 10944K, reserved 1048576K
}

