# JRE version: OpenJDK Runtime Environment Temurin-17.0.8.1+1 (17.0.8.1+1) (build 17.0.8.1+1)
# Java VM: OpenJDK 64-Bit Server VM Temurin-17.0.8.1+1 (17.0.8.1+1, mixed mode, tiered, compressed oops, compressed class ptrs, g1 gc, windows-amd64)
GC Precious Log:
 CPUs: 4 total, 4 available
 Memory: 16079M
 Large Page Support: Disabled
 NUMA Support: Disabled
 Compressed Oops: Enabled (Zero based)
 Heap Region Size: 2M
 Heap Min Capacity: 8M
 Heap Initial Capacity: 252M
 Heap Max Capacity: 4020M
 Pre-touch: Disabled
 Parallel Workers: 4
 Concurrent Workers: 1
 Concurrent Refinement Workers: 4
 Periodic GC: Disabled
Heap:
 garbage-first heap   total 75776K, used 52566K [0x0000000704c00000, 0x0000000800000000)
  region size 2048K, 11 young (22528K), 2 survivors (4096K)
 Metaspace       used 87666K, committed 88256K, reserved 1179648K
  class space    used 11076K, committed 11328K, reserved 1048576K
GC Heap History (20 events):
Event: 7.252 GC heap before
{Heap before GC invocations=10 (full 0):
 garbage-first heap   total 49152K, used 22996K [0x0000000704c00000, 0x0000000800000000)
  region size 2048K, 6 young (12288K), 2 survivors (4096K)
 Metaspace       used 35592K, committed 35968K, reserved 1114112K
  class space    used 4162K, committed 4352K, reserved 1048576K
}
Event: 7.261 GC heap after
{Heap after GC invocations=11 (full 0):
 garbage-first heap   total 153600K, used 17710K [0x0000000704c00000, 0x0000000800000000)
  region size 2048K, 1 young (2048K), 1 survivors (2048K)
 Metaspace       used 35592K, committed 35968K, reserved 1114112K
  class space    used 4162K, committed 4352K, reserved 1048576K
}
Event: 8.896 GC heap before
{Heap before GC invocations=12 (full 0):
 garbage-first heap   total 75776K, used 62766K [0x0000000704c00000, 0x0000000800000000)
  region size 2048K, 23 young (47104K), 1 survivors (2048K)
 Metaspace       used 43663K, committed 44096K, reserved 1114112K
  class space    used 5159K, committed 5376K, reserved 1048576K
}
Event: 8.901 GC heap after
{Heap after GC invocations=13 (full 0):
 garbage-first heap   total 75776K, used 20616K [0x0000000704c00000, 0x0000000800000000)
  region size 2048K, 2 young (4096K), 2 survivors (4096K)
 Metaspace       used 43663K, committed 44096K, reserved 1114112K
  class space    used 5159K, committed 5376K, reserved 1048576K
}
Event: 10.452 GC heap before
{Heap before GC invocations=13 (full 0):
 garbage-first heap   total 75776K, used 53384K [0x0000000704c00000, 0x0000000800000000)
  region size 2048K, 19 young (38912K), 2 survivors (4096K)
 Metaspace       used 54008K, committed 54464K, reserved 1114112K
  class space    used 6486K, committed 6720K, reserved 1048576K
}
Event: 10.460 GC heap after
{Heap after GC invocations=14 (full 0):
 garbage-first heap   total 75776K, used 23218K [0x0000000704c00000, 0x0000000800000000)
  region size 2048K, 2 young (4096K), 2 survivors (4096K)
 Metaspace       used 54008K, committed 54464K, reserved 1114112K
  class space    used 6486K, committed 6720K, reserved 1048576K
}
Event: 11.258 GC heap before
{Heap before GC invocations=14 (full 0):
 garbage-first heap   total 75776K, used 43698K [0x0000000704c00000, 0x0000000800000000)
  region size 2048K, 13 young (26624K), 2 survivors (4096K)
 Metaspace       used 59668K, committed 60160K, reserved 1114112K
  class space    used 7302K, committed 7488K, reserved 1048576K
}
Event: 11.264 GC heap after
{Heap after GC invocations=15 (full 0):
 garbage-first heap   total 75776K, used 24561K [0x0000000704c00000, 0x0000000800000000)
  region size 2048K, 2 young (4096K), 2 survivors (4096K)
 Metaspace       used 59668K, committed 60160K, reserved 1114112K
  class space    used 7302K, committed 7488K, reserved 1048576K
}
Event: 12.728 GC heap before
{Heap before GC invocations=16 (full 0):
 garbage-first heap   total 75776K, used 55281K [0x0000000704c00000, 0x0000000800000000)
  region size 2048K, 17 young (34816K), 2 survivors (4096K)
 Metaspace       used 65645K, committed 66176K, reserved 1114112K
  class space    used 8309K, committed 8512K, reserved 1048576K
}
Event: 12.735 GC heap after
{Heap after GC invocations=17 (full 0):
 garbage-first heap   total 75776K, used 26438K [0x0000000704c00000, 0x0000000800000000)
  region size 2048K, 2 young (4096K), 2 survivors (4096K)
 Metaspace       used 65645K, committed 66176K, reserved 1114112K
  class space    used 8309K, committed 8512K, reserved 1048576K
}
Event: 13.480 GC heap before
{Heap before GC invocations=17 (full 0):
 garbage-first heap   total 75776K, used 55110K [0x0000000704c00000, 0x0000000800000000)
  region size 2048K, 17 young (34816K), 2 survivors (4096K)
 Metaspace       used 69794K, committed 70272K, reserved 1114112K
  class space    used 8952K, committed 9152K, reserved 1048576K
}
Event: 13.488 GC heap after
{Heap after GC invocations=18 (full 0):
 garbage-first heap   total 75776K, used 28307K [0x0000000704c00000, 0x0000000800000000)
  region size 2048K, 2 young (4096K), 2 survivors (4096K)
 Metaspace       used 69794K, committed 70272K, reserved 1114112K
  class space    used 8952K, committed 9152K, reserved 1048576K
}
Event: 14.154 GC heap before
{Heap before GC invocations=18 (full 0):
 garbage-first heap   total 75776K, used 54931K [0x0000000704c00000, 0x0000000800000000)
  region size 2048K, 16 young (32768K), 2 survivors (4096K)
 Metaspace       used 73692K, committed 74240K, reserved 1114112K
  class space    used 9590K, committed 9856K, reserved 1048576K
}
Event: 14.161 GC heap after
{Heap after GC invocations=19 (full 0):
 garbage-first heap   total 75776K, used 30271K [0x0000000704c00000, 0x0000000800000000)
  region size 2048K, 2 young (4096K), 2 survivors (4096K)
 Metaspace       used 73692K, committed 74240K, reserved 1114112K
  class space    used 9590K, committed 9856K, reserved 1048576K
}
Event: 14.880 GC heap before
{Heap before GC invocations=19 (full 0):
 garbage-first heap   total 75776K, used 56895K [0x0000000704c00000, 0x0000000800000000)
  region size 2048K, 15 young (30720K), 2 survivors (4096K)
 Metaspace       used 76099K, committed 76672K, reserved 1179648K
  class space    used 9960K, committed 10240K, reserved 1048576K
}
Event: 14.888 GC heap after
{Heap after GC invocations=20 (full 0):
 garbage-first heap   total 75776K, used 32371K [0x0000000704c00000, 0x0000000800000000)
  region size 2048K, 2 young (4096K), 2 survivors (4096K)
 Metaspace       used 76099K, committed 76672K, reserved 1179648K
  class space    used 9960K, committed 10240K, reserved 1048576K
}
Event: 20.838 GC heap before
{Heap before GC invocations=20 (full 0):
 garbage-first heap   total 75776K, used 58995K [0x0000000704c00000, 0x0000000800000000)
  region size 2048K, 15 young (30720K), 2 survivors (4096K)
 Metaspace       used 79817K, committed 80320K, reserved 1179648K
  class space    used 10432K, committed 10688K, reserved 1048576K
}
Event: 20.849 GC heap after
{Heap after GC invocations=21 (full 0):
 garbage-first heap   total 75776K, used 34447K [0x0000000704c00000, 0x0000000800000000)
  region size 2048K, 2 young (4096K), 2 survivors (4096K)
 Metaspace       used 79817K, committed 80320K, reserved 1179648K
  class space    used 10432K, committed 10688K, reserved 1048576K
}
Event: 21.548 GC heap before
{Heap before GC invocations=21 (full 0):
 garbage-first heap   total 75776K, used 56975K [0x0000000704c00000, 0x0000000800000000)
  region size 2048K, 14 young (28672K), 2 survivors (4096K)
 Metaspace       used 84416K, committed 84992K, reserved 1179648K
  class space    used 10807K, committed 11072K, reserved 1048576K
}
Event: 21.557 GC heap after
{Heap after GC invocations=22 (full 0):
 garbage-first heap   total 75776K, used 36182K [0x0000000704c00000, 0x0000000800000000)
  region size 2048K, 2 young (4096K), 2 survivors (4096K)
 Metaspace       used 84416K, committed 84992K, reserved 1179648K
  class space    used 10807K, committed 11072K, reserved 1048576K
}

