# JRE version: OpenJDK Runtime Environment Temurin-17.0.8.1+1 (17.0.8.1+1) (build 17.0.8.1+1)
# Java VM: OpenJDK 64-Bit Server VM Temurin-17.0.8.1+1 (17.0.8.1+1, mixed mode, tiered, compressed oops, compressed class ptrs, g1 gc, windows-amd64)
GC Precious Log:
 CPUs: 4 total, 4 available
 Memory: 16079M
 Large Page Support: Disabled
 NUMA Support: Disabled
 Compressed Oops: Enabled (Zero based)
 Heap Region Size: 2M
 Heap Min Capacity: 8M
 Heap Initial Capacity: 252M
 Heap Max Capacity: 4020M
 Pre-touch: Disabled
 Parallel Workers: 4
 Concurrent Workers: 1
 Concurrent Refinement Workers: 4
 Periodic GC: Disabled
Heap:
 garbage-first heap   total 69632K, used 50943K [0x0000000704c00000, 0x0000000800000000)
  region size 2048K, 12 young (24576K), 2 survivors (4096K)
 Metaspace       used 83285K, committed 83840K, reserved 1179648K
  class space    used 10295K, committed 10560K, reserved 1048576K
GC Heap History (20 events):
Event: 6.337 GC heap before
{Heap before GC invocations=12 (full 0):
 garbage-first heap   total 69632K, used 51977K [0x0000000704c00000, 0x0000000800000000)
  region size 2048K, 20 young (40960K), 3 survivors (6144K)
 Metaspace       used 41613K, committed 42048K, reserved 1114112K
  class space    used 4841K, committed 5056K, reserved 1048576K
}
Event: 6.346 GC heap after
{Heap after GC invocations=13 (full 0):
 garbage-first heap   total 69632K, used 20178K [0x0000000704c00000, 0x0000000800000000)
  region size 2048K, 3 young (6144K), 3 survivors (6144K)
 Metaspace       used 41613K, committed 42048K, reserved 1114112K
  class space    used 4841K, committed 5056K, reserved 1048576K
}
Event: 6.427 GC heap before
{Heap before GC invocations=13 (full 0):
 garbage-first heap   total 69632K, used 22226K [0x0000000704c00000, 0x0000000800000000)
  region size 2048K, 4 young (8192K), 3 survivors (6144K)
 Metaspace       used 41967K, committed 42432K, reserved 1114112K
  class space    used 4898K, committed 5120K, reserved 1048576K
}
Event: 6.436 GC heap after
{Heap after GC invocations=14 (full 0):
 garbage-first heap   total 69632K, used 20000K [0x0000000704c00000, 0x0000000800000000)
  region size 2048K, 1 young (2048K), 1 survivors (2048K)
 Metaspace       used 41967K, committed 42432K, reserved 1114112K
  class space    used 4898K, committed 5120K, reserved 1048576K
}
Event: 7.798 GC heap before
{Heap before GC invocations=14 (full 0):
 garbage-first heap   total 69632K, used 48672K [0x0000000704c00000, 0x0000000800000000)
  region size 2048K, 15 young (30720K), 1 survivors (2048K)
 Metaspace       used 50993K, committed 51456K, reserved 1114112K
  class space    used 6119K, committed 6336K, reserved 1048576K
}
Event: 7.801 GC heap after
{Heap after GC invocations=15 (full 0):
 garbage-first heap   total 69632K, used 20965K [0x0000000704c00000, 0x0000000800000000)
  region size 2048K, 1 young (2048K), 1 survivors (2048K)
 Metaspace       used 50993K, committed 51456K, reserved 1114112K
  class space    used 6119K, committed 6336K, reserved 1048576K
}
Event: 8.897 GC heap before
{Heap before GC invocations=15 (full 0):
 garbage-first heap   total 69632K, used 51685K [0x0000000704c00000, 0x0000000800000000)
  region size 2048K, 16 young (32768K), 1 survivors (2048K)
 Metaspace       used 57707K, committed 58112K, reserved 1114112K
  class space    used 6957K, committed 7168K, reserved 1048576K
}
Event: 8.902 GC heap after
{Heap after GC invocations=16 (full 0):
 garbage-first heap   total 69632K, used 23267K [0x0000000704c00000, 0x0000000800000000)
  region size 2048K, 2 young (4096K), 2 survivors (4096K)
 Metaspace       used 57707K, committed 58112K, reserved 1114112K
  class space    used 6957K, committed 7168K, reserved 1048576K
}
Event: 9.137 GC heap before
{Heap before GC invocations=16 (full 0):
 garbage-first heap   total 69632K, used 29411K [0x0000000704c00000, 0x0000000800000000)
  region size 2048K, 6 young (12288K), 2 survivors (4096K)
 Metaspace       used 60044K, committed 60416K, reserved 1114112K
  class space    used 7369K, committed 7552K, reserved 1048576K
}
Event: 9.143 GC heap after
{Heap after GC invocations=17 (full 0):
 garbage-first heap   total 69632K, used 23874K [0x0000000704c00000, 0x0000000800000000)
  region size 2048K, 1 young (2048K), 1 survivors (2048K)
 Metaspace       used 60044K, committed 60416K, reserved 1114112K
  class space    used 7369K, committed 7552K, reserved 1048576K
}
Event: 10.412 GC heap before
{Heap before GC invocations=18 (full 0):
 garbage-first heap   total 69632K, used 52546K [0x0000000704c00000, 0x0000000800000000)
  region size 2048K, 15 young (30720K), 1 survivors (2048K)
 Metaspace       used 65544K, committed 66048K, reserved 1114112K
  class space    used 8307K, committed 8512K, reserved 1048576K
}
Event: 10.416 GC heap after
{Heap after GC invocations=19 (full 0):
 garbage-first heap   total 69632K, used 25177K [0x0000000704c00000, 0x0000000800000000)
  region size 2048K, 1 young (2048K), 1 survivors (2048K)
 Metaspace       used 65544K, committed 66048K, reserved 1114112K
  class space    used 8307K, committed 8512K, reserved 1048576K
}
Event: 11.135 GC heap before
{Heap before GC invocations=19 (full 0):
 garbage-first heap   total 69632K, used 53849K [0x0000000704c00000, 0x0000000800000000)
  region size 2048K, 15 young (30720K), 1 survivors (2048K)
 Metaspace       used 69363K, committed 69952K, reserved 1114112K
  class space    used 8810K, committed 9088K, reserved 1048576K
}
Event: 11.142 GC heap after
{Heap after GC invocations=20 (full 0):
 garbage-first heap   total 69632K, used 26749K [0x0000000704c00000, 0x0000000800000000)
  region size 2048K, 2 young (4096K), 2 survivors (4096K)
 Metaspace       used 69363K, committed 69952K, reserved 1114112K
  class space    used 8810K, committed 9088K, reserved 1048576K
}
Event: 11.817 GC heap before
{Heap before GC invocations=20 (full 0):
 garbage-first heap   total 69632K, used 53373K [0x0000000704c00000, 0x0000000800000000)
  region size 2048K, 15 young (30720K), 2 survivors (4096K)
 Metaspace       used 71931K, committed 72512K, reserved 1114112K
  class space    used 9199K, committed 9472K, reserved 1048576K
}
Event: 11.825 GC heap after
{Heap after GC invocations=21 (full 0):
 garbage-first heap   total 69632K, used 28816K [0x0000000704c00000, 0x0000000800000000)
  region size 2048K, 2 young (4096K), 2 survivors (4096K)
 Metaspace       used 71931K, committed 72512K, reserved 1114112K
  class space    used 9199K, committed 9472K, reserved 1048576K
}
Event: 41.457 GC heap before
{Heap before GC invocations=21 (full 0):
 garbage-first heap   total 69632K, used 53392K [0x0000000704c00000, 0x0000000800000000)
  region size 2048K, 14 young (28672K), 2 survivors (4096K)
 Metaspace       used 75443K, committed 76032K, reserved 1179648K
  class space    used 9650K, committed 9920K, reserved 1048576K
}
Event: 41.467 GC heap after
{Heap after GC invocations=22 (full 0):
 garbage-first heap   total 69632K, used 30680K [0x0000000704c00000, 0x0000000800000000)
  region size 2048K, 2 young (4096K), 2 survivors (4096K)
 Metaspace       used 75443K, committed 76032K, reserved 1179648K
  class space    used 9650K, committed 9920K, reserved 1048576K
}
Event: 41.999 GC heap before
{Heap before GC invocations=22 (full 0):
 garbage-first heap   total 69632K, used 51160K [0x0000000704c00000, 0x0000000800000000)
  region size 2048K, 13 young (26624K), 2 survivors (4096K)
 Metaspace       used 79648K, committed 80192K, reserved 1179648K
  class space    used 9968K, committed 10240K, reserved 1048576K
}
Event: 42.006 GC heap after
{Heap after GC invocations=23 (full 0):
 garbage-first heap   total 69632K, used 32511K [0x0000000704c00000, 0x0000000800000000)
  region size 2048K, 2 young (4096K), 2 survivors (4096K)
 Metaspace       used 79648K, committed 80192K, reserved 1179648K
  class space    used 9968K, committed 10240K, reserved 1048576K
}

