# JRE version: OpenJDK Runtime Environment Temurin-17.0.8.1+1 (17.0.8.1+1) (build 17.0.8.1+1)
# Java VM: OpenJDK 64-Bit Server VM Temurin-17.0.8.1+1 (17.0.8.1+1, mixed mode, tiered, compressed oops, compressed class ptrs, g1 gc, windows-amd64)
GC Precious Log:
 CPUs: 4 total, 4 available
 Memory: 16079M
 Large Page Support: Disabled
 NUMA Support: Disabled
 Compressed Oops: Enabled (Zero based)
 Heap Region Size: 2M
 Heap Min Capacity: 8M
 Heap Initial Capacity: 252M
 Heap Max Capacity: 4020M
 Pre-touch: Disabled
 Parallel Workers: 4
 Concurrent Workers: 1
 Concurrent Refinement Workers: 4
 Periodic GC: Disabled
Heap:
 garbage-first heap   total 69632K, used 33639K [0x0000000704c00000, 0x0000000800000000)
  region size 2048K, 3 young (6144K), 2 survivors (4096K)
 Metaspace       used 83462K, committed 83968K, reserved 1179648K
  class space    used 10303K, committed 10560K, reserved 1048576K
GC Heap History (20 events):
Event: 5.961 GC heap before
{Heap before GC invocations=13 (full 0):
 garbage-first heap   total 69632K, used 21508K [0x0000000704c00000, 0x0000000800000000)
  region size 2048K, 4 young (8192K), 3 survivors (6144K)
 Metaspace       used 42119K, committed 42624K, reserved 1114112K
  class space    used 4913K, committed 5184K, reserved 1048576K
}
Event: 5.969 GC heap after
{Heap after GC invocations=14 (full 0):
 garbage-first heap   total 69632K, used 20071K [0x0000000704c00000, 0x0000000800000000)
  region size 2048K, 1 young (2048K), 1 survivors (2048K)
 Metaspace       used 42119K, committed 42624K, reserved 1114112K
  class space    used 4913K, committed 5184K, reserved 1048576K
}
Event: 7.041 GC heap before
{Heap before GC invocations=14 (full 0):
 garbage-first heap   total 69632K, used 48743K [0x0000000704c00000, 0x0000000800000000)
  region size 2048K, 15 young (30720K), 1 survivors (2048K)
 Metaspace       used 51354K, committed 51904K, reserved 1114112K
  class space    used 6139K, committed 6400K, reserved 1048576K
}
Event: 7.045 GC heap after
{Heap after GC invocations=15 (full 0):
 garbage-first heap   total 69632K, used 20913K [0x0000000704c00000, 0x0000000800000000)
  region size 2048K, 1 young (2048K), 1 survivors (2048K)
 Metaspace       used 51354K, committed 51904K, reserved 1114112K
  class space    used 6139K, committed 6400K, reserved 1048576K
}
Event: 8.007 GC heap before
{Heap before GC invocations=15 (full 0):
 garbage-first heap   total 69632K, used 49585K [0x0000000704c00000, 0x0000000800000000)
  region size 2048K, 15 young (30720K), 1 survivors (2048K)
 Metaspace       used 57208K, committed 57664K, reserved 1114112K
  class space    used 6919K, committed 7104K, reserved 1048576K
}
Event: 8.015 GC heap after
{Heap after GC invocations=16 (full 0):
 garbage-first heap   total 69632K, used 22947K [0x0000000704c00000, 0x0000000800000000)
  region size 2048K, 2 young (4096K), 2 survivors (4096K)
 Metaspace       used 57208K, committed 57664K, reserved 1114112K
  class space    used 6919K, committed 7104K, reserved 1048576K
}
Event: 8.261 GC heap before
{Heap before GC invocations=16 (full 0):
 garbage-first heap   total 69632K, used 29091K [0x0000000704c00000, 0x0000000800000000)
  region size 2048K, 6 young (12288K), 2 survivors (4096K)
 Metaspace       used 59858K, committed 60288K, reserved 1114112K
  class space    used 7332K, committed 7552K, reserved 1048576K
}
Event: 8.266 GC heap after
{Heap after GC invocations=17 (full 0):
 garbage-first heap   total 69632K, used 23502K [0x0000000704c00000, 0x0000000800000000)
  region size 2048K, 2 young (4096K), 2 survivors (4096K)
 Metaspace       used 59858K, committed 60288K, reserved 1114112K
  class space    used 7332K, committed 7552K, reserved 1048576K
}
Event: 9.060 GC heap before
{Heap before GC invocations=18 (full 0):
 garbage-first heap   total 69632K, used 48078K [0x0000000704c00000, 0x0000000800000000)
  region size 2048K, 14 young (28672K), 2 survivors (4096K)
 Metaspace       used 64432K, committed 64960K, reserved 1114112K
  class space    used 8190K, committed 8448K, reserved 1048576K
}
Event: 9.064 GC heap after
{Heap after GC invocations=19 (full 0):
 garbage-first heap   total 69632K, used 24668K [0x0000000704c00000, 0x0000000800000000)
  region size 2048K, 1 young (2048K), 1 survivors (2048K)
 Metaspace       used 64432K, committed 64960K, reserved 1114112K
  class space    used 8190K, committed 8448K, reserved 1048576K
}
Event: 9.955 GC heap before
{Heap before GC invocations=19 (full 0):
 garbage-first heap   total 69632K, used 51292K [0x0000000704c00000, 0x0000000800000000)
  region size 2048K, 14 young (28672K), 1 survivors (2048K)
 Metaspace       used 68540K, committed 69056K, reserved 1114112K
  class space    used 8695K, committed 8896K, reserved 1048576K
}
Event: 9.962 GC heap after
{Heap after GC invocations=20 (full 0):
 garbage-first heap   total 69632K, used 26287K [0x0000000704c00000, 0x0000000800000000)
  region size 2048K, 2 young (4096K), 2 survivors (4096K)
 Metaspace       used 68540K, committed 69056K, reserved 1114112K
  class space    used 8695K, committed 8896K, reserved 1048576K
}
Event: 10.735 GC heap before
{Heap before GC invocations=20 (full 0):
 garbage-first heap   total 69632K, used 50863K [0x0000000704c00000, 0x0000000800000000)
  region size 2048K, 14 young (28672K), 2 survivors (4096K)
 Metaspace       used 71414K, committed 72000K, reserved 1114112K
  class space    used 9129K, committed 9408K, reserved 1048576K
}
Event: 10.742 GC heap after
{Heap after GC invocations=21 (full 0):
 garbage-first heap   total 69632K, used 28326K [0x0000000704c00000, 0x0000000800000000)
  region size 2048K, 2 young (4096K), 2 survivors (4096K)
 Metaspace       used 71414K, committed 72000K, reserved 1114112K
  class space    used 9129K, committed 9408K, reserved 1048576K
}
Event: 18.804 GC heap before
{Heap before GC invocations=21 (full 0):
 garbage-first heap   total 69632K, used 52902K [0x0000000704c00000, 0x0000000800000000)
  region size 2048K, 14 young (28672K), 2 survivors (4096K)
 Metaspace       used 74397K, committed 74944K, reserved 1114112K
  class space    used 9502K, committed 9728K, reserved 1048576K
}
Event: 18.813 GC heap after
{Heap after GC invocations=22 (full 0):
 garbage-first heap   total 69632K, used 30260K [0x0000000704c00000, 0x0000000800000000)
  region size 2048K, 2 young (4096K), 2 survivors (4096K)
 Metaspace       used 74397K, committed 74944K, reserved 1114112K
  class space    used 9502K, committed 9728K, reserved 1048576K
}
Event: 19.717 GC heap before
{Heap before GC invocations=22 (full 0):
 garbage-first heap   total 69632K, used 52788K [0x0000000704c00000, 0x0000000800000000)
  region size 2048K, 14 young (28672K), 2 survivors (4096K)
 Metaspace       used 78656K, committed 79232K, reserved 1179648K
  class space    used 9893K, committed 10176K, reserved 1048576K
}
Event: 19.728 GC heap after
{Heap after GC invocations=23 (full 0):
 garbage-first heap   total 69632K, used 32342K [0x0000000704c00000, 0x0000000800000000)
  region size 2048K, 2 young (4096K), 2 survivors (4096K)
 Metaspace       used 78656K, committed 79232K, reserved 1179648K
  class space    used 9893K, committed 10176K, reserved 1048576K
}
Event: 20.477 GC heap before
{Heap before GC invocations=23 (full 0):
 garbage-first heap   total 69632K, used 52822K [0x0000000704c00000, 0x0000000800000000)
  region size 2048K, 13 young (26624K), 2 survivors (4096K)
 Metaspace       used 83089K, committed 83648K, reserved 1179648K
  class space    used 10272K, committed 10560K, reserved 1048576K
}
Event: 20.483 GC heap after
{Heap after GC invocations=24 (full 0):
 garbage-first heap   total 69632K, used 33639K [0x0000000704c00000, 0x0000000800000000)
  region size 2048K, 2 young (4096K), 2 survivors (4096K)
 Metaspace       used 83089K, committed 83648K, reserved 1179648K
  class space    used 10272K, committed 10560K, reserved 1048576K
}

