# JRE version: OpenJDK Runtime Environment Temurin-17.0.8.1+1 (17.0.8.1+1) (build 17.0.8.1+1)
# Java VM: OpenJDK 64-Bit Server VM Temurin-17.0.8.1+1 (17.0.8.1+1, mixed mode, tiered, compressed oops, compressed class ptrs, g1 gc, windows-amd64)
GC Precious Log:
 CPUs: 4 total, 4 available
 Memory: 16079M
 Large Page Support: Disabled
 NUMA Support: Disabled
 Compressed Oops: Enabled (Zero based)
 Heap Region Size: 2M
 Heap Min Capacity: 8M
 Heap Initial Capacity: 252M
 Heap Max Capacity: 4020M
 Pre-touch: Disabled
 Parallel Workers: 4
 Concurrent Workers: 1
 Concurrent Refinement Workers: 4
 Periodic GC: Disabled
Heap:
 garbage-first heap   total 108544K, used 69467K [0x0000000704c00000, 0x0000000800000000)
  region size 2048K, 24 young (49152K), 3 survivors (6144K)
 Metaspace       used 83796K, committed 84416K, reserved 1179648K
  class space    used 10338K, committed 10624K, reserved 1048576K
GC Heap History (20 events):
Event: 5.439 GC heap before
{Heap before GC invocations=10 (full 0):
 garbage-first heap   total 149504K, used 38529K [0x0000000704c00000, 0x0000000800000000)
  region size 2048K, 14 young (28672K), 1 survivors (2048K)
 Metaspace       used 35736K, committed 36096K, reserved 1114112K
  class space    used 4168K, committed 4352K, reserved 1048576K
}
Event: 5.449 GC heap after
{Heap after GC invocations=11 (full 0):
 garbage-first heap   total 149504K, used 17044K [0x0000000704c00000, 0x0000000800000000)
  region size 2048K, 3 young (6144K), 3 survivors (6144K)
 Metaspace       used 35736K, committed 36096K, reserved 1114112K
  class space    used 4168K, committed 4352K, reserved 1048576K
}
Event: 6.488 GC heap before
{Heap before GC invocations=12 (full 0):
 garbage-first heap   total 69632K, used 51860K [0x0000000704c00000, 0x0000000800000000)
  region size 2048K, 20 young (40960K), 3 survivors (6144K)
 Metaspace       used 41616K, committed 42048K, reserved 1114112K
  class space    used 4839K, committed 5056K, reserved 1048576K
}
Event: 6.499 GC heap after
{Heap after GC invocations=13 (full 0):
 garbage-first heap   total 69632K, used 19473K [0x0000000704c00000, 0x0000000800000000)
  region size 2048K, 2 young (4096K), 2 survivors (4096K)
 Metaspace       used 41616K, committed 42048K, reserved 1114112K
  class space    used 4839K, committed 5056K, reserved 1048576K
}
Event: 6.566 GC heap before
{Heap before GC invocations=13 (full 0):
 garbage-first heap   total 69632K, used 21521K [0x0000000704c00000, 0x0000000800000000)
  region size 2048K, 3 young (6144K), 2 survivors (4096K)
 Metaspace       used 41963K, committed 42432K, reserved 1114112K
  class space    used 4895K, committed 5120K, reserved 1048576K
}
Event: 6.571 GC heap after
{Heap after GC invocations=14 (full 0):
 garbage-first heap   total 69632K, used 19709K [0x0000000704c00000, 0x0000000800000000)
  region size 2048K, 1 young (2048K), 1 survivors (2048K)
 Metaspace       used 41963K, committed 42432K, reserved 1114112K
  class space    used 4895K, committed 5120K, reserved 1048576K
}
Event: 7.678 GC heap before
{Heap before GC invocations=14 (full 0):
 garbage-first heap   total 69632K, used 46333K [0x0000000704c00000, 0x0000000800000000)
  region size 2048K, 15 young (30720K), 1 survivors (2048K)
 Metaspace       used 50985K, committed 51456K, reserved 1114112K
  class space    used 6113K, committed 6336K, reserved 1048576K
}
Event: 7.682 GC heap after
{Heap after GC invocations=15 (full 0):
 garbage-first heap   total 69632K, used 20937K [0x0000000704c00000, 0x0000000800000000)
  region size 2048K, 1 young (2048K), 1 survivors (2048K)
 Metaspace       used 50985K, committed 51456K, reserved 1114112K
  class space    used 6113K, committed 6336K, reserved 1048576K
}
Event: 8.706 GC heap before
{Heap before GC invocations=15 (full 0):
 garbage-first heap   total 69632K, used 51657K [0x0000000704c00000, 0x0000000800000000)
  region size 2048K, 16 young (32768K), 1 survivors (2048K)
 Metaspace       used 57732K, committed 58176K, reserved 1114112K
  class space    used 6951K, committed 7168K, reserved 1048576K
}
Event: 8.711 GC heap after
{Heap after GC invocations=16 (full 0):
 garbage-first heap   total 69632K, used 23321K [0x0000000704c00000, 0x0000000800000000)
  region size 2048K, 2 young (4096K), 2 survivors (4096K)
 Metaspace       used 57732K, committed 58176K, reserved 1114112K
  class space    used 6951K, committed 7168K, reserved 1048576K
}
Event: 8.960 GC heap before
{Heap before GC invocations=16 (full 0):
 garbage-first heap   total 69632K, used 29465K [0x0000000704c00000, 0x0000000800000000)
  region size 2048K, 6 young (12288K), 2 survivors (4096K)
 Metaspace       used 60026K, committed 60416K, reserved 1114112K
  class space    used 7362K, committed 7552K, reserved 1048576K
}
Event: 8.966 GC heap after
{Heap after GC invocations=17 (full 0):
 garbage-first heap   total 69632K, used 23884K [0x0000000704c00000, 0x0000000800000000)
  region size 2048K, 1 young (2048K), 1 survivors (2048K)
 Metaspace       used 60026K, committed 60416K, reserved 1114112K
  class space    used 7362K, committed 7552K, reserved 1048576K
}
Event: 10.244 GC heap before
{Heap before GC invocations=18 (full 0):
 garbage-first heap   total 69632K, used 52556K [0x0000000704c00000, 0x0000000800000000)
  region size 2048K, 15 young (30720K), 1 survivors (2048K)
 Metaspace       used 65566K, committed 66048K, reserved 1114112K
  class space    used 8308K, committed 8512K, reserved 1048576K
}
Event: 10.248 GC heap after
{Heap after GC invocations=19 (full 0):
 garbage-first heap   total 69632K, used 25081K [0x0000000704c00000, 0x0000000800000000)
  region size 2048K, 1 young (2048K), 1 survivors (2048K)
 Metaspace       used 65566K, committed 66048K, reserved 1114112K
  class space    used 8308K, committed 8512K, reserved 1048576K
}
Event: 10.286 GC heap before
{Heap before GC invocations=19 (full 0):
 garbage-first heap   total 69632K, used 27129K [0x0000000704c00000, 0x0000000800000000)
  region size 2048K, 2 young (4096K), 1 survivors (2048K)
 Metaspace       used 65889K, committed 66432K, reserved 1114112K
  class space    used 8323K, committed 8576K, reserved 1048576K
}
Event: 10.291 GC heap after
{Heap after GC invocations=20 (full 0):
 garbage-first heap   total 69632K, used 25006K [0x0000000704c00000, 0x0000000800000000)
  region size 2048K, 1 young (2048K), 1 survivors (2048K)
 Metaspace       used 65889K, committed 66432K, reserved 1114112K
  class space    used 8323K, committed 8576K, reserved 1048576K
}
Event: 10.980 GC heap before
{Heap before GC invocations=20 (full 0):
 garbage-first heap   total 69632K, used 53678K [0x0000000704c00000, 0x0000000800000000)
  region size 2048K, 15 young (30720K), 1 survivors (2048K)
 Metaspace       used 69193K, committed 69760K, reserved 1114112K
  class space    used 8784K, committed 9088K, reserved 1048576K
}
Event: 10.985 GC heap after
{Heap after GC invocations=21 (full 0):
 garbage-first heap   total 108544K, used 26281K [0x0000000704c00000, 0x0000000800000000)
  region size 2048K, 1 young (2048K), 1 survivors (2048K)
 Metaspace       used 69193K, committed 69760K, reserved 1114112K
  class space    used 8784K, committed 9088K, reserved 1048576K
}
Event: 34.457 GC heap before
{Heap before GC invocations=21 (full 0):
 garbage-first heap   total 108544K, used 83625K [0x0000000704c00000, 0x0000000800000000)
  region size 2048K, 29 young (59392K), 1 survivors (2048K)
 Metaspace       used 76018K, committed 76544K, reserved 1179648K
  class space    used 9689K, committed 9920K, reserved 1048576K
}
Event: 34.467 GC heap after
{Heap after GC invocations=22 (full 0):
 garbage-first heap   total 108544K, used 30555K [0x0000000704c00000, 0x0000000800000000)
  region size 2048K, 3 young (6144K), 3 survivors (6144K)
 Metaspace       used 76018K, committed 76544K, reserved 1179648K
  class space    used 9689K, committed 9920K, reserved 1048576K
}

