# JRE version: OpenJDK Runtime Environment Temurin-17.0.8.1+1 (17.0.8.1+1) (build 17.0.8.1+1)
# Java VM: OpenJDK 64-Bit Server VM Temurin-17.0.8.1+1 (17.0.8.1+1, mixed mode, tiered, compressed oops, compressed class ptrs, g1 gc, windows-amd64)
GC Precious Log:
 CPUs: 4 total, 4 available
 Memory: 16079M
 Large Page Support: Disabled
 NUMA Support: Disabled
 Compressed Oops: Enabled (Zero based)
 Heap Region Size: 2M
 Heap Min Capacity: 8M
 Heap Initial Capacity: 252M
 Heap Max Capacity: 4020M
 Pre-touch: Disabled
 Parallel Workers: 4
 Concurrent Workers: 1
 Concurrent Refinement Workers: 4
 Periodic GC: Disabled
Heap:
 garbage-first heap   total 75776K, used 33718K [0x0000000704c00000, 0x0000000800000000)
  region size 2048K, 2 young (4096K), 1 survivors (2048K)
 Metaspace       used 83302K, committed 83840K, reserved 1179648K
  class space    used 10291K, committed 10560K, reserved 1048576K
GC Heap History (20 events):
Event: 6.885 GC heap before
{Heap before GC invocations=10 (full 0):
 garbage-first heap   total 75776K, used 53625K [0x0000000704c00000, 0x0000000800000000)
  region size 2048K, 22 young (45056K), 4 survivors (8192K)
 Metaspace       used 41850K, committed 42304K, reserved 1114112K
  class space    used 4885K, committed 5120K, reserved 1048576K
}
Event: 6.895 GC heap after
{Heap after GC invocations=11 (full 0):
 garbage-first heap   total 75776K, used 19625K [0x0000000704c00000, 0x0000000800000000)
  region size 2048K, 2 young (4096K), 2 survivors (4096K)
 Metaspace       used 41850K, committed 42304K, reserved 1114112K
  class space    used 4885K, committed 5120K, reserved 1048576K
}
Event: 6.964 GC heap before
{Heap before GC invocations=11 (full 0):
 garbage-first heap   total 75776K, used 21673K [0x0000000704c00000, 0x0000000800000000)
  region size 2048K, 3 young (6144K), 2 survivors (4096K)
 Metaspace       used 42248K, committed 42688K, reserved 1114112K
  class space    used 4940K, committed 5184K, reserved 1048576K
}
Event: 6.968 GC heap after
{Heap after GC invocations=12 (full 0):
 garbage-first heap   total 75776K, used 20145K [0x0000000704c00000, 0x0000000800000000)
  region size 2048K, 1 young (2048K), 1 survivors (2048K)
 Metaspace       used 42248K, committed 42688K, reserved 1114112K
  class space    used 4940K, committed 5184K, reserved 1048576K
}
Event: 8.403 GC heap before
{Heap before GC invocations=12 (full 0):
 garbage-first heap   total 75776K, used 52913K [0x0000000704c00000, 0x0000000800000000)
  region size 2048K, 17 young (34816K), 1 survivors (2048K)
 Metaspace       used 52416K, committed 52928K, reserved 1114112K
  class space    used 6268K, committed 6528K, reserved 1048576K
}
Event: 8.409 GC heap after
{Heap after GC invocations=13 (full 0):
 garbage-first heap   total 75776K, used 21670K [0x0000000704c00000, 0x0000000800000000)
  region size 2048K, 2 young (4096K), 2 survivors (4096K)
 Metaspace       used 52416K, committed 52928K, reserved 1114112K
  class space    used 6268K, committed 6528K, reserved 1048576K
}
Event: 9.554 GC heap before
{Heap before GC invocations=13 (full 0):
 garbage-first heap   total 75776K, used 50342K [0x0000000704c00000, 0x0000000800000000)
  region size 2048K, 18 young (36864K), 2 survivors (4096K)
 Metaspace       used 59858K, committed 60288K, reserved 1114112K
  class space    used 7331K, committed 7552K, reserved 1048576K
}
Event: 9.560 GC heap after
{Heap after GC invocations=14 (full 0):
 garbage-first heap   total 75776K, used 23927K [0x0000000704c00000, 0x0000000800000000)
  region size 2048K, 3 young (6144K), 3 survivors (6144K)
 Metaspace       used 59858K, committed 60288K, reserved 1114112K
  class space    used 7331K, committed 7552K, reserved 1048576K
}
Event: 10.820 GC heap before
{Heap before GC invocations=15 (full 0):
 garbage-first heap   total 75776K, used 54647K [0x0000000704c00000, 0x0000000800000000)
  region size 2048K, 18 young (36864K), 3 survivors (6144K)
 Metaspace       used 65825K, committed 66304K, reserved 1114112K
  class space    used 8325K, committed 8512K, reserved 1048576K
}
Event: 10.827 GC heap after
{Heap after GC invocations=16 (full 0):
 garbage-first heap   total 75776K, used 25683K [0x0000000704c00000, 0x0000000800000000)
  region size 2048K, 3 young (6144K), 3 survivors (6144K)
 Metaspace       used 65825K, committed 66304K, reserved 1114112K
  class space    used 8325K, committed 8512K, reserved 1048576K
}
Event: 10.872 GC heap before
{Heap before GC invocations=16 (full 0):
 garbage-first heap   total 75776K, used 25683K [0x0000000704c00000, 0x0000000800000000)
  region size 2048K, 4 young (8192K), 3 survivors (6144K)
 Metaspace       used 65987K, committed 66496K, reserved 1114112K
  class space    used 8342K, committed 8576K, reserved 1048576K
}
Event: 10.883 GC heap after
{Heap after GC invocations=17 (full 0):
 garbage-first heap   total 75776K, used 25651K [0x0000000704c00000, 0x0000000800000000)
  region size 2048K, 1 young (2048K), 1 survivors (2048K)
 Metaspace       used 65987K, committed 66496K, reserved 1114112K
  class space    used 8342K, committed 8576K, reserved 1048576K
}
Event: 11.733 GC heap before
{Heap before GC invocations=17 (full 0):
 garbage-first heap   total 75776K, used 56371K [0x0000000704c00000, 0x0000000800000000)
  region size 2048K, 16 young (32768K), 1 survivors (2048K)
 Metaspace       used 69818K, committed 70400K, reserved 1114112K
  class space    used 8883K, committed 9152K, reserved 1048576K
}
Event: 11.739 GC heap after
{Heap after GC invocations=18 (full 0):
 garbage-first heap   total 75776K, used 27314K [0x0000000704c00000, 0x0000000800000000)
  region size 2048K, 2 young (4096K), 2 survivors (4096K)
 Metaspace       used 69818K, committed 70400K, reserved 1114112K
  class space    used 8883K, committed 9152K, reserved 1048576K
}
Event: 12.519 GC heap before
{Heap before GC invocations=18 (full 0):
 garbage-first heap   total 75776K, used 55986K [0x0000000704c00000, 0x0000000800000000)
  region size 2048K, 16 young (32768K), 2 survivors (4096K)
 Metaspace       used 73122K, committed 73600K, reserved 1114112K
  class space    used 9367K, committed 9600K, reserved 1048576K
}
Event: 12.529 GC heap after
{Heap after GC invocations=19 (full 0):
 garbage-first heap   total 75776K, used 29750K [0x0000000704c00000, 0x0000000800000000)
  region size 2048K, 2 young (4096K), 2 survivors (4096K)
 Metaspace       used 73122K, committed 73600K, reserved 1114112K
  class space    used 9367K, committed 9600K, reserved 1048576K
}
Event: 17.658 GC heap before
{Heap before GC invocations=19 (full 0):
 garbage-first heap   total 75776K, used 56374K [0x0000000704c00000, 0x0000000800000000)
  region size 2048K, 16 young (32768K), 2 survivors (4096K)
 Metaspace       used 77778K, committed 78400K, reserved 1179648K
  class space    used 9830K, committed 10112K, reserved 1048576K
}
Event: 17.667 GC heap after
{Heap after GC invocations=20 (full 0):
 garbage-first heap   total 75776K, used 32361K [0x0000000704c00000, 0x0000000800000000)
  region size 2048K, 2 young (4096K), 2 survivors (4096K)
 Metaspace       used 77778K, committed 78400K, reserved 1179648K
  class space    used 9830K, committed 10112K, reserved 1048576K
}
Event: 18.372 GC heap before
{Heap before GC invocations=20 (full 0):
 garbage-first heap   total 75776K, used 54889K [0x0000000704c00000, 0x0000000800000000)
  region size 2048K, 14 young (28672K), 2 survivors (4096K)
 Metaspace       used 82871K, committed 83392K, reserved 1179648K
  class space    used 10252K, committed 10496K, reserved 1048576K
}
Event: 18.377 GC heap after
{Heap after GC invocations=21 (full 0):
 garbage-first heap   total 75776K, used 33718K [0x0000000704c00000, 0x0000000800000000)
  region size 2048K, 1 young (2048K), 1 survivors (2048K)
 Metaspace       used 82871K, committed 83392K, reserved 1179648K
  class space    used 10252K, committed 10496K, reserved 1048576K
}

