# JRE version: OpenJDK Runtime Environment Temurin-17.0.8.1+1 (17.0.8.1+1) (build 17.0.8.1+1)
# Java VM: OpenJDK 64-Bit Server VM Temurin-17.0.8.1+1 (17.0.8.1+1, mixed mode, tiered, compressed oops, compressed class ptrs, g1 gc, windows-amd64)
GC Precious Log:
 CPUs: 4 total, 4 available
 Memory: 16079M
 Large Page Support: Disabled
 NUMA Support: Disabled
 Compressed Oops: Enabled (Zero based)
 Heap Region Size: 2M
 Heap Min Capacity: 8M
 Heap Initial Capacity: 252M
 Heap Max Capacity: 4020M
 Pre-touch: Disabled
 Parallel Workers: 4
 Concurrent Workers: 1
 Concurrent Refinement Workers: 4
 Periodic GC: Disabled
Heap:
 garbage-first heap   total 69632K, used 50005K [0x0000000704c00000, 0x0000000800000000)
  region size 2048K, 12 young (24576K), 2 survivors (4096K)
 Metaspace       used 83031K, committed 83648K, reserved 1179648K
  class space    used 10262K, committed 10560K, reserved 1048576K
GC Heap History (20 events):
Event: 5.329 GC heap before
{Heap before GC invocations=11 (full 0):
 garbage-first heap   total 149504K, used 24445K [0x0000000704c00000, 0x0000000800000000)
  region size 2048K, 7 young (14336K), 2 survivors (4096K)
 Metaspace       used 35587K, committed 35968K, reserved 1114112K
  class space    used 4164K, committed 4352K, reserved 1048576K
}
Event: 5.338 GC heap after
{Heap after GC invocations=12 (full 0):
 garbage-first heap   total 149504K, used 17143K [0x0000000704c00000, 0x0000000800000000)
  region size 2048K, 3 young (6144K), 3 survivors (6144K)
 Metaspace       used 35587K, committed 35968K, reserved 1114112K
  class space    used 4164K, committed 4352K, reserved 1048576K
}
Event: 6.588 GC heap before
{Heap before GC invocations=13 (full 0):
 garbage-first heap   total 69632K, used 51959K [0x0000000704c00000, 0x0000000800000000)
  region size 2048K, 20 young (40960K), 3 survivors (6144K)
 Metaspace       used 41712K, committed 42176K, reserved 1114112K
  class space    used 4856K, committed 5120K, reserved 1048576K
}
Event: 6.596 GC heap after
{Heap after GC invocations=14 (full 0):
 garbage-first heap   total 69632K, used 19920K [0x0000000704c00000, 0x0000000800000000)
  region size 2048K, 3 young (6144K), 3 survivors (6144K)
 Metaspace       used 41712K, committed 42176K, reserved 1114112K
  class space    used 4856K, committed 5120K, reserved 1048576K
}
Event: 7.785 GC heap before
{Heap before GC invocations=14 (full 0):
 garbage-first heap   total 69632K, used 50640K [0x0000000704c00000, 0x0000000800000000)
  region size 2048K, 18 young (36864K), 3 survivors (6144K)
 Metaspace       used 51304K, committed 51776K, reserved 1114112K
  class space    used 6138K, committed 6336K, reserved 1048576K
}
Event: 7.793 GC heap after
{Heap after GC invocations=15 (full 0):
 garbage-first heap   total 69632K, used 22044K [0x0000000704c00000, 0x0000000800000000)
  region size 2048K, 3 young (6144K), 3 survivors (6144K)
 Metaspace       used 51304K, committed 51776K, reserved 1114112K
  class space    used 6138K, committed 6336K, reserved 1048576K
}
Event: 8.771 GC heap before
{Heap before GC invocations=15 (full 0):
 garbage-first heap   total 69632K, used 50716K [0x0000000704c00000, 0x0000000800000000)
  region size 2048K, 17 young (34816K), 3 survivors (6144K)
 Metaspace       used 57209K, committed 57600K, reserved 1114112K
  class space    used 6920K, committed 7104K, reserved 1048576K
}
Event: 8.779 GC heap after
{Heap after GC invocations=16 (full 0):
 garbage-first heap   total 69632K, used 24165K [0x0000000704c00000, 0x0000000800000000)
  region size 2048K, 3 young (6144K), 3 survivors (6144K)
 Metaspace       used 57209K, committed 57600K, reserved 1114112K
  class space    used 6920K, committed 7104K, reserved 1048576K
}
Event: 9.031 GC heap before
{Heap before GC invocations=16 (full 0):
 garbage-first heap   total 69632K, used 30309K [0x0000000704c00000, 0x0000000800000000)
  region size 2048K, 7 young (14336K), 3 survivors (6144K)
 Metaspace       used 59883K, committed 60288K, reserved 1114112K
  class space    used 7334K, committed 7552K, reserved 1048576K
}
Event: 9.037 GC heap after
{Heap after GC invocations=17 (full 0):
 garbage-first heap   total 69632K, used 24937K [0x0000000704c00000, 0x0000000800000000)
  region size 2048K, 2 young (4096K), 2 survivors (4096K)
 Metaspace       used 59883K, committed 60288K, reserved 1114112K
  class space    used 7334K, committed 7552K, reserved 1048576K
}
Event: 9.911 GC heap before
{Heap before GC invocations=18 (full 0):
 garbage-first heap   total 69632K, used 51561K [0x0000000704c00000, 0x0000000800000000)
  region size 2048K, 15 young (30720K), 2 survivors (4096K)
 Metaspace       used 65077K, committed 65600K, reserved 1114112K
  class space    used 8269K, committed 8512K, reserved 1048576K
}
Event: 9.916 GC heap after
{Heap after GC invocations=19 (full 0):
 garbage-first heap   total 69632K, used 25975K [0x0000000704c00000, 0x0000000800000000)
  region size 2048K, 1 young (2048K), 1 survivors (2048K)
 Metaspace       used 65077K, committed 65600K, reserved 1114112K
  class space    used 8269K, committed 8512K, reserved 1048576K
}
Event: 10.964 GC heap before
{Heap before GC invocations=19 (full 0):
 garbage-first heap   total 69632K, used 50551K [0x0000000704c00000, 0x0000000800000000)
  region size 2048K, 14 young (28672K), 1 survivors (2048K)
 Metaspace       used 69437K, committed 70016K, reserved 1114112K
  class space    used 8814K, committed 9088K, reserved 1048576K
}
Event: 10.972 GC heap after
{Heap after GC invocations=20 (full 0):
 garbage-first heap   total 69632K, used 28029K [0x0000000704c00000, 0x0000000800000000)
  region size 2048K, 2 young (4096K), 2 survivors (4096K)
 Metaspace       used 69437K, committed 70016K, reserved 1114112K
  class space    used 8814K, committed 9088K, reserved 1048576K
}
Event: 11.597 GC heap before
{Heap before GC invocations=20 (full 0):
 garbage-first heap   total 69632K, used 52605K [0x0000000704c00000, 0x0000000800000000)
  region size 2048K, 14 young (28672K), 2 survivors (4096K)
 Metaspace       used 71738K, committed 72256K, reserved 1114112K
  class space    used 9163K, committed 9408K, reserved 1048576K
}
Event: 11.605 GC heap after
{Heap after GC invocations=21 (full 0):
 garbage-first heap   total 69632K, used 29914K [0x0000000704c00000, 0x0000000800000000)
  region size 2048K, 1 young (2048K), 1 survivors (2048K)
 Metaspace       used 71738K, committed 72256K, reserved 1114112K
  class space    used 9163K, committed 9408K, reserved 1048576K
}
Event: 20.867 GC heap before
{Heap before GC invocations=21 (full 0):
 garbage-first heap   total 69632K, used 54490K [0x0000000704c00000, 0x0000000800000000)
  region size 2048K, 13 young (26624K), 1 survivors (2048K)
 Metaspace       used 75107K, committed 75712K, reserved 1179648K
  class space    used 9609K, committed 9920K, reserved 1048576K
}
Event: 20.874 GC heap after
{Heap after GC invocations=22 (full 0):
 garbage-first heap   total 69632K, used 31727K [0x0000000704c00000, 0x0000000800000000)
  region size 2048K, 2 young (4096K), 2 survivors (4096K)
 Metaspace       used 75107K, committed 75712K, reserved 1179648K
  class space    used 9609K, committed 9920K, reserved 1048576K
}
Event: 21.488 GC heap before
{Heap before GC invocations=22 (full 0):
 garbage-first heap   total 69632K, used 52207K [0x0000000704c00000, 0x0000000800000000)
  region size 2048K, 13 young (26624K), 2 survivors (4096K)
 Metaspace       used 79287K, committed 79872K, reserved 1179648K
  class space    used 9946K, committed 10240K, reserved 1048576K
}
Event: 21.496 GC heap after
{Heap after GC invocations=23 (full 0):
 garbage-first heap   total 69632K, used 33621K [0x0000000704c00000, 0x0000000800000000)
  region size 2048K, 2 young (4096K), 2 survivors (4096K)
 Metaspace       used 79287K, committed 79872K, reserved 1179648K
  class space    used 9946K, committed 10240K, reserved 1048576K
}

