# JRE version: OpenJDK Runtime Environment Temurin-17.0.8.1+1 (17.0.8.1+1) (build 17.0.8.1+1)
# Java VM: OpenJDK 64-Bit Server VM Temurin-17.0.8.1+1 (17.0.8.1+1, mixed mode, tiered, compressed oops, compressed class ptrs, g1 gc, windows-amd64)
GC Precious Log:
 CPUs: 4 total, 4 available
 Memory: 16079M
 Large Page Support: Disabled
 NUMA Support: Disabled
 Compressed Oops: Enabled (Zero based)
 Heap Region Size: 2M
 Heap Min Capacity: 8M
 Heap Initial Capacity: 252M
 Heap Max Capacity: 4020M
 Pre-touch: Disabled
 Parallel Workers: 4
 Concurrent Workers: 1
 Concurrent Refinement Workers: 4
 Periodic GC: Disabled
Heap:
 garbage-first heap   total 75776K, used 38248K [0x0000000704c00000, 0x0000000800000000)
  region size 2048K, 4 young (8192K), 1 survivors (2048K)
 Metaspace       used 83568K, committed 84096K, reserved 1179648K
  class space    used 10322K, committed 10560K, reserved 1048576K
GC Heap History (20 events):
Event: 7.343 GC heap before
{Heap before GC invocations=9 (full 0):
 garbage-first heap   total 149504K, used 51823K [0x0000000704c00000, 0x0000000800000000)
  region size 2048K, 21 young (43008K), 1 survivors (2048K)
 Metaspace       used 35741K, committed 36096K, reserved 1114112K
  class space    used 4167K, committed 4352K, reserved 1048576K
}
Event: 7.355 GC heap after
{Heap after GC invocations=10 (full 0):
 garbage-first heap   total 149504K, used 17129K [0x0000000704c00000, 0x0000000800000000)
  region size 2048K, 4 young (8192K), 4 survivors (8192K)
 Metaspace       used 35741K, committed 36096K, reserved 1114112K
  class space    used 4167K, committed 4352K, reserved 1048576K
}
Event: 8.687 GC heap before
{Heap before GC invocations=11 (full 0):
 garbage-first heap   total 75776K, used 53993K [0x0000000704c00000, 0x0000000800000000)
  region size 2048K, 22 young (45056K), 4 survivors (8192K)
 Metaspace       used 41903K, committed 42368K, reserved 1114112K
  class space    used 4884K, committed 5120K, reserved 1048576K
}
Event: 8.698 GC heap after
{Heap after GC invocations=12 (full 0):
 garbage-first heap   total 75776K, used 19580K [0x0000000704c00000, 0x0000000800000000)
  region size 2048K, 2 young (4096K), 2 survivors (4096K)
 Metaspace       used 41903K, committed 42368K, reserved 1114112K
  class space    used 4884K, committed 5120K, reserved 1048576K
}
Event: 8.775 GC heap before
{Heap before GC invocations=12 (full 0):
 garbage-first heap   total 75776K, used 19580K [0x0000000704c00000, 0x0000000800000000)
  region size 2048K, 3 young (6144K), 2 survivors (4096K)
 Metaspace       used 42284K, committed 42752K, reserved 1114112K
  class space    used 4939K, committed 5184K, reserved 1048576K
}
Event: 8.781 GC heap after
{Heap after GC invocations=13 (full 0):
 garbage-first heap   total 75776K, used 20122K [0x0000000704c00000, 0x0000000800000000)
  region size 2048K, 1 young (2048K), 1 survivors (2048K)
 Metaspace       used 42284K, committed 42752K, reserved 1114112K
  class space    used 4939K, committed 5184K, reserved 1048576K
}
Event: 10.343 GC heap before
{Heap before GC invocations=13 (full 0):
 garbage-first heap   total 75776K, used 52890K [0x0000000704c00000, 0x0000000800000000)
  region size 2048K, 17 young (34816K), 1 survivors (2048K)
 Metaspace       used 52461K, committed 52928K, reserved 1114112K
  class space    used 6267K, committed 6528K, reserved 1048576K
}
Event: 10.348 GC heap after
{Heap after GC invocations=14 (full 0):
 garbage-first heap   total 75776K, used 21612K [0x0000000704c00000, 0x0000000800000000)
  region size 2048K, 2 young (4096K), 2 survivors (4096K)
 Metaspace       used 52461K, committed 52928K, reserved 1114112K
  class space    used 6267K, committed 6528K, reserved 1048576K
}
Event: 11.656 GC heap before
{Heap before GC invocations=14 (full 0):
 garbage-first heap   total 75776K, used 50284K [0x0000000704c00000, 0x0000000800000000)
  region size 2048K, 17 young (34816K), 2 survivors (4096K)
 Metaspace       used 59811K, committed 60288K, reserved 1114112K
  class space    used 7331K, committed 7552K, reserved 1048576K
}
Event: 11.662 GC heap after
{Heap after GC invocations=15 (full 0):
 garbage-first heap   total 75776K, used 23914K [0x0000000704c00000, 0x0000000800000000)
  region size 2048K, 3 young (6144K), 3 survivors (6144K)
 Metaspace       used 59811K, committed 60288K, reserved 1114112K
  class space    used 7331K, committed 7552K, reserved 1048576K
}
Event: 13.001 GC heap before
{Heap before GC invocations=16 (full 0):
 garbage-first heap   total 75776K, used 56682K [0x0000000704c00000, 0x0000000800000000)
  region size 2048K, 19 young (38912K), 3 survivors (6144K)
 Metaspace       used 66113K, committed 66688K, reserved 1114112K
  class space    used 8353K, committed 8640K, reserved 1048576K
}
Event: 13.008 GC heap after
{Heap after GC invocations=17 (full 0):
 garbage-first heap   total 75776K, used 25603K [0x0000000704c00000, 0x0000000800000000)
  region size 2048K, 3 young (6144K), 3 survivors (6144K)
 Metaspace       used 66113K, committed 66688K, reserved 1114112K
  class space    used 8353K, committed 8640K, reserved 1048576K
}
Event: 14.056 GC heap before
{Heap before GC invocations=17 (full 0):
 garbage-first heap   total 75776K, used 56323K [0x0000000704c00000, 0x0000000800000000)
  region size 2048K, 18 young (36864K), 3 survivors (6144K)
 Metaspace       used 69907K, committed 70400K, reserved 1114112K
  class space    used 8885K, committed 9152K, reserved 1048576K
}
Event: 14.064 GC heap after
{Heap after GC invocations=18 (full 0):
 garbage-first heap   total 75776K, used 27871K [0x0000000704c00000, 0x0000000800000000)
  region size 2048K, 3 young (6144K), 3 survivors (6144K)
 Metaspace       used 69907K, committed 70400K, reserved 1114112K
  class space    used 8885K, committed 9152K, reserved 1048576K
}
Event: 15.075 GC heap before
{Heap before GC invocations=18 (full 0):
 garbage-first heap   total 75776K, used 56543K [0x0000000704c00000, 0x0000000800000000)
  region size 2048K, 17 young (34816K), 3 survivors (6144K)
 Metaspace       used 73310K, committed 73856K, reserved 1114112K
  class space    used 9387K, committed 9664K, reserved 1048576K
}
Event: 15.086 GC heap after
{Heap after GC invocations=19 (full 0):
 garbage-first heap   total 75776K, used 30186K [0x0000000704c00000, 0x0000000800000000)
  region size 2048K, 3 young (6144K), 3 survivors (6144K)
 Metaspace       used 73310K, committed 73856K, reserved 1114112K
  class space    used 9387K, committed 9664K, reserved 1048576K
}
Event: 20.955 GC heap before
{Heap before GC invocations=19 (full 0):
 garbage-first heap   total 75776K, used 54762K [0x0000000704c00000, 0x0000000800000000)
  region size 2048K, 16 young (32768K), 3 survivors (6144K)
 Metaspace       used 77107K, committed 77696K, reserved 1179648K
  class space    used 9810K, committed 10112K, reserved 1048576K
}
Event: 20.967 GC heap after
{Heap after GC invocations=20 (full 0):
 garbage-first heap   total 75776K, used 32794K [0x0000000704c00000, 0x0000000800000000)
  region size 2048K, 2 young (4096K), 2 survivors (4096K)
 Metaspace       used 77107K, committed 77696K, reserved 1179648K
  class space    used 9810K, committed 10112K, reserved 1048576K
}
Event: 21.814 GC heap before
{Heap before GC invocations=20 (full 0):
 garbage-first heap   total 75776K, used 55322K [0x0000000704c00000, 0x0000000800000000)
  region size 2048K, 14 young (28672K), 2 survivors (4096K)
 Metaspace       used 82627K, committed 83200K, reserved 1179648K
  class space    used 10240K, committed 10496K, reserved 1048576K
}
Event: 21.821 GC heap after
{Heap after GC invocations=21 (full 0):
 garbage-first heap   total 75776K, used 34152K [0x0000000704c00000, 0x0000000800000000)
  region size 2048K, 1 young (2048K), 1 survivors (2048K)
 Metaspace       used 82627K, committed 83200K, reserved 1179648K
  class space    used 10240K, committed 10496K, reserved 1048576K
}

