# JRE version: OpenJDK Runtime Environment Temurin-17.0.8.1+1 (17.0.8.1+1) (build 17.0.8.1+1)
# Java VM: OpenJDK 64-Bit Server VM Temurin-17.0.8.1+1 (17.0.8.1+1, mixed mode, tiered, compressed oops, compressed class ptrs, g1 gc, windows-amd64)
GC Precious Log:
 CPUs: 4 total, 4 available
 Memory: 16079M
 Large Page Support: Disabled
 NUMA Support: Disabled
 Compressed Oops: Enabled (Zero based)
 Heap Region Size: 2M
 Heap Min Capacity: 8M
 Heap Initial Capacity: 252M
 Heap Max Capacity: 4020M
 Pre-touch: Disabled
 Parallel Workers: 4
 Concurrent Workers: 1
 Concurrent Refinement Workers: 4
 Periodic GC: Disabled
Heap:
 garbage-first heap   total 69632K, used 49393K [0x0000000704c00000, 0x0000000800000000)
  region size 2048K, 12 young (24576K), 2 survivors (4096K)
 Metaspace       used 83596K, committed 84096K, reserved 1179648K
  class space    used 10322K, committed 10560K, reserved 1048576K
GC Heap History (20 events):
Event: 7.247 GC heap before
{Heap before GC invocations=11 (full 0):
 garbage-first heap   total 40960K, used 24468K [0x0000000704c00000, 0x0000000800000000)
  region size 2048K, 7 young (14336K), 2 survivors (4096K)
 Metaspace       used 35605K, committed 35968K, reserved 1114112K
  class space    used 4167K, committed 4352K, reserved 1048576K
}
Event: 7.258 GC heap after
{Heap after GC invocations=12 (full 0):
 garbage-first heap   total 149504K, used 17049K [0x0000000704c00000, 0x0000000800000000)
  region size 2048K, 1 young (2048K), 1 survivors (2048K)
 Metaspace       used 35605K, committed 35968K, reserved 1114112K
  class space    used 4167K, committed 4352K, reserved 1048576K
}
Event: 10.238 GC heap before
{Heap before GC invocations=13 (full 0):
 garbage-first heap   total 69632K, used 55961K [0x0000000704c00000, 0x0000000800000000)
  region size 2048K, 20 young (40960K), 1 survivors (2048K)
 Metaspace       used 42263K, committed 42752K, reserved 1114112K
  class space    used 4939K, committed 5184K, reserved 1048576K
}
Event: 10.244 GC heap after
{Heap after GC invocations=14 (full 0):
 garbage-first heap   total 69632K, used 19820K [0x0000000704c00000, 0x0000000800000000)
  region size 2048K, 2 young (4096K), 2 survivors (4096K)
 Metaspace       used 42263K, committed 42752K, reserved 1114112K
  class space    used 4939K, committed 5184K, reserved 1048576K
}
Event: 11.835 GC heap before
{Heap before GC invocations=14 (full 0):
 garbage-first heap   total 69632K, used 48492K [0x0000000704c00000, 0x0000000800000000)
  region size 2048K, 17 young (34816K), 2 survivors (4096K)
 Metaspace       used 52179K, committed 52672K, reserved 1114112K
  class space    used 6230K, committed 6464K, reserved 1048576K
}
Event: 11.844 GC heap after
{Heap after GC invocations=15 (full 0):
 garbage-first heap   total 69632K, used 21808K [0x0000000704c00000, 0x0000000800000000)
  region size 2048K, 3 young (6144K), 3 survivors (6144K)
 Metaspace       used 52179K, committed 52672K, reserved 1114112K
  class space    used 6230K, committed 6464K, reserved 1048576K
}
Event: 13.385 GC heap before
{Heap before GC invocations=15 (full 0):
 garbage-first heap   total 69632K, used 48432K [0x0000000704c00000, 0x0000000800000000)
  region size 2048K, 17 young (34816K), 3 survivors (6144K)
 Metaspace       used 58506K, committed 58944K, reserved 1114112K
  class space    used 7175K, committed 7360K, reserved 1048576K
}
Event: 13.394 GC heap after
{Heap after GC invocations=16 (full 0):
 garbage-first heap   total 69632K, used 24287K [0x0000000704c00000, 0x0000000800000000)
  region size 2048K, 3 young (6144K), 3 survivors (6144K)
 Metaspace       used 58506K, committed 58944K, reserved 1114112K
  class space    used 7175K, committed 7360K, reserved 1048576K
}
Event: 13.580 GC heap before
{Heap before GC invocations=16 (full 0):
 garbage-first heap   total 69632K, used 26335K [0x0000000704c00000, 0x0000000800000000)
  region size 2048K, 5 young (10240K), 3 survivors (6144K)
 Metaspace       used 59798K, committed 60288K, reserved 1114112K
  class space    used 7331K, committed 7552K, reserved 1048576K
}
Event: 13.585 GC heap after
{Heap after GC invocations=17 (full 0):
 garbage-first heap   total 69632K, used 24545K [0x0000000704c00000, 0x0000000800000000)
  region size 2048K, 1 young (2048K), 1 survivors (2048K)
 Metaspace       used 59798K, committed 60288K, reserved 1114112K
  class space    used 7331K, committed 7552K, reserved 1048576K
}
Event: 15.570 GC heap before
{Heap before GC invocations=18 (full 0):
 garbage-first heap   total 69632K, used 53217K [0x0000000704c00000, 0x0000000800000000)
  region size 2048K, 15 young (30720K), 1 survivors (2048K)
 Metaspace       used 65602K, committed 66112K, reserved 1114112K
  class space    used 8316K, committed 8576K, reserved 1048576K
}
Event: 15.573 GC heap after
{Heap after GC invocations=19 (full 0):
 garbage-first heap   total 69632K, used 25231K [0x0000000704c00000, 0x0000000800000000)
  region size 2048K, 1 young (2048K), 1 survivors (2048K)
 Metaspace       used 65602K, committed 66112K, reserved 1114112K
  class space    used 8316K, committed 8576K, reserved 1048576K
}
Event: 16.738 GC heap before
{Heap before GC invocations=19 (full 0):
 garbage-first heap   total 69632K, used 53903K [0x0000000704c00000, 0x0000000800000000)
  region size 2048K, 15 young (30720K), 1 survivors (2048K)
 Metaspace       used 69448K, committed 70016K, reserved 1114112K
  class space    used 8820K, committed 9088K, reserved 1048576K
}
Event: 16.747 GC heap after
{Heap after GC invocations=20 (full 0):
 garbage-first heap   total 69632K, used 27246K [0x0000000704c00000, 0x0000000800000000)
  region size 2048K, 2 young (4096K), 2 survivors (4096K)
 Metaspace       used 69448K, committed 70016K, reserved 1114112K
  class space    used 8820K, committed 9088K, reserved 1048576K
}
Event: 18.009 GC heap before
{Heap before GC invocations=20 (full 0):
 garbage-first heap   total 69632K, used 53870K [0x0000000704c00000, 0x0000000800000000)
  region size 2048K, 15 young (30720K), 2 survivors (4096K)
 Metaspace       used 72295K, committed 72832K, reserved 1114112K
  class space    used 9239K, committed 9472K, reserved 1048576K
}
Event: 18.022 GC heap after
{Heap after GC invocations=21 (full 0):
 garbage-first heap   total 69632K, used 29631K [0x0000000704c00000, 0x0000000800000000)
  region size 2048K, 2 young (4096K), 2 survivors (4096K)
 Metaspace       used 72295K, committed 72832K, reserved 1114112K
  class space    used 9239K, committed 9472K, reserved 1048576K
}
Event: 21.100 GC heap before
{Heap before GC invocations=21 (full 0):
 garbage-first heap   total 69632K, used 52159K [0x0000000704c00000, 0x0000000800000000)
  region size 2048K, 13 young (26624K), 2 survivors (4096K)
 Metaspace       used 75723K, committed 76352K, reserved 1179648K
  class space    used 9675K, committed 9984K, reserved 1048576K
}
Event: 21.107 GC heap after
{Heap after GC invocations=22 (full 0):
 garbage-first heap   total 69632K, used 31393K [0x0000000704c00000, 0x0000000800000000)
  region size 2048K, 1 young (2048K), 1 survivors (2048K)
 Metaspace       used 75723K, committed 76352K, reserved 1179648K
  class space    used 9675K, committed 9984K, reserved 1048576K
}
Event: 21.721 GC heap before
{Heap before GC invocations=22 (full 0):
 garbage-first heap   total 69632K, used 51873K [0x0000000704c00000, 0x0000000800000000)
  region size 2048K, 12 young (24576K), 1 survivors (2048K)
 Metaspace       used 79801K, committed 80320K, reserved 1179648K
  class space    used 9983K, committed 10240K, reserved 1048576K
}
Event: 21.726 GC heap after
{Heap after GC invocations=23 (full 0):
 garbage-first heap   total 69632K, used 33009K [0x0000000704c00000, 0x0000000800000000)
  region size 2048K, 2 young (4096K), 2 survivors (4096K)
 Metaspace       used 79801K, committed 80320K, reserved 1179648K
  class space    used 9983K, committed 10240K, reserved 1048576K
}

