# JRE version: OpenJDK Runtime Environment Temurin-17.0.8.1+1 (17.0.8.1+1) (build 17.0.8.1+1)
# Java VM: OpenJDK 64-Bit Server VM Temurin-17.0.8.1+1 (17.0.8.1+1, mixed mode, tiered, compressed oops, compressed class ptrs, g1 gc, windows-amd64)
GC Precious Log:
 CPUs: 4 total, 4 available
 Memory: 16079M
 Large Page Support: Disabled
 NUMA Support: Disabled
 Compressed Oops: Enabled (Zero based)
 Heap Region Size: 2M
 Heap Min Capacity: 8M
 Heap Initial Capacity: 252M
 Heap Max Capacity: 4020M
 Pre-touch: Disabled
 Parallel Workers: 4
 Concurrent Workers: 1
 Concurrent Refinement Workers: 4
 Periodic GC: Disabled
Heap:
 garbage-first heap   total 69632K, used 46761K [0x0000000704c00000, 0x0000000800000000)
  region size 2048K, 10 young (20480K), 1 survivors (2048K)
 Metaspace       used 83774K, committed 84352K, reserved 1179648K
  class space    used 10332K, committed 10624K, reserved 1048576K
GC Heap History (20 events):
Event: 6.294 GC heap before
{Heap before GC invocations=13 (full 0):
 garbage-first heap   total 69632K, used 19512K [0x0000000704c00000, 0x0000000800000000)
  region size 2048K, 4 young (8192K), 3 survivors (6144K)
 Metaspace       used 41896K, committed 42368K, reserved 1114112K
  class space    used 4884K, committed 5120K, reserved 1048576K
}
Event: 6.301 GC heap after
{Heap after GC invocations=14 (full 0):
 garbage-first heap   total 69632K, used 19893K [0x0000000704c00000, 0x0000000800000000)
  region size 2048K, 1 young (2048K), 1 survivors (2048K)
 Metaspace       used 41896K, committed 42368K, reserved 1114112K
  class space    used 4884K, committed 5120K, reserved 1048576K
}
Event: 7.484 GC heap before
{Heap before GC invocations=14 (full 0):
 garbage-first heap   total 69632K, used 48565K [0x0000000704c00000, 0x0000000800000000)
  region size 2048K, 15 young (30720K), 1 survivors (2048K)
 Metaspace       used 50969K, committed 51456K, reserved 1114112K
  class space    used 6111K, committed 6336K, reserved 1048576K
}
Event: 7.488 GC heap after
{Heap after GC invocations=15 (full 0):
 garbage-first heap   total 69632K, used 20871K [0x0000000704c00000, 0x0000000800000000)
  region size 2048K, 1 young (2048K), 1 survivors (2048K)
 Metaspace       used 50969K, committed 51456K, reserved 1114112K
  class space    used 6111K, committed 6336K, reserved 1048576K
}
Event: 8.643 GC heap before
{Heap before GC invocations=15 (full 0):
 garbage-first heap   total 69632K, used 49543K [0x0000000704c00000, 0x0000000800000000)
  region size 2048K, 16 young (32768K), 1 survivors (2048K)
 Metaspace       used 57766K, committed 58240K, reserved 1114112K
  class space    used 6956K, committed 7168K, reserved 1048576K
}
Event: 8.650 GC heap after
{Heap after GC invocations=16 (full 0):
 garbage-first heap   total 69632K, used 23233K [0x0000000704c00000, 0x0000000800000000)
  region size 2048K, 2 young (4096K), 2 survivors (4096K)
 Metaspace       used 57766K, committed 58240K, reserved 1114112K
  class space    used 6956K, committed 7168K, reserved 1048576K
}
Event: 8.861 GC heap before
{Heap before GC invocations=16 (full 0):
 garbage-first heap   total 69632K, used 27329K [0x0000000704c00000, 0x0000000800000000)
  region size 2048K, 5 young (10240K), 2 survivors (4096K)
 Metaspace       used 59839K, committed 60288K, reserved 1114112K
  class space    used 7325K, committed 7552K, reserved 1048576K
}
Event: 8.866 GC heap after
{Heap after GC invocations=17 (full 0):
 garbage-first heap   total 69632K, used 23806K [0x0000000704c00000, 0x0000000800000000)
  region size 2048K, 1 young (2048K), 1 survivors (2048K)
 Metaspace       used 59839K, committed 60288K, reserved 1114112K
  class space    used 7325K, committed 7552K, reserved 1048576K
}
Event: 10.295 GC heap before
{Heap before GC invocations=18 (full 0):
 garbage-first heap   total 69632K, used 52478K [0x0000000704c00000, 0x0000000800000000)
  region size 2048K, 15 young (30720K), 1 survivors (2048K)
 Metaspace       used 65416K, committed 65920K, reserved 1114112K
  class space    used 8288K, committed 8512K, reserved 1048576K
}
Event: 10.299 GC heap after
{Heap after GC invocations=19 (full 0):
 garbage-first heap   total 69632K, used 24709K [0x0000000704c00000, 0x0000000800000000)
  region size 2048K, 1 young (2048K), 1 survivors (2048K)
 Metaspace       used 65416K, committed 65920K, reserved 1114112K
  class space    used 8288K, committed 8512K, reserved 1048576K
}
Event: 10.376 GC heap before
{Heap before GC invocations=19 (full 0):
 garbage-first heap   total 69632K, used 26757K [0x0000000704c00000, 0x0000000800000000)
  region size 2048K, 2 young (4096K), 1 survivors (2048K)
 Metaspace       used 65775K, committed 66240K, reserved 1114112K
  class space    used 8310K, committed 8512K, reserved 1048576K
}
Event: 10.382 GC heap after
{Heap after GC invocations=20 (full 0):
 garbage-first heap   total 69632K, used 24895K [0x0000000704c00000, 0x0000000800000000)
  region size 2048K, 1 young (2048K), 1 survivors (2048K)
 Metaspace       used 65775K, committed 66240K, reserved 1114112K
  class space    used 8310K, committed 8512K, reserved 1048576K
}
Event: 11.086 GC heap before
{Heap before GC invocations=20 (full 0):
 garbage-first heap   total 69632K, used 53567K [0x0000000704c00000, 0x0000000800000000)
  region size 2048K, 15 young (30720K), 1 survivors (2048K)
 Metaspace       used 69173K, committed 69760K, reserved 1114112K
  class space    used 8778K, committed 9088K, reserved 1048576K
}
Event: 11.090 GC heap after
{Heap after GC invocations=21 (full 0):
 garbage-first heap   total 69632K, used 26367K [0x0000000704c00000, 0x0000000800000000)
  region size 2048K, 1 young (2048K), 1 survivors (2048K)
 Metaspace       used 69173K, committed 69760K, reserved 1114112K
  class space    used 8778K, committed 9088K, reserved 1048576K
}
Event: 11.867 GC heap before
{Heap before GC invocations=21 (full 0):
 garbage-first heap   total 69632K, used 55039K [0x0000000704c00000, 0x0000000800000000)
  region size 2048K, 15 young (30720K), 1 survivors (2048K)
 Metaspace       used 72216K, committed 72768K, reserved 1114112K
  class space    used 9243K, committed 9536K, reserved 1048576K
}
Event: 11.874 GC heap after
{Heap after GC invocations=22 (full 0):
 garbage-first heap   total 69632K, used 28658K [0x0000000704c00000, 0x0000000800000000)
  region size 2048K, 2 young (4096K), 2 survivors (4096K)
 Metaspace       used 72216K, committed 72768K, reserved 1114112K
  class space    used 9243K, committed 9536K, reserved 1048576K
}
Event: 26.756 GC heap before
{Heap before GC invocations=22 (full 0):
 garbage-first heap   total 69632K, used 53234K [0x0000000704c00000, 0x0000000800000000)
  region size 2048K, 15 young (30720K), 2 survivors (4096K)
 Metaspace       used 76129K, committed 76672K, reserved 1179648K
  class space    used 9707K, committed 9984K, reserved 1048576K
}
Event: 26.768 GC heap after
{Heap after GC invocations=23 (full 0):
 garbage-first heap   total 69632K, used 31110K [0x0000000704c00000, 0x0000000800000000)
  region size 2048K, 2 young (4096K), 2 survivors (4096K)
 Metaspace       used 76129K, committed 76672K, reserved 1179648K
  class space    used 9707K, committed 9984K, reserved 1048576K
}
Event: 27.297 GC heap before
{Heap before GC invocations=23 (full 0):
 garbage-first heap   total 69632K, used 53638K [0x0000000704c00000, 0x0000000800000000)
  region size 2048K, 13 young (26624K), 2 survivors (4096K)
 Metaspace       used 80747K, committed 81344K, reserved 1179648K
  class space    used 10095K, committed 10368K, reserved 1048576K
}
Event: 27.302 GC heap after
{Heap after GC invocations=24 (full 0):
 garbage-first heap   total 69632K, used 32425K [0x0000000704c00000, 0x0000000800000000)
  region size 2048K, 1 young (2048K), 1 survivors (2048K)
 Metaspace       used 80747K, committed 81344K, reserved 1179648K
  class space    used 10095K, committed 10368K, reserved 1048576K
}

