# JRE version: OpenJDK Runtime Environment Temurin-17.0.8.1+1 (17.0.8.1+1) (build 17.0.8.1+1)
# Java VM: OpenJDK 64-Bit Server VM Temurin-17.0.8.1+1 (17.0.8.1+1, mixed mode, tiered, compressed oops, compressed class ptrs, g1 gc, windows-amd64)
GC Precious Log:
 CPUs: 4 total, 4 available
 Memory: 16079M
 Large Page Support: Disabled
 NUMA Support: Disabled
 Compressed Oops: Enabled (Zero based)
 Heap Region Size: 2M
 Heap Min Capacity: 8M
 Heap Initial Capacity: 252M
 Heap Max Capacity: 4020M
 Pre-touch: Disabled
 Parallel Workers: 4
 Concurrent Workers: 1
 Concurrent Refinement Workers: 4
 Periodic GC: Disabled
Heap:
 garbage-first heap   total 75776K, used 47600K [0x0000000704c00000, 0x0000000800000000)
  region size 2048K, 9 young (18432K), 1 survivors (2048K)
 Metaspace       used 83236K, committed 83776K, reserved 1179648K
  class space    used 10284K, committed 10560K, reserved 1048576K
GC Heap History (20 events):
Event: 3.334 GC heap before
{Heap before GC invocations=7 (full 0):
 garbage-first heap   total 40960K, used 23527K [0x0000000704c00000, 0x0000000800000000)
  region size 2048K, 7 young (14336K), 1 survivors (2048K)
 Metaspace       used 25808K, committed 25984K, reserved 1114112K
  class space    used 2845K, committed 2944K, reserved 1048576K
}
Event: 3.339 GC heap after
{Heap after GC invocations=8 (full 0):
 garbage-first heap   total 149504K, used 11964K [0x0000000704c00000, 0x0000000800000000)
  region size 2048K, 1 young (2048K), 1 survivors (2048K)
 Metaspace       used 25808K, committed 25984K, reserved 1114112K
  class space    used 2845K, committed 2944K, reserved 1048576K
}
Event: 5.863 GC heap before
{Heap before GC invocations=8 (full 0):
 garbage-first heap   total 149504K, used 65212K [0x0000000704c00000, 0x0000000800000000)
  region size 2048K, 28 young (57344K), 1 survivors (2048K)
 Metaspace       used 35582K, committed 35968K, reserved 1114112K
  class space    used 4159K, committed 4352K, reserved 1048576K
}
Event: 5.879 GC heap after
{Heap after GC invocations=9 (full 0):
 garbage-first heap   total 149504K, used 16750K [0x0000000704c00000, 0x0000000800000000)
  region size 2048K, 4 young (8192K), 4 survivors (8192K)
 Metaspace       used 35582K, committed 35968K, reserved 1114112K
  class space    used 4159K, committed 4352K, reserved 1048576K
}
Event: 7.368 GC heap before
{Heap before GC invocations=10 (full 0):
 garbage-first heap   total 75776K, used 53614K [0x0000000704c00000, 0x0000000800000000)
  region size 2048K, 22 young (45056K), 4 survivors (8192K)
 Metaspace       used 41851K, committed 42304K, reserved 1114112K
  class space    used 4879K, committed 5120K, reserved 1048576K
}
Event: 7.379 GC heap after
{Heap after GC invocations=11 (full 0):
 garbage-first heap   total 75776K, used 19815K [0x0000000704c00000, 0x0000000800000000)
  region size 2048K, 2 young (4096K), 2 survivors (4096K)
 Metaspace       used 41851K, committed 42304K, reserved 1114112K
  class space    used 4879K, committed 5120K, reserved 1048576K
}
Event: 8.730 GC heap before
{Heap before GC invocations=11 (full 0):
 garbage-first heap   total 75776K, used 52583K [0x0000000704c00000, 0x0000000800000000)
  region size 2048K, 18 young (36864K), 2 survivors (4096K)
 Metaspace       used 52160K, committed 52672K, reserved 1114112K
  class space    used 6223K, committed 6464K, reserved 1048576K
}
Event: 8.736 GC heap after
{Heap after GC invocations=12 (full 0):
 garbage-first heap   total 75776K, used 21394K [0x0000000704c00000, 0x0000000800000000)
  region size 2048K, 3 young (6144K), 3 survivors (6144K)
 Metaspace       used 52160K, committed 52672K, reserved 1114112K
  class space    used 6223K, committed 6464K, reserved 1048576K
}
Event: 9.956 GC heap before
{Heap before GC invocations=12 (full 0):
 garbage-first heap   total 75776K, used 50066K [0x0000000704c00000, 0x0000000800000000)
  region size 2048K, 19 young (38912K), 3 survivors (6144K)
 Metaspace       used 59674K, committed 60160K, reserved 1114112K
  class space    used 7307K, committed 7552K, reserved 1048576K
}
Event: 9.963 GC heap after
{Heap after GC invocations=13 (full 0):
 garbage-first heap   total 75776K, used 23837K [0x0000000704c00000, 0x0000000800000000)
  region size 2048K, 3 young (6144K), 3 survivors (6144K)
 Metaspace       used 59674K, committed 60160K, reserved 1114112K
  class space    used 7307K, committed 7552K, reserved 1048576K
}
Event: 11.336 GC heap before
{Heap before GC invocations=14 (full 0):
 garbage-first heap   total 75776K, used 54557K [0x0000000704c00000, 0x0000000800000000)
  region size 2048K, 18 young (36864K), 3 survivors (6144K)
 Metaspace       used 65573K, committed 66048K, reserved 1114112K
  class space    used 8304K, committed 8512K, reserved 1048576K
}
Event: 11.344 GC heap after
{Heap after GC invocations=15 (full 0):
 garbage-first heap   total 75776K, used 25529K [0x0000000704c00000, 0x0000000800000000)
  region size 2048K, 3 young (6144K), 3 survivors (6144K)
 Metaspace       used 65573K, committed 66048K, reserved 1114112K
  class space    used 8304K, committed 8512K, reserved 1048576K
}
Event: 12.101 GC heap before
{Heap before GC invocations=15 (full 0):
 garbage-first heap   total 75776K, used 54201K [0x0000000704c00000, 0x0000000800000000)
  region size 2048K, 17 young (34816K), 3 survivors (6144K)
 Metaspace       used 69377K, committed 69952K, reserved 1114112K
  class space    used 8804K, committed 9088K, reserved 1048576K
}
Event: 12.110 GC heap after
{Heap after GC invocations=16 (full 0):
 garbage-first heap   total 75776K, used 26957K [0x0000000704c00000, 0x0000000800000000)
  region size 2048K, 2 young (4096K), 2 survivors (4096K)
 Metaspace       used 69377K, committed 69952K, reserved 1114112K
  class space    used 8804K, committed 9088K, reserved 1048576K
}
Event: 12.822 GC heap before
{Heap before GC invocations=16 (full 0):
 garbage-first heap   total 75776K, used 55629K [0x0000000704c00000, 0x0000000800000000)
  region size 2048K, 16 young (32768K), 2 survivors (4096K)
 Metaspace       used 71965K, committed 72512K, reserved 1114112K
  class space    used 9196K, committed 9472K, reserved 1048576K
}
Event: 12.832 GC heap after
{Heap after GC invocations=17 (full 0):
 garbage-first heap   total 75776K, used 29155K [0x0000000704c00000, 0x0000000800000000)
  region size 2048K, 2 young (4096K), 2 survivors (4096K)
 Metaspace       used 71965K, committed 72512K, reserved 1114112K
  class space    used 9196K, committed 9472K, reserved 1048576K
}
Event: 19.485 GC heap before
{Heap before GC invocations=17 (full 0):
 garbage-first heap   total 75776K, used 53731K [0x0000000704c00000, 0x0000000800000000)
  region size 2048K, 15 young (30720K), 2 survivors (4096K)
 Metaspace       used 75527K, committed 76096K, reserved 1179648K
  class space    used 9650K, committed 9920K, reserved 1048576K
}
Event: 19.495 GC heap after
{Heap after GC invocations=18 (full 0):
 garbage-first heap   total 75776K, used 31828K [0x0000000704c00000, 0x0000000800000000)
  region size 2048K, 2 young (4096K), 2 survivors (4096K)
 Metaspace       used 75527K, committed 76096K, reserved 1179648K
  class space    used 9650K, committed 9920K, reserved 1048576K
}
Event: 20.079 GC heap before
{Heap before GC invocations=18 (full 0):
 garbage-first heap   total 75776K, used 54356K [0x0000000704c00000, 0x0000000800000000)
  region size 2048K, 14 young (28672K), 2 survivors (4096K)
 Metaspace       used 80276K, committed 80896K, reserved 1179648K
  class space    used 10035K, committed 10304K, reserved 1048576K
}
Event: 20.086 GC heap after
{Heap after GC invocations=19 (full 0):
 garbage-first heap   total 75776K, used 33264K [0x0000000704c00000, 0x0000000800000000)
  region size 2048K, 1 young (2048K), 1 survivors (2048K)
 Metaspace       used 80276K, committed 80896K, reserved 1179648K
  class space    used 10035K, committed 10304K, reserved 1048576K
}

