# JRE version: OpenJDK Runtime Environment Temurin-17.0.8.1+1 (17.0.8.1+1) (build 17.0.8.1+1)
# Java VM: OpenJDK 64-Bit Server VM Temurin-17.0.8.1+1 (17.0.8.1+1, mixed mode, tiered, compressed oops, compressed class ptrs, g1 gc, windows-amd64)
GC Precious Log:
 CPUs: 4 total, 4 available
 Memory: 16079M
 Large Page Support: Disabled
 NUMA Support: Disabled
 Compressed Oops: Enabled (Zero based)
 Heap Region Size: 2M
 Heap Min Capacity: 8M
 Heap Initial Capacity: 252M
 Heap Max Capacity: 4020M
 Pre-touch: Disabled
 Parallel Workers: 4
 Concurrent Workers: 1
 Concurrent Refinement Workers: 4
 Periodic GC: Disabled
Heap:
 garbage-first heap   total 69632K, used 48809K [0x0000000704c00000, 0x0000000800000000)
  region size 2048K, 10 young (20480K), 1 survivors (2048K)
 Metaspace       used 83023K, committed 83648K, reserved 1179648K
  class space    used 10257K, committed 10560K, reserved 1048576K
GC Heap History (20 events):
Event: 6.421 GC heap before
{Heap before GC invocations=13 (full 0):
 garbage-first heap   total 69632K, used 51774K [0x0000000704c00000, 0x0000000800000000)
  region size 2048K, 20 young (40960K), 3 survivors (6144K)
 Metaspace       used 41515K, committed 41984K, reserved 1114112K
  class space    used 4824K, committed 5056K, reserved 1048576K
}
Event: 6.430 GC heap after
{Heap after GC invocations=14 (full 0):
 garbage-first heap   total 69632K, used 19655K [0x0000000704c00000, 0x0000000800000000)
  region size 2048K, 3 young (6144K), 3 survivors (6144K)
 Metaspace       used 41515K, committed 41984K, reserved 1114112K
  class space    used 4824K, committed 5056K, reserved 1048576K
}
Event: 6.483 GC heap before
{Heap before GC invocations=14 (full 0):
 garbage-first heap   total 69632K, used 19655K [0x0000000704c00000, 0x0000000800000000)
  region size 2048K, 4 young (8192K), 3 survivors (6144K)
 Metaspace       used 41828K, committed 42304K, reserved 1114112K
  class space    used 4880K, committed 5120K, reserved 1048576K
}
Event: 6.490 GC heap after
{Heap after GC invocations=15 (full 0):
 garbage-first heap   total 69632K, used 19825K [0x0000000704c00000, 0x0000000800000000)
  region size 2048K, 1 young (2048K), 1 survivors (2048K)
 Metaspace       used 41828K, committed 42304K, reserved 1114112K
  class space    used 4880K, committed 5120K, reserved 1048576K
}
Event: 7.621 GC heap before
{Heap before GC invocations=15 (full 0):
 garbage-first heap   total 69632K, used 50545K [0x0000000704c00000, 0x0000000800000000)
  region size 2048K, 16 young (32768K), 1 survivors (2048K)
 Metaspace       used 51419K, committed 51904K, reserved 1114112K
  class space    used 6142K, committed 6400K, reserved 1048576K
}
Event: 7.625 GC heap after
{Heap after GC invocations=16 (full 0):
 garbage-first heap   total 69632K, used 20881K [0x0000000704c00000, 0x0000000800000000)
  region size 2048K, 1 young (2048K), 1 survivors (2048K)
 Metaspace       used 51419K, committed 51904K, reserved 1114112K
  class space    used 6142K, committed 6400K, reserved 1048576K
}
Event: 8.740 GC heap before
{Heap before GC invocations=16 (full 0):
 garbage-first heap   total 69632K, used 51601K [0x0000000704c00000, 0x0000000800000000)
  region size 2048K, 16 young (32768K), 1 survivors (2048K)
 Metaspace       used 58337K, committed 58816K, reserved 1114112K
  class space    used 7126K, committed 7360K, reserved 1048576K
}
Event: 8.747 GC heap after
{Heap after GC invocations=17 (full 0):
 garbage-first heap   total 69632K, used 23159K [0x0000000704c00000, 0x0000000800000000)
  region size 2048K, 2 young (4096K), 2 survivors (4096K)
 Metaspace       used 58337K, committed 58816K, reserved 1114112K
  class space    used 7126K, committed 7360K, reserved 1048576K
}
Event: 8.888 GC heap before
{Heap before GC invocations=17 (full 0):
 garbage-first heap   total 69632K, used 27255K [0x0000000704c00000, 0x0000000800000000)
  region size 2048K, 5 young (10240K), 2 survivors (4096K)
 Metaspace       used 59867K, committed 60288K, reserved 1114112K
  class space    used 7329K, committed 7552K, reserved 1048576K
}
Event: 8.894 GC heap after
{Heap after GC invocations=18 (full 0):
 garbage-first heap   total 69632K, used 23734K [0x0000000704c00000, 0x0000000800000000)
  region size 2048K, 1 young (2048K), 1 survivors (2048K)
 Metaspace       used 59867K, committed 60288K, reserved 1114112K
  class space    used 7329K, committed 7552K, reserved 1048576K
}
Event: 10.085 GC heap before
{Heap before GC invocations=19 (full 0):
 garbage-first heap   total 69632K, used 52406K [0x0000000704c00000, 0x0000000800000000)
  region size 2048K, 15 young (30720K), 1 survivors (2048K)
 Metaspace       used 65465K, committed 65984K, reserved 1114112K
  class space    used 8297K, committed 8512K, reserved 1048576K
}
Event: 10.089 GC heap after
{Heap after GC invocations=20 (full 0):
 garbage-first heap   total 69632K, used 24708K [0x0000000704c00000, 0x0000000800000000)
  region size 2048K, 1 young (2048K), 1 survivors (2048K)
 Metaspace       used 65465K, committed 65984K, reserved 1114112K
  class space    used 8297K, committed 8512K, reserved 1048576K
}
Event: 11.321 GC heap before
{Heap before GC invocations=20 (full 0):
 garbage-first heap   total 69632K, used 53380K [0x0000000704c00000, 0x0000000800000000)
  region size 2048K, 15 young (30720K), 1 survivors (2048K)
 Metaspace       used 69425K, committed 70016K, reserved 1114112K
  class space    used 8812K, committed 9088K, reserved 1048576K
}
Event: 11.326 GC heap after
{Heap after GC invocations=21 (full 0):
 garbage-first heap   total 69632K, used 26862K [0x0000000704c00000, 0x0000000800000000)
  region size 2048K, 2 young (4096K), 2 survivors (4096K)
 Metaspace       used 69425K, committed 70016K, reserved 1114112K
  class space    used 8812K, committed 9088K, reserved 1048576K
}
Event: 12.208 GC heap before
{Heap before GC invocations=21 (full 0):
 garbage-first heap   total 69632K, used 53486K [0x0000000704c00000, 0x0000000800000000)
  region size 2048K, 15 young (30720K), 2 survivors (4096K)
 Metaspace       used 72203K, committed 72704K, reserved 1114112K
  class space    used 9232K, committed 9472K, reserved 1048576K
}
Event: 12.215 GC heap after
{Heap after GC invocations=22 (full 0):
 garbage-first heap   total 69632K, used 29201K [0x0000000704c00000, 0x0000000800000000)
  region size 2048K, 2 young (4096K), 2 survivors (4096K)
 Metaspace       used 72203K, committed 72704K, reserved 1114112K
  class space    used 9232K, committed 9472K, reserved 1048576K
}
Event: 13.409 GC heap before
{Heap before GC invocations=22 (full 0):
 garbage-first heap   total 69632K, used 49681K [0x0000000704c00000, 0x0000000800000000)
  region size 2048K, 13 young (26624K), 2 survivors (4096K)
 Metaspace       used 75391K, committed 75904K, reserved 1179648K
  class space    used 9638K, committed 9856K, reserved 1048576K
}
Event: 13.421 GC heap after
{Heap after GC invocations=23 (full 0):
 garbage-first heap   total 69632K, used 31789K [0x0000000704c00000, 0x0000000800000000)
  region size 2048K, 2 young (4096K), 2 survivors (4096K)
 Metaspace       used 75391K, committed 75904K, reserved 1179648K
  class space    used 9638K, committed 9856K, reserved 1048576K
}
Event: 13.947 GC heap before
{Heap before GC invocations=23 (full 0):
 garbage-first heap   total 69632K, used 50221K [0x0000000704c00000, 0x0000000800000000)
  region size 2048K, 12 young (24576K), 2 survivors (4096K)
 Metaspace       used 79552K, committed 80128K, reserved 1179648K
  class space    used 9967K, committed 10240K, reserved 1048576K
}
Event: 13.952 GC heap after
{Heap after GC invocations=24 (full 0):
 garbage-first heap   total 69632K, used 32425K [0x0000000704c00000, 0x0000000800000000)
  region size 2048K, 1 young (2048K), 1 survivors (2048K)
 Metaspace       used 79552K, committed 80128K, reserved 1179648K
  class space    used 9967K, committed 10240K, reserved 1048576K
}

