# JRE version: OpenJDK Runtime Environment Temurin-17.0.8.1+1 (17.0.8.1+1) (build 17.0.8.1+1)
# Java VM: OpenJDK 64-Bit Server VM Temurin-17.0.8.1+1 (17.0.8.1+1, mixed mode, tiered, compressed oops, compressed class ptrs, g1 gc, windows-amd64)
GC Precious Log:
 CPUs: 4 total, 4 available
 Memory: 16079M
 Large Page Support: Disabled
 NUMA Support: Disabled
 Compressed Oops: Enabled (Zero based)
 Heap Region Size: 2M
 Heap Min Capacity: 8M
 Heap Initial Capacity: 252M
 Heap Max Capacity: 4020M
 Pre-touch: Disabled
 Parallel Workers: 4
 Concurrent Workers: 1
 Concurrent Refinement Workers: 4
 Periodic GC: Disabled
Heap:
 garbage-first heap   total 69632K, used 44708K [0x0000000704c00000, 0x0000000800000000)
  region size 2048K, 7 young (14336K), 1 survivors (2048K)
 Metaspace       used 83588K, committed 84224K, reserved 1179648K
  class space    used 10334K, committed 10624K, reserved 1048576K
GC Heap History (20 events):
Event: 6.813 GC heap before
{Heap before GC invocations=11 (full 0):
 garbage-first heap   total 69632K, used 51851K [0x0000000704c00000, 0x0000000800000000)
  region size 2048K, 20 young (40960K), 3 survivors (6144K)
 Metaspace       used 41357K, committed 41856K, reserved 1114112K
  class space    used 4805K, committed 5056K, reserved 1048576K
}
Event: 6.824 GC heap after
{Heap after GC invocations=12 (full 0):
 garbage-first heap   total 69632K, used 19799K [0x0000000704c00000, 0x0000000800000000)
  region size 2048K, 2 young (4096K), 2 survivors (4096K)
 Metaspace       used 41357K, committed 41856K, reserved 1114112K
  class space    used 4805K, committed 5056K, reserved 1048576K
}
Event: 7.799 GC heap before
{Heap before GC invocations=12 (full 0):
 garbage-first heap   total 69632K, used 48471K [0x0000000704c00000, 0x0000000800000000)
  region size 2048K, 16 young (32768K), 2 survivors (4096K)
 Metaspace       used 48251K, committed 48704K, reserved 1114112K
  class space    used 5782K, committed 6016K, reserved 1048576K
}
Event: 7.804 GC heap after
{Heap after GC invocations=13 (full 0):
 garbage-first heap   total 69632K, used 21733K [0x0000000704c00000, 0x0000000800000000)
  region size 2048K, 1 young (2048K), 1 survivors (2048K)
 Metaspace       used 48251K, committed 48704K, reserved 1114112K
  class space    used 5782K, committed 6016K, reserved 1048576K
}
Event: 9.191 GC heap before
{Heap before GC invocations=13 (full 0):
 garbage-first heap   total 69632K, used 50405K [0x0000000704c00000, 0x0000000800000000)
  region size 2048K, 15 young (30720K), 1 survivors (2048K)
 Metaspace       used 56305K, committed 56768K, reserved 1114112K
  class space    used 6769K, committed 6976K, reserved 1048576K
}
Event: 9.196 GC heap after
{Heap after GC invocations=14 (full 0):
 garbage-first heap   total 69632K, used 23792K [0x0000000704c00000, 0x0000000800000000)
  region size 2048K, 2 young (4096K), 2 survivors (4096K)
 Metaspace       used 56305K, committed 56768K, reserved 1114112K
  class space    used 6769K, committed 6976K, reserved 1048576K
}
Event: 9.547 GC heap before
{Heap before GC invocations=14 (full 0):
 garbage-first heap   total 69632K, used 31984K [0x0000000704c00000, 0x0000000800000000)
  region size 2048K, 8 young (16384K), 2 survivors (4096K)
 Metaspace       used 59839K, committed 60288K, reserved 1114112K
  class space    used 7322K, committed 7552K, reserved 1048576K
}
Event: 9.552 GC heap after
{Heap after GC invocations=15 (full 0):
 garbage-first heap   total 69632K, used 24619K [0x0000000704c00000, 0x0000000800000000)
  region size 2048K, 1 young (2048K), 1 survivors (2048K)
 Metaspace       used 59839K, committed 60288K, reserved 1114112K
  class space    used 7322K, committed 7552K, reserved 1048576K
}
Event: 10.386 GC heap before
{Heap before GC invocations=16 (full 0):
 garbage-first heap   total 69632K, used 51243K [0x0000000704c00000, 0x0000000800000000)
  region size 2048K, 14 young (28672K), 1 survivors (2048K)
 Metaspace       used 65014K, committed 65536K, reserved 1114112K
  class space    used 8257K, committed 8512K, reserved 1048576K
}
Event: 10.390 GC heap after
{Heap after GC invocations=17 (full 0):
 garbage-first heap   total 69632K, used 25535K [0x0000000704c00000, 0x0000000800000000)
  region size 2048K, 1 young (2048K), 1 survivors (2048K)
 Metaspace       used 65014K, committed 65536K, reserved 1114112K
  class space    used 8257K, committed 8512K, reserved 1048576K
}
Event: 11.317 GC heap before
{Heap before GC invocations=17 (full 0):
 garbage-first heap   total 69632K, used 52159K [0x0000000704c00000, 0x0000000800000000)
  region size 2048K, 14 young (28672K), 1 survivors (2048K)
 Metaspace       used 69044K, committed 69504K, reserved 1114112K
  class space    used 8763K, committed 8960K, reserved 1048576K
}
Event: 11.326 GC heap after
{Heap after GC invocations=18 (full 0):
 garbage-first heap   total 69632K, used 27409K [0x0000000704c00000, 0x0000000800000000)
  region size 2048K, 2 young (4096K), 2 survivors (4096K)
 Metaspace       used 69044K, committed 69504K, reserved 1114112K
  class space    used 8763K, committed 8960K, reserved 1048576K
}
Event: 11.907 GC heap before
{Heap before GC invocations=18 (full 0):
 garbage-first heap   total 69632K, used 51985K [0x0000000704c00000, 0x0000000800000000)
  region size 2048K, 14 young (28672K), 2 survivors (4096K)
 Metaspace       used 71269K, committed 71872K, reserved 1114112K
  class space    used 9105K, committed 9408K, reserved 1048576K
}
Event: 11.916 GC heap after
{Heap after GC invocations=19 (full 0):
 garbage-first heap   total 69632K, used 29299K [0x0000000704c00000, 0x0000000800000000)
  region size 2048K, 2 young (4096K), 2 survivors (4096K)
 Metaspace       used 71269K, committed 71872K, reserved 1114112K
  class space    used 9105K, committed 9408K, reserved 1048576K
}
Event: 15.912 GC heap before
{Heap before GC invocations=19 (full 0):
 garbage-first heap   total 69632K, used 53875K [0x0000000704c00000, 0x0000000800000000)
  region size 2048K, 14 young (28672K), 2 survivors (4096K)
 Metaspace       used 74394K, committed 74944K, reserved 1114112K
  class space    used 9504K, committed 9728K, reserved 1048576K
}
Event: 15.921 GC heap after
{Heap after GC invocations=20 (full 0):
 garbage-first heap   total 69632K, used 31161K [0x0000000704c00000, 0x0000000800000000)
  region size 2048K, 2 young (4096K), 2 survivors (4096K)
 Metaspace       used 74394K, committed 74944K, reserved 1114112K
  class space    used 9504K, committed 9728K, reserved 1048576K
}
Event: 16.767 GC heap before
{Heap before GC invocations=20 (full 0):
 garbage-first heap   total 69632K, used 51641K [0x0000000704c00000, 0x0000000800000000)
  region size 2048K, 13 young (26624K), 2 survivors (4096K)
 Metaspace       used 78026K, committed 78592K, reserved 1179648K
  class space    used 9862K, committed 10112K, reserved 1048576K
}
Event: 16.775 GC heap after
{Heap after GC invocations=21 (full 0):
 garbage-first heap   total 69632K, used 33497K [0x0000000704c00000, 0x0000000800000000)
  region size 2048K, 2 young (4096K), 2 survivors (4096K)
 Metaspace       used 78026K, committed 78592K, reserved 1179648K
  class space    used 9862K, committed 10112K, reserved 1048576K
}
Event: 17.249 GC heap before
{Heap before GC invocations=21 (full 0):
 garbage-first heap   total 69632K, used 51929K [0x0000000704c00000, 0x0000000800000000)
  region size 2048K, 11 young (22528K), 2 survivors (4096K)
 Metaspace       used 82577K, committed 83136K, reserved 1179648K
  class space    used 10249K, committed 10496K, reserved 1048576K
}
Event: 17.253 GC heap after
{Heap after GC invocations=22 (full 0):
 garbage-first heap   total 69632K, used 34468K [0x0000000704c00000, 0x0000000800000000)
  region size 2048K, 1 young (2048K), 1 survivors (2048K)
 Metaspace       used 82577K, committed 83136K, reserved 1179648K
  class space    used 10249K, committed 10496K, reserved 1048576K
}

