# JRE version: OpenJDK Runtime Environment Temurin-17.0.8.1+1 (17.0.8.1+1) (build 17.0.8.1+1)
# Java VM: OpenJDK 64-Bit Server VM Temurin-17.0.8.1+1 (17.0.8.1+1, mixed mode, tiered, compressed oops, compressed class ptrs, g1 gc, windows-amd64)
GC Precious Log:
 CPUs: 4 total, 4 available
 Memory: 16079M
 Large Page Support: Disabled
 NUMA Support: Disabled
 Compressed Oops: Enabled (Zero based)
 Heap Region Size: 2M
 Heap Min Capacity: 8M
 Heap Initial Capacity: 252M
 Heap Max Capacity: 4020M
 Pre-touch: Disabled
 Parallel Workers: 4
 Concurrent Workers: 1
 Concurrent Refinement Workers: 4
 Periodic GC: Disabled
Heap:
 garbage-first heap   total 112640K, used 40320K [0x0000000704c00000, 0x0000000800000000)
  region size 2048K, 6 young (12288K), 2 survivors (4096K)
 Metaspace       used 86716K, committed 87232K, reserved 1179648K
  class space    used 10698K, committed 10944K, reserved 1048576K
GC Heap History (20 events):
Event: 6.491 GC heap before
{Heap before GC invocations=12 (full 0):
 garbage-first heap   total 69632K, used 51755K [0x0000000704c00000, 0x0000000800000000)
  region size 2048K, 20 young (40960K), 3 survivors (6144K)
 Metaspace       used 41785K, committed 42240K, reserved 1114112K
  class space    used 4873K, committed 5120K, reserved 1048576K
}
Event: 6.503 GC heap after
{Heap after GC invocations=13 (full 0):
 garbage-first heap   total 69632K, used 19665K [0x0000000704c00000, 0x0000000800000000)
  region size 2048K, 3 young (6144K), 3 survivors (6144K)
 Metaspace       used 41785K, committed 42240K, reserved 1114112K
  class space    used 4873K, committed 5120K, reserved 1048576K
}
Event: 6.572 GC heap before
{Heap before GC invocations=13 (full 0):
 garbage-first heap   total 69632K, used 19665K [0x0000000704c00000, 0x0000000800000000)
  region size 2048K, 4 young (8192K), 3 survivors (6144K)
 Metaspace       used 42169K, committed 42624K, reserved 1114112K
  class space    used 4921K, committed 5184K, reserved 1048576K
}
Event: 6.579 GC heap after
{Heap after GC invocations=14 (full 0):
 garbage-first heap   total 69632K, used 19989K [0x0000000704c00000, 0x0000000800000000)
  region size 2048K, 1 young (2048K), 1 survivors (2048K)
 Metaspace       used 42169K, committed 42624K, reserved 1114112K
  class space    used 4921K, committed 5184K, reserved 1048576K
}
Event: 7.782 GC heap before
{Heap before GC invocations=14 (full 0):
 garbage-first heap   total 69632K, used 48661K [0x0000000704c00000, 0x0000000800000000)
  region size 2048K, 15 young (30720K), 1 survivors (2048K)
 Metaspace       used 51435K, committed 51968K, reserved 1114112K
  class space    used 6150K, committed 6400K, reserved 1048576K
}
Event: 7.785 GC heap after
{Heap after GC invocations=15 (full 0):
 garbage-first heap   total 69632K, used 20949K [0x0000000704c00000, 0x0000000800000000)
  region size 2048K, 1 young (2048K), 1 survivors (2048K)
 Metaspace       used 51435K, committed 51968K, reserved 1114112K
  class space    used 6150K, committed 6400K, reserved 1048576K
}
Event: 8.887 GC heap before
{Heap before GC invocations=15 (full 0):
 garbage-first heap   total 69632K, used 51669K [0x0000000704c00000, 0x0000000800000000)
  region size 2048K, 16 young (32768K), 1 survivors (2048K)
 Metaspace       used 57897K, committed 58304K, reserved 1114112K
  class space    used 6970K, committed 7168K, reserved 1048576K
}
Event: 8.893 GC heap after
{Heap after GC invocations=16 (full 0):
 garbage-first heap   total 69632K, used 23331K [0x0000000704c00000, 0x0000000800000000)
  region size 2048K, 2 young (4096K), 2 survivors (4096K)
 Metaspace       used 57897K, committed 58304K, reserved 1114112K
  class space    used 6970K, committed 7168K, reserved 1048576K
}
Event: 9.149 GC heap before
{Heap before GC invocations=16 (full 0):
 garbage-first heap   total 69632K, used 27427K [0x0000000704c00000, 0x0000000800000000)
  region size 2048K, 5 young (10240K), 2 survivors (4096K)
 Metaspace       used 60023K, committed 60416K, reserved 1114112K
  class space    used 7364K, committed 7552K, reserved 1048576K
}
Event: 9.169 GC heap after
{Heap after GC invocations=17 (full 0):
 garbage-first heap   total 69632K, used 23696K [0x0000000704c00000, 0x0000000800000000)
  region size 2048K, 1 young (2048K), 1 survivors (2048K)
 Metaspace       used 60023K, committed 60416K, reserved 1114112K
  class space    used 7364K, committed 7552K, reserved 1048576K
}
Event: 10.349 GC heap before
{Heap before GC invocations=18 (full 0):
 garbage-first heap   total 69632K, used 52368K [0x0000000704c00000, 0x0000000800000000)
  region size 2048K, 15 young (30720K), 1 survivors (2048K)
 Metaspace       used 65552K, committed 66112K, reserved 1114112K
  class space    used 8308K, committed 8576K, reserved 1048576K
}
Event: 10.353 GC heap after
{Heap after GC invocations=19 (full 0):
 garbage-first heap   total 69632K, used 25037K [0x0000000704c00000, 0x0000000800000000)
  region size 2048K, 1 young (2048K), 1 survivors (2048K)
 Metaspace       used 65552K, committed 66112K, reserved 1114112K
  class space    used 8308K, committed 8576K, reserved 1048576K
}
Event: 10.398 GC heap before
{Heap before GC invocations=19 (full 0):
 garbage-first heap   total 69632K, used 27085K [0x0000000704c00000, 0x0000000800000000)
  region size 2048K, 2 young (4096K), 1 survivors (2048K)
 Metaspace       used 65890K, committed 66432K, reserved 1114112K
  class space    used 8326K, committed 8576K, reserved 1048576K
}
Event: 10.404 GC heap after
{Heap after GC invocations=20 (full 0):
 garbage-first heap   total 69632K, used 24983K [0x0000000704c00000, 0x0000000800000000)
  region size 2048K, 1 young (2048K), 1 survivors (2048K)
 Metaspace       used 65890K, committed 66432K, reserved 1114112K
  class space    used 8326K, committed 8576K, reserved 1048576K
}
Event: 11.215 GC heap before
{Heap before GC invocations=20 (full 0):
 garbage-first heap   total 69632K, used 53655K [0x0000000704c00000, 0x0000000800000000)
  region size 2048K, 15 young (30720K), 1 survivors (2048K)
 Metaspace       used 69532K, committed 70080K, reserved 1114112K
  class space    used 8828K, committed 9088K, reserved 1048576K
}
Event: 11.221 GC heap after
{Heap after GC invocations=21 (full 0):
 garbage-first heap   total 112640K, used 26627K [0x0000000704c00000, 0x0000000800000000)
  region size 2048K, 2 young (4096K), 2 survivors (4096K)
 Metaspace       used 69532K, committed 70080K, reserved 1114112K
  class space    used 8828K, committed 9088K, reserved 1048576K
}
Event: 21.952 GC heap before
{Heap before GC invocations=21 (full 0):
 garbage-first heap   total 112640K, used 83971K [0x0000000704c00000, 0x0000000800000000)
  region size 2048K, 30 young (61440K), 2 survivors (4096K)
 Metaspace       used 76763K, committed 77376K, reserved 1179648K
  class space    used 9770K, committed 10048K, reserved 1048576K
}
Event: 21.967 GC heap after
{Heap after GC invocations=22 (full 0):
 garbage-first heap   total 112640K, used 31000K [0x0000000704c00000, 0x0000000800000000)
  region size 2048K, 4 young (8192K), 4 survivors (8192K)
 Metaspace       used 76763K, committed 77376K, reserved 1179648K
  class space    used 9770K, committed 10048K, reserved 1048576K
}
Event: 30.905 GC heap before
{Heap before GC invocations=22 (full 0):
 garbage-first heap   total 112640K, used 82200K [0x0000000704c00000, 0x0000000800000000)
  region size 2048K, 30 young (61440K), 4 survivors (8192K)
 Metaspace       used 86414K, committed 86976K, reserved 1179648K
  class space    used 10696K, committed 10944K, reserved 1048576K
}
Event: 30.917 GC heap after
{Heap after GC invocations=23 (full 0):
 garbage-first heap   total 112640K, used 34176K [0x0000000704c00000, 0x0000000800000000)
  region size 2048K, 2 young (4096K), 2 survivors (4096K)
 Metaspace       used 86414K, committed 86976K, reserved 1179648K
  class space    used 10696K, committed 10944K, reserved 1048576K
}

