# JRE version: OpenJDK Runtime Environment Temurin-17.0.8.1+1 (17.0.8.1+1) (build 17.0.8.1+1)
# Java VM: OpenJDK 64-Bit Server VM Temurin-17.0.8.1+1 (17.0.8.1+1, mixed mode, tiered, compressed oops, compressed class ptrs, g1 gc, windows-amd64)
GC Precious Log:
 CPUs: 4 total, 4 available
 Memory: 16079M
 Large Page Support: Disabled
 NUMA Support: Disabled
 Compressed Oops: Enabled (Zero based)
 Heap Region Size: 2M
 Heap Min Capacity: 8M
 Heap Initial Capacity: 252M
 Heap Max Capacity: 4020M
 Pre-touch: Disabled
 Parallel Workers: 4
 Concurrent Workers: 1
 Concurrent Refinement Workers: 4
 Periodic GC: Disabled
Heap:
 garbage-first heap   total 75776K, used 36777K [0x0000000704c00000, 0x0000000800000000)
  region size 2048K, 5 young (10240K), 2 survivors (4096K)
 Metaspace       used 86564K, committed 87168K, reserved 1179648K
  class space    used 10708K, committed 11008K, reserved 1048576K
GC Heap History (20 events):
Event: 6.802 GC heap before
{Heap before GC invocations=11 (full 0):
 garbage-first heap   total 75776K, used 21809K [0x0000000704c00000, 0x0000000800000000)
  region size 2048K, 3 young (6144K), 2 survivors (4096K)
 Metaspace       used 42338K, committed 42816K, reserved 1114112K
  class space    used 4952K, committed 5184K, reserved 1048576K
}
Event: 6.809 GC heap after
{Heap after GC invocations=12 (full 0):
 garbage-first heap   total 75776K, used 19850K [0x0000000704c00000, 0x0000000800000000)
  region size 2048K, 1 young (2048K), 1 survivors (2048K)
 Metaspace       used 42338K, committed 42816K, reserved 1114112K
  class space    used 4952K, committed 5184K, reserved 1048576K
}
Event: 8.111 GC heap before
{Heap before GC invocations=12 (full 0):
 garbage-first heap   total 75776K, used 50570K [0x0000000704c00000, 0x0000000800000000)
  region size 2048K, 17 young (34816K), 1 survivors (2048K)
 Metaspace       used 52420K, committed 52928K, reserved 1114112K
  class space    used 6268K, committed 6528K, reserved 1048576K
}
Event: 8.116 GC heap after
{Heap after GC invocations=13 (full 0):
 garbage-first heap   total 75776K, used 21679K [0x0000000704c00000, 0x0000000800000000)
  region size 2048K, 2 young (4096K), 2 survivors (4096K)
 Metaspace       used 52420K, committed 52928K, reserved 1114112K
  class space    used 6268K, committed 6528K, reserved 1048576K
}
Event: 9.380 GC heap before
{Heap before GC invocations=13 (full 0):
 garbage-first heap   total 75776K, used 52399K [0x0000000704c00000, 0x0000000800000000)
  region size 2048K, 18 young (36864K), 2 survivors (4096K)
 Metaspace       used 60045K, committed 60416K, reserved 1114112K
  class space    used 7368K, committed 7552K, reserved 1048576K
}
Event: 9.388 GC heap after
{Heap after GC invocations=14 (full 0):
 garbage-first heap   total 75776K, used 23964K [0x0000000704c00000, 0x0000000800000000)
  region size 2048K, 3 young (6144K), 3 survivors (6144K)
 Metaspace       used 60045K, committed 60416K, reserved 1114112K
  class space    used 7368K, committed 7552K, reserved 1048576K
}
Event: 10.468 GC heap before
{Heap before GC invocations=15 (full 0):
 garbage-first heap   total 75776K, used 54684K [0x0000000704c00000, 0x0000000800000000)
  region size 2048K, 18 young (36864K), 3 survivors (6144K)
 Metaspace       used 65907K, committed 66368K, reserved 1114112K
  class space    used 8327K, committed 8512K, reserved 1048576K
}
Event: 10.477 GC heap after
{Heap after GC invocations=16 (full 0):
 garbage-first heap   total 75776K, used 25552K [0x0000000704c00000, 0x0000000800000000)
  region size 2048K, 2 young (4096K), 2 survivors (4096K)
 Metaspace       used 65907K, committed 66368K, reserved 1114112K
  class space    used 8327K, committed 8512K, reserved 1048576K
}
Event: 10.540 GC heap before
{Heap before GC invocations=16 (full 0):
 garbage-first heap   total 75776K, used 27600K [0x0000000704c00000, 0x0000000800000000)
  region size 2048K, 3 young (6144K), 2 survivors (4096K)
 Metaspace       used 66183K, committed 66688K, reserved 1114112K
  class space    used 8364K, committed 8640K, reserved 1048576K
}
Event: 10.554 GC heap after
{Heap after GC invocations=17 (full 0):
 garbage-first heap   total 75776K, used 25598K [0x0000000704c00000, 0x0000000800000000)
  region size 2048K, 1 young (2048K), 1 survivors (2048K)
 Metaspace       used 66183K, committed 66688K, reserved 1114112K
  class space    used 8364K, committed 8640K, reserved 1048576K
}
Event: 11.261 GC heap before
{Heap before GC invocations=17 (full 0):
 garbage-first heap   total 75776K, used 56318K [0x0000000704c00000, 0x0000000800000000)
  region size 2048K, 16 young (32768K), 1 survivors (2048K)
 Metaspace       used 69386K, committed 69952K, reserved 1114112K
  class space    used 8811K, committed 9088K, reserved 1048576K
}
Event: 11.264 GC heap after
{Heap after GC invocations=18 (full 0):
 garbage-first heap   total 75776K, used 26764K [0x0000000704c00000, 0x0000000800000000)
  region size 2048K, 1 young (2048K), 1 survivors (2048K)
 Metaspace       used 69386K, committed 69952K, reserved 1114112K
  class space    used 8811K, committed 9088K, reserved 1048576K
}
Event: 12.159 GC heap before
{Heap before GC invocations=18 (full 0):
 garbage-first heap   total 75776K, used 57484K [0x0000000704c00000, 0x0000000800000000)
  region size 2048K, 16 young (32768K), 1 survivors (2048K)
 Metaspace       used 72885K, committed 73408K, reserved 1114112K
  class space    used 9330K, committed 9600K, reserved 1048576K
}
Event: 12.166 GC heap after
{Heap after GC invocations=19 (full 0):
 garbage-first heap   total 75776K, used 29289K [0x0000000704c00000, 0x0000000800000000)
  region size 2048K, 2 young (4096K), 2 survivors (4096K)
 Metaspace       used 72885K, committed 73408K, reserved 1114112K
  class space    used 9330K, committed 9600K, reserved 1048576K
}
Event: 24.000 GC heap before
{Heap before GC invocations=19 (full 0):
 garbage-first heap   total 75776K, used 55913K [0x0000000704c00000, 0x0000000800000000)
  region size 2048K, 16 young (32768K), 2 survivors (4096K)
 Metaspace       used 76816K, committed 77376K, reserved 1179648K
  class space    used 9776K, committed 10048K, reserved 1048576K
}
Event: 24.012 GC heap after
{Heap after GC invocations=20 (full 0):
 garbage-first heap   total 75776K, used 32180K [0x0000000704c00000, 0x0000000800000000)
  region size 2048K, 2 young (4096K), 2 survivors (4096K)
 Metaspace       used 76816K, committed 77376K, reserved 1179648K
  class space    used 9776K, committed 10048K, reserved 1048576K
}
Event: 24.677 GC heap before
{Heap before GC invocations=20 (full 0):
 garbage-first heap   total 75776K, used 54708K [0x0000000704c00000, 0x0000000800000000)
  region size 2048K, 14 young (28672K), 2 survivors (4096K)
 Metaspace       used 82306K, committed 82880K, reserved 1179648K
  class space    used 10204K, committed 10496K, reserved 1048576K
}
Event: 24.683 GC heap after
{Heap after GC invocations=21 (full 0):
 garbage-first heap   total 75776K, used 33464K [0x0000000704c00000, 0x0000000800000000)
  region size 2048K, 1 young (2048K), 1 survivors (2048K)
 Metaspace       used 82306K, committed 82880K, reserved 1179648K
  class space    used 10204K, committed 10496K, reserved 1048576K
}
Event: 31.793 GC heap before
{Heap before GC invocations=21 (full 0):
 garbage-first heap   total 75776K, used 58040K [0x0000000704c00000, 0x0000000800000000)
  region size 2048K, 14 young (28672K), 1 survivors (2048K)
 Metaspace       used 86318K, committed 86848K, reserved 1179648K
  class space    used 10706K, committed 10944K, reserved 1048576K
}
Event: 31.798 GC heap after
{Heap after GC invocations=22 (full 0):
 garbage-first heap   total 75776K, used 34729K [0x0000000704c00000, 0x0000000800000000)
  region size 2048K, 2 young (4096K), 2 survivors (4096K)
 Metaspace       used 86318K, committed 86848K, reserved 1179648K
  class space    used 10706K, committed 10944K, reserved 1048576K
}

