# JRE version: OpenJDK Runtime Environment Temurin-17.0.8.1+1 (17.0.8.1+1) (build 17.0.8.1+1)
# Java VM: OpenJDK 64-Bit Server VM Temurin-17.0.8.1+1 (17.0.8.1+1, mixed mode, tiered, compressed oops, compressed class ptrs, g1 gc, windows-amd64)
GC Precious Log:
 CPUs: 4 total, 4 available
 Memory: 16079M
 Large Page Support: Disabled
 NUMA Support: Disabled
 Compressed Oops: Enabled (Zero based)
 Heap Region Size: 2M
 Heap Min Capacity: 8M
 Heap Initial Capacity: 252M
 Heap Max Capacity: 4020M
 Pre-touch: Disabled
 Parallel Workers: 4
 Concurrent Workers: 1
 Concurrent Refinement Workers: 4
 Periodic GC: Disabled
Heap:
 garbage-first heap   total 69632K, used 37342K [0x0000000704c00000, 0x0000000800000000)
  region size 2048K, 5 young (10240K), 2 survivors (4096K)
 Metaspace       used 83791K, committed 84416K, reserved 1179648K
  class space    used 10361K, committed 10624K, reserved 1048576K
GC Heap History (20 events):
Event: 8.876 GC heap before
{Heap before GC invocations=14 (full 0):
 garbage-first heap   total 69632K, used 49821K [0x0000000704c00000, 0x0000000800000000)
  region size 2048K, 15 young (30720K), 1 survivors (2048K)
 Metaspace       used 57176K, committed 57600K, reserved 1114112K
  class space    used 6869K, committed 7104K, reserved 1048576K
}
Event: 8.880 GC heap after
{Heap after GC invocations=15 (full 0):
 garbage-first heap   total 69632K, used 23182K [0x0000000704c00000, 0x0000000800000000)
  region size 2048K, 2 young (4096K), 2 survivors (4096K)
 Metaspace       used 57176K, committed 57600K, reserved 1114112K
  class space    used 6869K, committed 7104K, reserved 1048576K
}
Event: 9.135 GC heap before
{Heap before GC invocations=15 (full 0):
 garbage-first heap   total 69632K, used 29326K [0x0000000704c00000, 0x0000000800000000)
  region size 2048K, 6 young (12288K), 2 survivors (4096K)
 Metaspace       used 59741K, committed 60160K, reserved 1114112K
  class space    used 7300K, committed 7488K, reserved 1048576K
}
Event: 9.141 GC heap after
{Heap after GC invocations=16 (full 0):
 garbage-first heap   total 69632K, used 24036K [0x0000000704c00000, 0x0000000800000000)
  region size 2048K, 2 young (4096K), 2 survivors (4096K)
 Metaspace       used 59741K, committed 60160K, reserved 1114112K
  class space    used 7300K, committed 7488K, reserved 1048576K
}
Event: 9.970 GC heap before
{Heap before GC invocations=17 (full 0):
 garbage-first heap   total 69632K, used 48612K [0x0000000704c00000, 0x0000000800000000)
  region size 2048K, 14 young (28672K), 2 survivors (4096K)
 Metaspace       used 64603K, committed 65024K, reserved 1114112K
  class space    used 8178K, committed 8384K, reserved 1048576K
}
Event: 9.974 GC heap after
{Heap after GC invocations=18 (full 0):
 garbage-first heap   total 69632K, used 24911K [0x0000000704c00000, 0x0000000800000000)
  region size 2048K, 1 young (2048K), 1 survivors (2048K)
 Metaspace       used 64603K, committed 65024K, reserved 1114112K
  class space    used 8178K, committed 8384K, reserved 1048576K
}
Event: 10.024 GC heap before
{Heap before GC invocations=18 (full 0):
 garbage-first heap   total 69632K, used 26959K [0x0000000704c00000, 0x0000000800000000)
  region size 2048K, 2 young (4096K), 1 survivors (2048K)
 Metaspace       used 65031K, committed 65472K, reserved 1114112K
  class space    used 8248K, committed 8448K, reserved 1048576K
}
Event: 10.030 GC heap after
{Heap after GC invocations=19 (full 0):
 garbage-first heap   total 69632K, used 24432K [0x0000000704c00000, 0x0000000800000000)
  region size 2048K, 1 young (2048K), 1 survivors (2048K)
 Metaspace       used 65031K, committed 65472K, reserved 1114112K
  class space    used 8248K, committed 8448K, reserved 1048576K
}
Event: 12.016 GC heap before
{Heap before GC invocations=19 (full 0):
 garbage-first heap   total 69632K, used 51056K [0x0000000704c00000, 0x0000000800000000)
  region size 2048K, 14 young (28672K), 1 survivors (2048K)
 Metaspace       used 69108K, committed 69568K, reserved 1114112K
  class space    used 8758K, committed 8960K, reserved 1048576K
}
Event: 12.022 GC heap after
{Heap after GC invocations=20 (full 0):
 garbage-first heap   total 69632K, used 26370K [0x0000000704c00000, 0x0000000800000000)
  region size 2048K, 2 young (4096K), 2 survivors (4096K)
 Metaspace       used 69108K, committed 69568K, reserved 1114112K
  class space    used 8758K, committed 8960K, reserved 1048576K
}
Event: 12.677 GC heap before
{Heap before GC invocations=21 (full 0):
 garbage-first heap   total 69632K, used 50946K [0x0000000704c00000, 0x0000000800000000)
  region size 2048K, 14 young (28672K), 2 survivors (4096K)
 Metaspace       used 71444K, committed 72000K, reserved 1114112K
  class space    used 9144K, committed 9408K, reserved 1048576K
}
Event: 12.683 GC heap after
{Heap after GC invocations=22 (full 0):
 garbage-first heap   total 69632K, used 27971K [0x0000000704c00000, 0x0000000800000000)
  region size 2048K, 2 young (4096K), 2 survivors (4096K)
 Metaspace       used 71444K, committed 72000K, reserved 1114112K
  class space    used 9144K, committed 9408K, reserved 1048576K
}
Event: 12.746 GC heap before
{Heap before GC invocations=22 (full 0):
 garbage-first heap   total 69632K, used 30019K [0x0000000704c00000, 0x0000000800000000)
  region size 2048K, 3 young (6144K), 2 survivors (4096K)
 Metaspace       used 71582K, committed 72192K, reserved 1114112K
  class space    used 9166K, committed 9472K, reserved 1048576K
}
Event: 12.754 GC heap after
{Heap after GC invocations=23 (full 0):
 garbage-first heap   total 69632K, used 28062K [0x0000000704c00000, 0x0000000800000000)
  region size 2048K, 1 young (2048K), 1 survivors (2048K)
 Metaspace       used 71582K, committed 72192K, reserved 1114112K
  class space    used 9166K, committed 9472K, reserved 1048576K
}
Event: 29.457 GC heap before
{Heap before GC invocations=23 (full 0):
 garbage-first heap   total 69632K, used 52638K [0x0000000704c00000, 0x0000000800000000)
  region size 2048K, 13 young (26624K), 1 survivors (2048K)
 Metaspace       used 74837K, committed 75328K, reserved 1179648K
  class space    used 9580K, committed 9792K, reserved 1048576K
}
Event: 29.463 GC heap after
{Heap after GC invocations=24 (full 0):
 garbage-first heap   total 69632K, used 29754K [0x0000000704c00000, 0x0000000800000000)
  region size 2048K, 2 young (4096K), 2 survivors (4096K)
 Metaspace       used 74837K, committed 75328K, reserved 1179648K
  class space    used 9580K, committed 9792K, reserved 1048576K
}
Event: 30.115 GC heap before
{Heap before GC invocations=24 (full 0):
 garbage-first heap   total 69632K, used 50234K [0x0000000704c00000, 0x0000000800000000)
  region size 2048K, 13 young (26624K), 2 survivors (4096K)
 Metaspace       used 78514K, committed 79104K, reserved 1179648K
  class space    used 9914K, committed 10176K, reserved 1048576K
}
Event: 30.123 GC heap after
{Heap after GC invocations=25 (full 0):
 garbage-first heap   total 69632K, used 31825K [0x0000000704c00000, 0x0000000800000000)
  region size 2048K, 2 young (4096K), 2 survivors (4096K)
 Metaspace       used 78514K, committed 79104K, reserved 1179648K
  class space    used 9914K, committed 10176K, reserved 1048576K
}
Event: 30.829 GC heap before
{Heap before GC invocations=25 (full 0):
 garbage-first heap   total 69632K, used 52305K [0x0000000704c00000, 0x0000000800000000)
  region size 2048K, 13 young (26624K), 2 survivors (4096K)
 Metaspace       used 83118K, committed 83648K, reserved 1179648K
  class space    used 10309K, committed 10560K, reserved 1048576K
}
Event: 30.836 GC heap after
{Heap after GC invocations=26 (full 0):
 garbage-first heap   total 69632K, used 33246K [0x0000000704c00000, 0x0000000800000000)
  region size 2048K, 2 young (4096K), 2 survivors (4096K)
 Metaspace       used 83118K, committed 83648K, reserved 1179648K
  class space    used 10309K, committed 10560K, reserved 1048576K
}

