# JRE version: OpenJDK Runtime Environment Temurin-17.0.8.1+1 (17.0.8.1+1) (build 17.0.8.1+1)
# Java VM: OpenJDK 64-Bit Server VM Temurin-17.0.8.1+1 (17.0.8.1+1, mixed mode, tiered, compressed oops, compressed class ptrs, g1 gc, windows-amd64)
GC Precious Log:
 CPUs: 4 total, 4 available
 Memory: 16079M
 Large Page Support: Disabled
 NUMA Support: Disabled
 Compressed Oops: Enabled (Zero based)
 Heap Region Size: 2M
 Heap Min Capacity: 8M
 Heap Initial Capacity: 252M
 Heap Max Capacity: 4020M
 Pre-touch: Disabled
 Parallel Workers: 4
 Concurrent Workers: 1
 Concurrent Refinement Workers: 4
 Periodic GC: Disabled
Heap:
 garbage-first heap   total 69632K, used 49116K [0x0000000704c00000, 0x0000000800000000)
  region size 2048K, 12 young (24576K), 2 survivors (4096K)
 Metaspace       used 83417K, committed 83968K, reserved 1179648K
  class space    used 10298K, committed 10560K, reserved 1048576K
GC Heap History (20 events):
Event: 6.427 GC heap before
{Heap before GC invocations=13 (full 0):
 garbage-first heap   total 69632K, used 51953K [0x0000000704c00000, 0x0000000800000000)
  region size 2048K, 20 young (40960K), 3 survivors (6144K)
 Metaspace       used 41507K, committed 41984K, reserved 1114112K
  class space    used 4826K, committed 5056K, reserved 1048576K
}
Event: 6.436 GC heap after
{Heap after GC invocations=14 (full 0):
 garbage-first heap   total 69632K, used 19857K [0x0000000704c00000, 0x0000000800000000)
  region size 2048K, 3 young (6144K), 3 survivors (6144K)
 Metaspace       used 41507K, committed 41984K, reserved 1114112K
  class space    used 4826K, committed 5056K, reserved 1048576K
}
Event: 6.513 GC heap before
{Heap before GC invocations=14 (full 0):
 garbage-first heap   total 69632K, used 21905K [0x0000000704c00000, 0x0000000800000000)
  region size 2048K, 4 young (8192K), 3 survivors (6144K)
 Metaspace       used 41832K, committed 42304K, reserved 1114112K
  class space    used 4884K, committed 5120K, reserved 1048576K
}
Event: 6.521 GC heap after
{Heap after GC invocations=15 (full 0):
 garbage-first heap   total 69632K, used 20137K [0x0000000704c00000, 0x0000000800000000)
  region size 2048K, 1 young (2048K), 1 survivors (2048K)
 Metaspace       used 41832K, committed 42304K, reserved 1114112K
  class space    used 4884K, committed 5120K, reserved 1048576K
}
Event: 7.706 GC heap before
{Heap before GC invocations=15 (full 0):
 garbage-first heap   total 69632K, used 46761K [0x0000000704c00000, 0x0000000800000000)
  region size 2048K, 15 young (30720K), 1 survivors (2048K)
 Metaspace       used 50975K, committed 51456K, reserved 1114112K
  class space    used 6118K, committed 6336K, reserved 1048576K
}
Event: 7.710 GC heap after
{Heap after GC invocations=16 (full 0):
 garbage-first heap   total 69632K, used 20993K [0x0000000704c00000, 0x0000000800000000)
  region size 2048K, 1 young (2048K), 1 survivors (2048K)
 Metaspace       used 50975K, committed 51456K, reserved 1114112K
  class space    used 6118K, committed 6336K, reserved 1048576K
}
Event: 8.767 GC heap before
{Heap before GC invocations=16 (full 0):
 garbage-first heap   total 69632K, used 49665K [0x0000000704c00000, 0x0000000800000000)
  region size 2048K, 16 young (32768K), 1 survivors (2048K)
 Metaspace       used 57298K, committed 57728K, reserved 1114112K
  class space    used 6940K, committed 7168K, reserved 1048576K
}
Event: 8.772 GC heap after
{Heap after GC invocations=17 (full 0):
 garbage-first heap   total 69632K, used 23465K [0x0000000704c00000, 0x0000000800000000)
  region size 2048K, 2 young (4096K), 2 survivors (4096K)
 Metaspace       used 57298K, committed 57728K, reserved 1114112K
  class space    used 6940K, committed 7168K, reserved 1048576K
}
Event: 9.015 GC heap before
{Heap before GC invocations=17 (full 0):
 garbage-first heap   total 69632K, used 27561K [0x0000000704c00000, 0x0000000800000000)
  region size 2048K, 5 young (10240K), 2 survivors (4096K)
 Metaspace       used 59885K, committed 60288K, reserved 1114112K
  class space    used 7339K, committed 7552K, reserved 1048576K
}
Event: 9.022 GC heap after
{Heap after GC invocations=18 (full 0):
 garbage-first heap   total 69632K, used 24062K [0x0000000704c00000, 0x0000000800000000)
  region size 2048K, 1 young (2048K), 1 survivors (2048K)
 Metaspace       used 59885K, committed 60288K, reserved 1114112K
  class space    used 7339K, committed 7552K, reserved 1048576K
}
Event: 10.880 GC heap before
{Heap before GC invocations=19 (full 0):
 garbage-first heap   total 69632K, used 52734K [0x0000000704c00000, 0x0000000800000000)
  region size 2048K, 15 young (30720K), 1 survivors (2048K)
 Metaspace       used 65573K, committed 66048K, reserved 1114112K
  class space    used 8314K, committed 8512K, reserved 1048576K
}
Event: 10.883 GC heap after
{Heap after GC invocations=20 (full 0):
 garbage-first heap   total 69632K, used 25056K [0x0000000704c00000, 0x0000000800000000)
  region size 2048K, 1 young (2048K), 1 survivors (2048K)
 Metaspace       used 65573K, committed 66048K, reserved 1114112K
  class space    used 8314K, committed 8512K, reserved 1048576K
}
Event: 11.910 GC heap before
{Heap before GC invocations=20 (full 0):
 garbage-first heap   total 69632K, used 53728K [0x0000000704c00000, 0x0000000800000000)
  region size 2048K, 15 young (30720K), 1 survivors (2048K)
 Metaspace       used 69412K, committed 69952K, reserved 1114112K
  class space    used 8819K, committed 9088K, reserved 1048576K
}
Event: 11.916 GC heap after
{Heap after GC invocations=21 (full 0):
 garbage-first heap   total 69632K, used 27065K [0x0000000704c00000, 0x0000000800000000)
  region size 2048K, 2 young (4096K), 2 survivors (4096K)
 Metaspace       used 69412K, committed 69952K, reserved 1114112K
  class space    used 8819K, committed 9088K, reserved 1048576K
}
Event: 12.934 GC heap before
{Heap before GC invocations=21 (full 0):
 garbage-first heap   total 69632K, used 53689K [0x0000000704c00000, 0x0000000800000000)
  region size 2048K, 15 young (30720K), 2 survivors (4096K)
 Metaspace       used 72322K, committed 72832K, reserved 1114112K
  class space    used 9243K, committed 9472K, reserved 1048576K
}
Event: 12.943 GC heap after
{Heap after GC invocations=22 (full 0):
 garbage-first heap   total 69632K, used 29362K [0x0000000704c00000, 0x0000000800000000)
  region size 2048K, 2 young (4096K), 2 survivors (4096K)
 Metaspace       used 72322K, committed 72832K, reserved 1114112K
  class space    used 9243K, committed 9472K, reserved 1048576K
}
Event: 17.137 GC heap before
{Heap before GC invocations=22 (full 0):
 garbage-first heap   total 69632K, used 51890K [0x0000000704c00000, 0x0000000800000000)
  region size 2048K, 13 young (26624K), 2 survivors (4096K)
 Metaspace       used 75619K, committed 76224K, reserved 1179648K
  class space    used 9663K, committed 9984K, reserved 1048576K
}
Event: 17.150 GC heap after
{Heap after GC invocations=23 (full 0):
 garbage-first heap   total 69632K, used 31129K [0x0000000704c00000, 0x0000000800000000)
  region size 2048K, 1 young (2048K), 1 survivors (2048K)
 Metaspace       used 75619K, committed 76224K, reserved 1179648K
  class space    used 9663K, committed 9984K, reserved 1048576K
}
Event: 18.087 GC heap before
{Heap before GC invocations=23 (full 0):
 garbage-first heap   total 69632K, used 51609K [0x0000000704c00000, 0x0000000800000000)
  region size 2048K, 12 young (24576K), 1 survivors (2048K)
 Metaspace       used 79818K, committed 80320K, reserved 1179648K
  class space    used 9997K, committed 10240K, reserved 1048576K
}
Event: 18.093 GC heap after
{Heap after GC invocations=24 (full 0):
 garbage-first heap   total 69632K, used 32732K [0x0000000704c00000, 0x0000000800000000)
  region size 2048K, 2 young (4096K), 2 survivors (4096K)
 Metaspace       used 79818K, committed 80320K, reserved 1179648K
  class space    used 9997K, committed 10240K, reserved 1048576K
}

