# JRE version: OpenJDK Runtime Environment Temurin-17.0.8.1+1 (17.0.8.1+1) (build 17.0.8.1+1)
# Java VM: OpenJDK 64-Bit Server VM Temurin-17.0.8.1+1 (17.0.8.1+1, mixed mode, tiered, compressed oops, compressed class ptrs, g1 gc, windows-amd64)
GC Precious Log:
 CPUs: 4 total, 4 available
 Memory: 16079M
 Large Page Support: Disabled
 NUMA Support: Disabled
 Compressed Oops: Enabled (Zero based)
 Heap Region Size: 2M
 Heap Min Capacity: 8M
 Heap Initial Capacity: 252M
 Heap Max Capacity: 4020M
 Pre-touch: Disabled
 Parallel Workers: 4
 Concurrent Workers: 1
 Concurrent Refinement Workers: 4
 Periodic GC: Disabled
Heap:
 garbage-first heap   total 83968K, used 36037K [0x0000000704c00000, 0x0000000800000000)
  region size 2048K, 4 young (8192K), 2 survivors (4096K)
 Metaspace       used 83275K, committed 83840K, reserved 1179648K
  class space    used 10294K, committed 10560K, reserved 1048576K
GC Heap History (20 events):
Event: 8.392 GC heap before
{Heap before GC invocations=11 (full 0):
 garbage-first heap   total 69632K, used 51987K [0x0000000704c00000, 0x0000000800000000)
  region size 2048K, 20 young (40960K), 3 survivors (6144K)
 Metaspace       used 41373K, committed 41856K, reserved 1114112K
  class space    used 4810K, committed 5056K, reserved 1048576K
}
Event: 8.401 GC heap after
{Heap after GC invocations=12 (full 0):
 garbage-first heap   total 69632K, used 19754K [0x0000000704c00000, 0x0000000800000000)
  region size 2048K, 2 young (4096K), 2 survivors (4096K)
 Metaspace       used 41373K, committed 41856K, reserved 1114112K
  class space    used 4810K, committed 5056K, reserved 1048576K
}
Event: 9.509 GC heap before
{Heap before GC invocations=12 (full 0):
 garbage-first heap   total 69632K, used 48426K [0x0000000704c00000, 0x0000000800000000)
  region size 2048K, 16 young (32768K), 2 survivors (4096K)
 Metaspace       used 48270K, committed 48768K, reserved 1114112K
  class space    used 5790K, committed 6016K, reserved 1048576K
}
Event: 9.516 GC heap after
{Heap after GC invocations=13 (full 0):
 garbage-first heap   total 69632K, used 21268K [0x0000000704c00000, 0x0000000800000000)
  region size 2048K, 1 young (2048K), 1 survivors (2048K)
 Metaspace       used 48270K, committed 48768K, reserved 1114112K
  class space    used 5790K, committed 6016K, reserved 1048576K
}
Event: 10.758 GC heap before
{Heap before GC invocations=13 (full 0):
 garbage-first heap   total 69632K, used 49940K [0x0000000704c00000, 0x0000000800000000)
  region size 2048K, 15 young (30720K), 1 survivors (2048K)
 Metaspace       used 56355K, committed 56768K, reserved 1114112K
  class space    used 6784K, committed 6976K, reserved 1048576K
}
Event: 10.763 GC heap after
{Heap after GC invocations=14 (full 0):
 garbage-first heap   total 69632K, used 23251K [0x0000000704c00000, 0x0000000800000000)
  region size 2048K, 2 young (4096K), 2 survivors (4096K)
 Metaspace       used 56355K, committed 56768K, reserved 1114112K
  class space    used 6784K, committed 6976K, reserved 1048576K
}
Event: 11.219 GC heap before
{Heap before GC invocations=14 (full 0):
 garbage-first heap   total 69632K, used 31443K [0x0000000704c00000, 0x0000000800000000)
  region size 2048K, 8 young (16384K), 2 survivors (4096K)
 Metaspace       used 60093K, committed 60480K, reserved 1114112K
  class space    used 7377K, committed 7552K, reserved 1048576K
}
Event: 11.225 GC heap after
{Heap after GC invocations=15 (full 0):
 garbage-first heap   total 69632K, used 24110K [0x0000000704c00000, 0x0000000800000000)
  region size 2048K, 1 young (2048K), 1 survivors (2048K)
 Metaspace       used 60093K, committed 60480K, reserved 1114112K
  class space    used 7377K, committed 7552K, reserved 1048576K
}
Event: 12.378 GC heap before
{Heap before GC invocations=16 (full 0):
 garbage-first heap   total 69632K, used 48686K [0x0000000704c00000, 0x0000000800000000)
  region size 2048K, 14 young (28672K), 1 survivors (2048K)
 Metaspace       used 65432K, committed 65920K, reserved 1114112K
  class space    used 8295K, committed 8512K, reserved 1048576K
}
Event: 12.383 GC heap after
{Heap after GC invocations=17 (full 0):
 garbage-first heap   total 69632K, used 25078K [0x0000000704c00000, 0x0000000800000000)
  region size 2048K, 1 young (2048K), 1 survivors (2048K)
 Metaspace       used 65432K, committed 65920K, reserved 1114112K
  class space    used 8295K, committed 8512K, reserved 1048576K
}
Event: 13.099 GC heap before
{Heap before GC invocations=17 (full 0):
 garbage-first heap   total 69632K, used 53750K [0x0000000704c00000, 0x0000000800000000)
  region size 2048K, 15 young (30720K), 1 survivors (2048K)
 Metaspace       used 69100K, committed 69632K, reserved 1114112K
  class space    used 8762K, committed 9024K, reserved 1048576K
}
Event: 13.107 GC heap after
{Heap after GC invocations=18 (full 0):
 garbage-first heap   total 69632K, used 27033K [0x0000000704c00000, 0x0000000800000000)
  region size 2048K, 2 young (4096K), 2 survivors (4096K)
 Metaspace       used 69100K, committed 69632K, reserved 1114112K
  class space    used 8762K, committed 9024K, reserved 1048576K
}
Event: 13.787 GC heap before
{Heap before GC invocations=18 (full 0):
 garbage-first heap   total 69632K, used 53657K [0x0000000704c00000, 0x0000000800000000)
  region size 2048K, 15 young (30720K), 2 survivors (4096K)
 Metaspace       used 71640K, committed 72192K, reserved 1114112K
  class space    used 9158K, committed 9408K, reserved 1048576K
}
Event: 13.797 GC heap after
{Heap after GC invocations=19 (full 0):
 garbage-first heap   total 69632K, used 28739K [0x0000000704c00000, 0x0000000800000000)
  region size 2048K, 2 young (4096K), 2 survivors (4096K)
 Metaspace       used 71640K, committed 72192K, reserved 1114112K
  class space    used 9158K, committed 9408K, reserved 1048576K
}
Event: 21.520 GC heap before
{Heap before GC invocations=19 (full 0):
 garbage-first heap   total 69632K, used 53315K [0x0000000704c00000, 0x0000000800000000)
  region size 2048K, 14 young (28672K), 2 survivors (4096K)
 Metaspace       used 74835K, committed 75456K, reserved 1179648K
  class space    used 9573K, committed 9856K, reserved 1048576K
}
Event: 21.528 GC heap after
{Heap after GC invocations=20 (full 0):
 garbage-first heap   total 69632K, used 30761K [0x0000000704c00000, 0x0000000800000000)
  region size 2048K, 2 young (4096K), 2 survivors (4096K)
 Metaspace       used 74835K, committed 75456K, reserved 1179648K
  class space    used 9573K, committed 9856K, reserved 1048576K
}
Event: 22.243 GC heap before
{Heap before GC invocations=20 (full 0):
 garbage-first heap   total 69632K, used 51241K [0x0000000704c00000, 0x0000000800000000)
  region size 2048K, 13 young (26624K), 2 survivors (4096K)
 Metaspace       used 78678K, committed 79232K, reserved 1179648K
  class space    used 9896K, committed 10176K, reserved 1048576K
}
Event: 22.252 GC heap after
{Heap after GC invocations=21 (full 0):
 garbage-first heap   total 69632K, used 32575K [0x0000000704c00000, 0x0000000800000000)
  region size 2048K, 2 young (4096K), 2 survivors (4096K)
 Metaspace       used 78678K, committed 79232K, reserved 1179648K
  class space    used 9896K, committed 10176K, reserved 1048576K
}
Event: 23.059 GC heap before
{Heap before GC invocations=21 (full 0):
 garbage-first heap   total 69632K, used 51007K [0x0000000704c00000, 0x0000000800000000)
  region size 2048K, 12 young (24576K), 2 survivors (4096K)
 Metaspace       used 82643K, committed 83200K, reserved 1179648K
  class space    used 10231K, committed 10496K, reserved 1048576K
}
Event: 23.066 GC heap after
{Heap after GC invocations=22 (full 0):
 garbage-first heap   total 83968K, used 33989K [0x0000000704c00000, 0x0000000800000000)
  region size 2048K, 2 young (4096K), 2 survivors (4096K)
 Metaspace       used 82643K, committed 83200K, reserved 1179648K
  class space    used 10231K, committed 10496K, reserved 1048576K
}

