# JRE version: OpenJDK Runtime Environment Temurin-17.0.8.1+1 (17.0.8.1+1) (build 17.0.8.1+1)
# Java VM: OpenJDK 64-Bit Server VM Temurin-17.0.8.1+1 (17.0.8.1+1, mixed mode, tiered, compressed oops, compressed class ptrs, g1 gc, windows-amd64)
GC Precious Log:
 CPUs: 4 total, 4 available
 Memory: 16079M
 Large Page Support: Disabled
 NUMA Support: Disabled
 Compressed Oops: Enabled (Zero based)
 Heap Region Size: 2M
 Heap Min Capacity: 8M
 Heap Initial Capacity: 252M
 Heap Max Capacity: 4020M
 Pre-touch: Disabled
 Parallel Workers: 4
 Concurrent Workers: 1
 Concurrent Refinement Workers: 4
 Periodic GC: Disabled
Heap:
 garbage-first heap   total 75776K, used 38393K [0x0000000704c00000, 0x0000000800000000)
  region size 2048K, 4 young (8192K), 1 survivors (2048K)
 Metaspace       used 83312K, committed 83904K, reserved 1179648K
  class space    used 10284K, committed 10560K, reserved 1048576K
GC Heap History (20 events):
Event: 5.525 GC heap before
{Heap before GC invocations=10 (full 0):
 garbage-first heap   total 149504K, used 38744K [0x0000000704c00000, 0x0000000800000000)
  region size 2048K, 14 young (28672K), 1 survivors (2048K)
 Metaspace       used 35596K, committed 35968K, reserved 1114112K
  class space    used 4159K, committed 4352K, reserved 1048576K
}
Event: 5.534 GC heap after
{Heap after GC invocations=11 (full 0):
 garbage-first heap   total 149504K, used 17114K [0x0000000704c00000, 0x0000000800000000)
  region size 2048K, 3 young (6144K), 3 survivors (6144K)
 Metaspace       used 35596K, committed 35968K, reserved 1114112K
  class space    used 4159K, committed 4352K, reserved 1048576K
}
Event: 6.707 GC heap before
{Heap before GC invocations=12 (full 0):
 garbage-first heap   total 75776K, used 53978K [0x0000000704c00000, 0x0000000800000000)
  region size 2048K, 22 young (45056K), 3 survivors (6144K)
 Metaspace       used 42176K, committed 42624K, reserved 1114112K
  class space    used 4916K, committed 5184K, reserved 1048576K
}
Event: 6.718 GC heap after
{Heap after GC invocations=13 (full 0):
 garbage-first heap   total 75776K, used 20125K [0x0000000704c00000, 0x0000000800000000)
  region size 2048K, 4 young (8192K), 4 survivors (8192K)
 Metaspace       used 42176K, committed 42624K, reserved 1114112K
  class space    used 4916K, committed 5184K, reserved 1048576K
}
Event: 8.090 GC heap before
{Heap before GC invocations=13 (full 0):
 garbage-first heap   total 75776K, used 52893K [0x0000000704c00000, 0x0000000800000000)
  region size 2048K, 20 young (40960K), 4 survivors (8192K)
 Metaspace       used 52391K, committed 52864K, reserved 1114112K
  class space    used 6257K, committed 6464K, reserved 1048576K
}
Event: 8.100 GC heap after
{Heap after GC invocations=14 (full 0):
 garbage-first heap   total 75776K, used 22234K [0x0000000704c00000, 0x0000000800000000)
  region size 2048K, 3 young (6144K), 3 survivors (6144K)
 Metaspace       used 52391K, committed 52864K, reserved 1114112K
  class space    used 6257K, committed 6464K, reserved 1048576K
}
Event: 9.321 GC heap before
{Heap before GC invocations=14 (full 0):
 garbage-first heap   total 75776K, used 50906K [0x0000000704c00000, 0x0000000800000000)
  region size 2048K, 18 young (36864K), 3 survivors (6144K)
 Metaspace       used 59836K, committed 60288K, reserved 1114112K
  class space    used 7321K, committed 7552K, reserved 1048576K
}
Event: 9.330 GC heap after
{Heap after GC invocations=15 (full 0):
 garbage-first heap   total 75776K, used 24569K [0x0000000704c00000, 0x0000000800000000)
  region size 2048K, 3 young (6144K), 3 survivors (6144K)
 Metaspace       used 59836K, committed 60288K, reserved 1114112K
  class space    used 7321K, committed 7552K, reserved 1048576K
}
Event: 9.335 GC heap before
{Heap before GC invocations=15 (full 0):
 garbage-first heap   total 75776K, used 24569K [0x0000000704c00000, 0x0000000800000000)
  region size 2048K, 4 young (8192K), 3 survivors (6144K)
 Metaspace       used 59866K, committed 60288K, reserved 1114112K
  class space    used 7327K, committed 7552K, reserved 1048576K
}
Event: 9.341 GC heap after
{Heap after GC invocations=16 (full 0):
 garbage-first heap   total 75776K, used 24588K [0x0000000704c00000, 0x0000000800000000)
  region size 2048K, 2 young (4096K), 2 survivors (4096K)
 Metaspace       used 59866K, committed 60288K, reserved 1114112K
  class space    used 7327K, committed 7552K, reserved 1048576K
}
Event: 10.681 GC heap before
{Heap before GC invocations=17 (full 0):
 garbage-first heap   total 75776K, used 55308K [0x0000000704c00000, 0x0000000800000000)
  region size 2048K, 17 young (34816K), 2 survivors (4096K)
 Metaspace       used 65773K, committed 66240K, reserved 1114112K
  class space    used 8313K, committed 8512K, reserved 1048576K
}
Event: 10.687 GC heap after
{Heap after GC invocations=18 (full 0):
 garbage-first heap   total 75776K, used 25988K [0x0000000704c00000, 0x0000000800000000)
  region size 2048K, 2 young (4096K), 2 survivors (4096K)
 Metaspace       used 65773K, committed 66240K, reserved 1114112K
  class space    used 8313K, committed 8512K, reserved 1048576K
}
Event: 12.094 GC heap before
{Heap before GC invocations=18 (full 0):
 garbage-first heap   total 75776K, used 58756K [0x0000000704c00000, 0x0000000800000000)
  region size 2048K, 18 young (36864K), 2 survivors (4096K)
 Metaspace       used 69805K, committed 70336K, reserved 1114112K
  class space    used 8868K, committed 9152K, reserved 1048576K
}
Event: 12.102 GC heap after
{Heap after GC invocations=19 (full 0):
 garbage-first heap   total 75776K, used 28331K [0x0000000704c00000, 0x0000000800000000)
  region size 2048K, 3 young (6144K), 3 survivors (6144K)
 Metaspace       used 69805K, committed 70336K, reserved 1114112K
  class space    used 8868K, committed 9152K, reserved 1048576K
}
Event: 13.080 GC heap before
{Heap before GC invocations=19 (full 0):
 garbage-first heap   total 75776K, used 57003K [0x0000000704c00000, 0x0000000800000000)
  region size 2048K, 17 young (34816K), 3 survivors (6144K)
 Metaspace       used 73133K, committed 73664K, reserved 1114112K
  class space    used 9358K, committed 9600K, reserved 1048576K
}
Event: 13.093 GC heap after
{Heap after GC invocations=20 (full 0):
 garbage-first heap   total 75776K, used 30716K [0x0000000704c00000, 0x0000000800000000)
  region size 2048K, 3 young (6144K), 3 survivors (6144K)
 Metaspace       used 73133K, committed 73664K, reserved 1114112K
  class space    used 9358K, committed 9600K, reserved 1048576K
}
Event: 13.948 GC heap before
{Heap before GC invocations=20 (full 0):
 garbage-first heap   total 75776K, used 55292K [0x0000000704c00000, 0x0000000800000000)
  region size 2048K, 16 young (32768K), 3 survivors (6144K)
 Metaspace       used 77009K, committed 77568K, reserved 1179648K
  class space    used 9781K, committed 10048K, reserved 1048576K
}
Event: 13.958 GC heap after
{Heap after GC invocations=21 (full 0):
 garbage-first heap   total 75776K, used 33297K [0x0000000704c00000, 0x0000000800000000)
  region size 2048K, 2 young (4096K), 2 survivors (4096K)
 Metaspace       used 77009K, committed 77568K, reserved 1179648K
  class space    used 9781K, committed 10048K, reserved 1048576K
}
Event: 14.757 GC heap before
{Heap before GC invocations=21 (full 0):
 garbage-first heap   total 75776K, used 55825K [0x0000000704c00000, 0x0000000800000000)
  region size 2048K, 14 young (28672K), 2 survivors (4096K)
 Metaspace       used 82509K, committed 83072K, reserved 1179648K
  class space    used 10211K, committed 10496K, reserved 1048576K
}
Event: 14.764 GC heap after
{Heap after GC invocations=22 (full 0):
 garbage-first heap   total 75776K, used 34297K [0x0000000704c00000, 0x0000000800000000)
  region size 2048K, 1 young (2048K), 1 survivors (2048K)
 Metaspace       used 82509K, committed 83072K, reserved 1179648K
  class space    used 10211K, committed 10496K, reserved 1048576K
}

