# JRE version: OpenJDK Runtime Environment Temurin-17.0.8.1+1 (17.0.8.1+1) (build 17.0.8.1+1)
# Java VM: OpenJDK 64-Bit Server VM Temurin-17.0.8.1+1 (17.0.8.1+1, mixed mode, tiered, compressed oops, compressed class ptrs, g1 gc, windows-amd64)
GC Precious Log:
 CPUs: 4 total, 4 available
 Memory: 16079M
 Large Page Support: Disabled
 NUMA Support: Disabled
 Compressed Oops: Enabled (Zero based)
 Heap Region Size: 2M
 Heap Min Capacity: 8M
 Heap Initial Capacity: 252M
 Heap Max Capacity: 4020M
 Pre-touch: Disabled
 Parallel Workers: 4
 Concurrent Workers: 1
 Concurrent Refinement Workers: 4
 Periodic GC: Disabled
Heap:
 garbage-first heap   total 69632K, used 50406K [0x0000000704c00000, 0x0000000800000000)
  region size 2048K, 12 young (24576K), 2 survivors (4096K)
 Metaspace       used 86605K, committed 87168K, reserved 1179648K
  class space    used 10696K, committed 11008K, reserved 1048576K
GC Heap History (20 events):
Event: 8.160 GC heap before
{Heap before GC invocations=15 (full 0):
 garbage-first heap   total 69632K, used 48833K [0x0000000704c00000, 0x0000000800000000)
  region size 2048K, 15 young (30720K), 1 survivors (2048K)
 Metaspace       used 51443K, committed 51904K, reserved 1114112K
  class space    used 6140K, committed 6400K, reserved 1048576K
}
Event: 8.165 GC heap after
{Heap after GC invocations=16 (full 0):
 garbage-first heap   total 69632K, used 21210K [0x0000000704c00000, 0x0000000800000000)
  region size 2048K, 1 young (2048K), 1 survivors (2048K)
 Metaspace       used 51443K, committed 51904K, reserved 1114112K
  class space    used 6140K, committed 6400K, reserved 1048576K
}
Event: 9.213 GC heap before
{Heap before GC invocations=16 (full 0):
 garbage-first heap   total 69632K, used 49882K [0x0000000704c00000, 0x0000000800000000)
  region size 2048K, 16 young (32768K), 1 survivors (2048K)
 Metaspace       used 58228K, committed 58688K, reserved 1114112K
  class space    used 7058K, committed 7296K, reserved 1048576K
}
Event: 9.220 GC heap after
{Heap after GC invocations=17 (full 0):
 garbage-first heap   total 69632K, used 23441K [0x0000000704c00000, 0x0000000800000000)
  region size 2048K, 2 young (4096K), 2 survivors (4096K)
 Metaspace       used 58228K, committed 58688K, reserved 1114112K
  class space    used 7058K, committed 7296K, reserved 1048576K
}
Event: 9.375 GC heap before
{Heap before GC invocations=17 (full 0):
 garbage-first heap   total 69632K, used 27537K [0x0000000704c00000, 0x0000000800000000)
  region size 2048K, 5 young (10240K), 2 survivors (4096K)
 Metaspace       used 59877K, committed 60288K, reserved 1114112K
  class space    used 7324K, committed 7552K, reserved 1048576K
}
Event: 9.380 GC heap after
{Heap after GC invocations=18 (full 0):
 garbage-first heap   total 69632K, used 23966K [0x0000000704c00000, 0x0000000800000000)
  region size 2048K, 1 young (2048K), 1 survivors (2048K)
 Metaspace       used 59877K, committed 60288K, reserved 1114112K
  class space    used 7324K, committed 7552K, reserved 1048576K
}
Event: 10.517 GC heap before
{Heap before GC invocations=19 (full 0):
 garbage-first heap   total 69632K, used 52638K [0x0000000704c00000, 0x0000000800000000)
  region size 2048K, 15 young (30720K), 1 survivors (2048K)
 Metaspace       used 65489K, committed 65984K, reserved 1114112K
  class space    used 8292K, committed 8512K, reserved 1048576K
}
Event: 10.520 GC heap after
{Heap after GC invocations=20 (full 0):
 garbage-first heap   total 69632K, used 25024K [0x0000000704c00000, 0x0000000800000000)
  region size 2048K, 1 young (2048K), 1 survivors (2048K)
 Metaspace       used 65489K, committed 65984K, reserved 1114112K
  class space    used 8292K, committed 8512K, reserved 1048576K
}
Event: 10.582 GC heap before
{Heap before GC invocations=20 (full 0):
 garbage-first heap   total 69632K, used 27072K [0x0000000704c00000, 0x0000000800000000)
  region size 2048K, 2 young (4096K), 1 survivors (2048K)
 Metaspace       used 65831K, committed 66304K, reserved 1114112K
  class space    used 8312K, committed 8512K, reserved 1048576K
}
Event: 10.588 GC heap after
{Heap after GC invocations=21 (full 0):
 garbage-first heap   total 69632K, used 25054K [0x0000000704c00000, 0x0000000800000000)
  region size 2048K, 1 young (2048K), 1 survivors (2048K)
 Metaspace       used 65831K, committed 66304K, reserved 1114112K
  class space    used 8312K, committed 8512K, reserved 1048576K
}
Event: 11.354 GC heap before
{Heap before GC invocations=21 (full 0):
 garbage-first heap   total 69632K, used 51678K [0x0000000704c00000, 0x0000000800000000)
  region size 2048K, 14 young (28672K), 1 survivors (2048K)
 Metaspace       used 69438K, committed 69952K, reserved 1114112K
  class space    used 8805K, committed 9024K, reserved 1048576K
}
Event: 11.358 GC heap after
{Heap after GC invocations=22 (full 0):
 garbage-first heap   total 69632K, used 26745K [0x0000000704c00000, 0x0000000800000000)
  region size 2048K, 2 young (4096K), 2 survivors (4096K)
 Metaspace       used 69438K, committed 69952K, reserved 1114112K
  class space    used 8805K, committed 9024K, reserved 1048576K
}
Event: 12.027 GC heap before
{Heap before GC invocations=22 (full 0):
 garbage-first heap   total 69632K, used 51321K [0x0000000704c00000, 0x0000000800000000)
  region size 2048K, 14 young (28672K), 2 survivors (4096K)
 Metaspace       used 72014K, committed 72512K, reserved 1114112K
  class space    used 9193K, committed 9472K, reserved 1048576K
}
Event: 12.033 GC heap after
{Heap after GC invocations=23 (full 0):
 garbage-first heap   total 69632K, used 28733K [0x0000000704c00000, 0x0000000800000000)
  region size 2048K, 2 young (4096K), 2 survivors (4096K)
 Metaspace       used 72014K, committed 72512K, reserved 1114112K
  class space    used 9193K, committed 9472K, reserved 1048576K
}
Event: 63.569 GC heap before
{Heap before GC invocations=23 (full 0):
 garbage-first heap   total 69632K, used 51261K [0x0000000704c00000, 0x0000000800000000)
  region size 2048K, 14 young (28672K), 2 survivors (4096K)
 Metaspace       used 75551K, committed 76096K, reserved 1179648K
  class space    used 9645K, committed 9856K, reserved 1048576K
}
Event: 63.578 GC heap after
{Heap after GC invocations=24 (full 0):
 garbage-first heap   total 69632K, used 30528K [0x0000000704c00000, 0x0000000800000000)
  region size 2048K, 2 young (4096K), 2 survivors (4096K)
 Metaspace       used 75551K, committed 76096K, reserved 1179648K
  class space    used 9645K, committed 9856K, reserved 1048576K
}
Event: 64.268 GC heap before
{Heap before GC invocations=24 (full 0):
 garbage-first heap   total 69632K, used 53056K [0x0000000704c00000, 0x0000000800000000)
  region size 2048K, 14 young (28672K), 2 survivors (4096K)
 Metaspace       used 80165K, committed 80704K, reserved 1179648K
  class space    used 10023K, committed 10304K, reserved 1048576K
}
Event: 64.277 GC heap after
{Heap after GC invocations=25 (full 0):
 garbage-first heap   total 69632K, used 32345K [0x0000000704c00000, 0x0000000800000000)
  region size 2048K, 2 young (4096K), 2 survivors (4096K)
 Metaspace       used 80165K, committed 80704K, reserved 1179648K
  class space    used 10023K, committed 10304K, reserved 1048576K
}
Event: 74.316 GC heap before
{Heap before GC invocations=25 (full 0):
 garbage-first heap   total 69632K, used 52825K [0x0000000704c00000, 0x0000000800000000)
  region size 2048K, 13 young (26624K), 2 survivors (4096K)
 Metaspace       used 84364K, committed 84928K, reserved 1179648K
  class space    used 10439K, committed 10688K, reserved 1048576K
}
Event: 74.323 GC heap after
{Heap after GC invocations=26 (full 0):
 garbage-first heap   total 69632K, used 34022K [0x0000000704c00000, 0x0000000800000000)
  region size 2048K, 2 young (4096K), 2 survivors (4096K)
 Metaspace       used 84364K, committed 84928K, reserved 1179648K
  class space    used 10439K, committed 10688K, reserved 1048576K
}

