# JRE version: OpenJDK Runtime Environment Temurin-17.0.8.1+1 (17.0.8.1+1) (build 17.0.8.1+1)
# Java VM: OpenJDK 64-Bit Server VM Temurin-17.0.8.1+1 (17.0.8.1+1, mixed mode, tiered, compressed oops, compressed class ptrs, g1 gc, windows-amd64)
GC Precious Log:
 CPUs: 4 total, 4 available
 Memory: 16079M
 Large Page Support: Disabled
 NUMA Support: Disabled
 Compressed Oops: Enabled (Zero based)
 Heap Region Size: 2M
 Heap Min Capacity: 8M
 Heap Initial Capacity: 252M
 Heap Max Capacity: 4020M
 Pre-touch: Disabled
 Parallel Workers: 4
 Concurrent Workers: 1
 Concurrent Refinement Workers: 4
 Periodic GC: Disabled
Heap:
 garbage-first heap   total 90112K, used 46363K [0x0000000704c00000, 0x0000000800000000)
  region size 2048K, 10 young (20480K), 2 survivors (4096K)
 Metaspace       used 83068K, committed 83648K, reserved 1179648K
  class space    used 10263K, committed 10560K, reserved 1048576K
GC Heap History (20 events):
Event: 5.571 GC heap before
{Heap before GC invocations=10 (full 0):
 garbage-first heap   total 40960K, used 30410K [0x0000000704c00000, 0x0000000800000000)
  region size 2048K, 9 young (18432K), 1 survivors (2048K)
 Metaspace       used 32964K, committed 33344K, reserved 1114112K
  class space    used 3879K, committed 4096K, reserved 1048576K
}
Event: 5.580 GC heap after
{Heap after GC invocations=11 (full 0):
 garbage-first heap   total 40960K, used 16074K [0x0000000704c00000, 0x0000000800000000)
  region size 2048K, 2 young (4096K), 2 survivors (4096K)
 Metaspace       used 32964K, committed 33344K, reserved 1114112K
  class space    used 3879K, committed 4096K, reserved 1048576K
}
Event: 6.088 GC heap before
{Heap before GC invocations=11 (full 0):
 garbage-first heap   total 40960K, used 26314K [0x0000000704c00000, 0x0000000800000000)
  region size 2048K, 8 young (16384K), 2 survivors (4096K)
 Metaspace       used 35748K, committed 36096K, reserved 1114112K
  class space    used 4169K, committed 4352K, reserved 1048576K
}
Event: 6.098 GC heap after
{Heap after GC invocations=12 (full 0):
 garbage-first heap   total 40960K, used 17263K [0x0000000704c00000, 0x0000000800000000)
  region size 2048K, 1 young (2048K), 1 survivors (2048K)
 Metaspace       used 35748K, committed 36096K, reserved 1114112K
  class space    used 4169K, committed 4352K, reserved 1048576K
}
Event: 6.551 GC heap before
{Heap before GC invocations=13 (full 0):
 garbage-first heap   total 40960K, used 27503K [0x0000000704c00000, 0x0000000800000000)
  region size 2048K, 7 young (14336K), 1 survivors (2048K)
 Metaspace       used 37982K, committed 38400K, reserved 1114112K
  class space    used 4424K, committed 4672K, reserved 1048576K
}
Event: 6.556 GC heap after
{Heap after GC invocations=14 (full 0):
 garbage-first heap   total 40960K, used 18217K [0x0000000704c00000, 0x0000000800000000)
  region size 2048K, 1 young (2048K), 1 survivors (2048K)
 Metaspace       used 37982K, committed 38400K, reserved 1114112K
  class space    used 4424K, committed 4672K, reserved 1048576K
}
Event: 6.611 GC heap before
{Heap before GC invocations=14 (full 0):
 garbage-first heap   total 40960K, used 20265K [0x0000000704c00000, 0x0000000800000000)
  region size 2048K, 2 young (4096K), 1 survivors (2048K)
 Metaspace       used 38154K, committed 38656K, reserved 1114112K
  class space    used 4436K, committed 4672K, reserved 1048576K
}
Event: 6.620 GC heap after
{Heap after GC invocations=15 (full 0):
 garbage-first heap   total 149504K, used 17679K [0x0000000704c00000, 0x0000000800000000)
  region size 2048K, 1 young (2048K), 1 survivors (2048K)
 Metaspace       used 38154K, committed 38656K, reserved 1114112K
  class space    used 4436K, committed 4672K, reserved 1048576K
}
Event: 9.610 GC heap before
{Heap before GC invocations=15 (full 0):
 garbage-first heap   total 149504K, used 97551K [0x0000000704c00000, 0x0000000800000000)
  region size 2048K, 40 young (81920K), 1 survivors (2048K)
 Metaspace       used 57221K, committed 57600K, reserved 1114112K
  class space    used 6920K, committed 7104K, reserved 1048576K
}
Event: 9.620 GC heap after
{Heap after GC invocations=16 (full 0):
 garbage-first heap   total 149504K, used 23024K [0x0000000704c00000, 0x0000000800000000)
  region size 2048K, 4 young (8192K), 4 survivors (8192K)
 Metaspace       used 57221K, committed 57600K, reserved 1114112K
  class space    used 6920K, committed 7104K, reserved 1048576K
}
Event: 9.859 GC heap before
{Heap before GC invocations=16 (full 0):
 garbage-first heap   total 149504K, used 29168K [0x0000000704c00000, 0x0000000800000000)
  region size 2048K, 8 young (16384K), 4 survivors (8192K)
 Metaspace       used 60047K, committed 60416K, reserved 1114112K
  class space    used 7362K, committed 7552K, reserved 1048576K
}
Event: 9.867 GC heap after
{Heap after GC invocations=17 (full 0):
 garbage-first heap   total 149504K, used 23600K [0x0000000704c00000, 0x0000000800000000)
  region size 2048K, 3 young (6144K), 3 survivors (6144K)
 Metaspace       used 60047K, committed 60416K, reserved 1114112K
  class space    used 7362K, committed 7552K, reserved 1048576K
}
Event: 11.872 GC heap before
{Heap before GC invocations=18 (full 0):
 garbage-first heap   total 90112K, used 72752K [0x0000000704c00000, 0x0000000800000000)
  region size 2048K, 28 young (57344K), 3 survivors (6144K)
 Metaspace       used 69377K, committed 69952K, reserved 1114112K
  class space    used 8808K, committed 9088K, reserved 1048576K
}
Event: 11.883 GC heap after
{Heap after GC invocations=19 (full 0):
 garbage-first heap   total 90112K, used 26998K [0x0000000704c00000, 0x0000000800000000)
  region size 2048K, 5 young (10240K), 5 survivors (10240K)
 Metaspace       used 69377K, committed 69952K, reserved 1114112K
  class space    used 8808K, committed 9088K, reserved 1048576K
}
Event: 11.934 GC heap before
{Heap before GC invocations=19 (full 0):
 garbage-first heap   total 90112K, used 29046K [0x0000000704c00000, 0x0000000800000000)
  region size 2048K, 6 young (12288K), 5 survivors (10240K)
 Metaspace       used 69448K, committed 70016K, reserved 1114112K
  class space    used 8816K, committed 9088K, reserved 1048576K
}
Event: 11.944 GC heap after
{Heap after GC invocations=20 (full 0):
 garbage-first heap   total 90112K, used 27813K [0x0000000704c00000, 0x0000000800000000)
  region size 2048K, 1 young (2048K), 1 survivors (2048K)
 Metaspace       used 69448K, committed 70016K, reserved 1114112K
  class space    used 8816K, committed 9088K, reserved 1048576K
}
Event: 12.994 GC heap before
{Heap before GC invocations=20 (full 0):
 garbage-first heap   total 90112K, used 66725K [0x0000000704c00000, 0x0000000800000000)
  region size 2048K, 20 young (40960K), 1 survivors (2048K)
 Metaspace       used 73242K, committed 73856K, reserved 1114112K
  class space    used 9374K, committed 9664K, reserved 1048576K
}
Event: 13.002 GC heap after
{Heap after GC invocations=21 (full 0):
 garbage-first heap   total 90112K, used 29572K [0x0000000704c00000, 0x0000000800000000)
  region size 2048K, 2 young (4096K), 2 survivors (4096K)
 Metaspace       used 73242K, committed 73856K, reserved 1114112K
  class space    used 9374K, committed 9664K, reserved 1048576K
}
Event: 35.759 GC heap before
{Heap before GC invocations=21 (full 0):
 garbage-first heap   total 90112K, used 64388K [0x0000000704c00000, 0x0000000800000000)
  region size 2048K, 20 young (40960K), 2 survivors (4096K)
 Metaspace       used 80023K, committed 80576K, reserved 1179648K
  class space    used 10023K, committed 10304K, reserved 1048576K
}
Event: 35.766 GC heap after
{Heap after GC invocations=22 (full 0):
 garbage-first heap   total 90112K, used 32027K [0x0000000704c00000, 0x0000000800000000)
  region size 2048K, 2 young (4096K), 2 survivors (4096K)
 Metaspace       used 80023K, committed 80576K, reserved 1179648K
  class space    used 10023K, committed 10304K, reserved 1048576K
}

