# JRE version: OpenJDK Runtime Environment Temurin-17.0.8.1+1 (17.0.8.1+1) (build 17.0.8.1+1)
# Java VM: OpenJDK 64-Bit Server VM Temurin-17.0.8.1+1 (17.0.8.1+1, mixed mode, tiered, compressed oops, compressed class ptrs, g1 gc, windows-amd64)
GC Precious Log:
 CPUs: 4 total, 4 available
 Memory: 16079M
 Large Page Support: Disabled
 NUMA Support: Disabled
 Compressed Oops: Enabled (Zero based)
 Heap Region Size: 2M
 Heap Min Capacity: 8M
 Heap Initial Capacity: 252M
 Heap Max Capacity: 4020M
 Pre-touch: Disabled
 Parallel Workers: 4
 Concurrent Workers: 1
 Concurrent Refinement Workers: 4
 Periodic GC: Disabled
Heap:
 garbage-first heap   total 69632K, used 38578K [0x0000000704c00000, 0x0000000800000000)
  region size 2048K, 5 young (10240K), 2 survivors (4096K)
 Metaspace       used 83661K, committed 84288K, reserved 1179648K
  class space    used 10323K, committed 10624K, reserved 1048576K
GC Heap History (20 events):
Event: 6.270 GC heap before
{Heap before GC invocations=11 (full 0):
 garbage-first heap   total 69632K, used 51821K [0x0000000704c00000, 0x0000000800000000)
  region size 2048K, 20 young (40960K), 3 survivors (6144K)
 Metaspace       used 41523K, committed 41984K, reserved 1114112K
  class space    used 4825K, committed 5056K, reserved 1048576K
}
Event: 6.279 GC heap after
{Heap after GC invocations=12 (full 0):
 garbage-first heap   total 69632K, used 19783K [0x0000000704c00000, 0x0000000800000000)
  region size 2048K, 2 young (4096K), 2 survivors (4096K)
 Metaspace       used 41523K, committed 41984K, reserved 1114112K
  class space    used 4825K, committed 5056K, reserved 1048576K
}
Event: 7.277 GC heap before
{Heap before GC invocations=12 (full 0):
 garbage-first heap   total 69632K, used 48455K [0x0000000704c00000, 0x0000000800000000)
  region size 2048K, 16 young (32768K), 2 survivors (4096K)
 Metaspace       used 49272K, committed 49728K, reserved 1114112K
  class space    used 5892K, committed 6080K, reserved 1048576K
}
Event: 7.282 GC heap after
{Heap after GC invocations=13 (full 0):
 garbage-first heap   total 69632K, used 21756K [0x0000000704c00000, 0x0000000800000000)
  region size 2048K, 1 young (2048K), 1 survivors (2048K)
 Metaspace       used 49272K, committed 49728K, reserved 1114112K
  class space    used 5892K, committed 6080K, reserved 1048576K
}
Event: 8.362 GC heap before
{Heap before GC invocations=13 (full 0):
 garbage-first heap   total 69632K, used 48380K [0x0000000704c00000, 0x0000000800000000)
  region size 2048K, 15 young (30720K), 1 survivors (2048K)
 Metaspace       used 56572K, committed 57024K, reserved 1114112K
  class space    used 6809K, committed 7040K, reserved 1048576K
}
Event: 8.368 GC heap after
{Heap after GC invocations=14 (full 0):
 garbage-first heap   total 69632K, used 23691K [0x0000000704c00000, 0x0000000800000000)
  region size 2048K, 2 young (4096K), 2 survivors (4096K)
 Metaspace       used 56572K, committed 57024K, reserved 1114112K
  class space    used 6809K, committed 7040K, reserved 1048576K
}
Event: 8.641 GC heap before
{Heap before GC invocations=14 (full 0):
 garbage-first heap   total 69632K, used 29835K [0x0000000704c00000, 0x0000000800000000)
  region size 2048K, 7 young (14336K), 2 survivors (4096K)
 Metaspace       used 59876K, committed 60288K, reserved 1114112K
  class space    used 7331K, committed 7552K, reserved 1048576K
}
Event: 8.646 GC heap after
{Heap after GC invocations=15 (full 0):
 garbage-first heap   total 69632K, used 24615K [0x0000000704c00000, 0x0000000800000000)
  region size 2048K, 1 young (2048K), 1 survivors (2048K)
 Metaspace       used 59876K, committed 60288K, reserved 1114112K
  class space    used 7331K, committed 7552K, reserved 1048576K
}
Event: 9.606 GC heap before
{Heap before GC invocations=16 (full 0):
 garbage-first heap   total 69632K, used 49191K [0x0000000704c00000, 0x0000000800000000)
  region size 2048K, 13 young (26624K), 1 survivors (2048K)
 Metaspace       used 64455K, committed 64960K, reserved 1114112K
  class space    used 8193K, committed 8448K, reserved 1048576K
}
Event: 9.610 GC heap after
{Heap after GC invocations=17 (full 0):
 garbage-first heap   total 69632K, used 25177K [0x0000000704c00000, 0x0000000800000000)
  region size 2048K, 1 young (2048K), 1 survivors (2048K)
 Metaspace       used 64455K, committed 64960K, reserved 1114112K
  class space    used 8193K, committed 8448K, reserved 1048576K
}
Event: 10.530 GC heap before
{Heap before GC invocations=17 (full 0):
 garbage-first heap   total 69632K, used 51801K [0x0000000704c00000, 0x0000000800000000)
  region size 2048K, 14 young (28672K), 1 survivors (2048K)
 Metaspace       used 68629K, committed 69056K, reserved 1114112K
  class space    used 8709K, committed 8896K, reserved 1048576K
}
Event: 10.536 GC heap after
{Heap after GC invocations=18 (full 0):
 garbage-first heap   total 69632K, used 27114K [0x0000000704c00000, 0x0000000800000000)
  region size 2048K, 2 young (4096K), 2 survivors (4096K)
 Metaspace       used 68629K, committed 69056K, reserved 1114112K
  class space    used 8709K, committed 8896K, reserved 1048576K
}
Event: 11.264 GC heap before
{Heap before GC invocations=18 (full 0):
 garbage-first heap   total 69632K, used 51690K [0x0000000704c00000, 0x0000000800000000)
  region size 2048K, 14 young (28672K), 2 survivors (4096K)
 Metaspace       used 71462K, committed 72000K, reserved 1114112K
  class space    used 9140K, committed 9408K, reserved 1048576K
}
Event: 11.274 GC heap after
{Heap after GC invocations=19 (full 0):
 garbage-first heap   total 69632K, used 29039K [0x0000000704c00000, 0x0000000800000000)
  region size 2048K, 2 young (4096K), 2 survivors (4096K)
 Metaspace       used 71462K, committed 72000K, reserved 1114112K
  class space    used 9140K, committed 9408K, reserved 1048576K
}
Event: 928.545 GC heap before
{Heap before GC invocations=19 (full 0):
 garbage-first heap   total 69632K, used 53615K [0x0000000704c00000, 0x0000000800000000)
  region size 2048K, 14 young (28672K), 2 survivors (4096K)
 Metaspace       used 74575K, committed 75136K, reserved 1114112K
  class space    used 9518K, committed 9792K, reserved 1048576K
}
Event: 928.557 GC heap after
{Heap after GC invocations=20 (full 0):
 garbage-first heap   total 69632K, used 31023K [0x0000000704c00000, 0x0000000800000000)
  region size 2048K, 2 young (4096K), 2 survivors (4096K)
 Metaspace       used 74575K, committed 75136K, reserved 1114112K
  class space    used 9518K, committed 9792K, reserved 1048576K
}
Event: 929.653 GC heap before
{Heap before GC invocations=20 (full 0):
 garbage-first heap   total 69632K, used 51503K [0x0000000704c00000, 0x0000000800000000)
  region size 2048K, 13 young (26624K), 2 survivors (4096K)
 Metaspace       used 78275K, committed 78848K, reserved 1179648K
  class space    used 9861K, committed 10112K, reserved 1048576K
}
Event: 929.661 GC heap after
{Heap after GC invocations=21 (full 0):
 garbage-first heap   total 69632K, used 32958K [0x0000000704c00000, 0x0000000800000000)
  region size 2048K, 2 young (4096K), 2 survivors (4096K)
 Metaspace       used 78275K, committed 78848K, reserved 1179648K
  class space    used 9861K, committed 10112K, reserved 1048576K
}
Event: 930.165 GC heap before
{Heap before GC invocations=21 (full 0):
 garbage-first heap   total 69632K, used 51390K [0x0000000704c00000, 0x0000000800000000)
  region size 2048K, 12 young (24576K), 2 survivors (4096K)
 Metaspace       used 82714K, committed 83264K, reserved 1179648K
  class space    used 10240K, committed 10496K, reserved 1048576K
}
Event: 930.172 GC heap after
{Heap after GC invocations=22 (full 0):
 garbage-first heap   total 69632K, used 34482K [0x0000000704c00000, 0x0000000800000000)
  region size 2048K, 2 young (4096K), 2 survivors (4096K)
 Metaspace       used 82714K, committed 83264K, reserved 1179648K
  class space    used 10240K, committed 10496K, reserved 1048576K
}

