# JRE version: OpenJDK Runtime Environment Temurin-17.0.8.1+1 (17.0.8.1+1) (build 17.0.8.1+1)
# Java VM: OpenJDK 64-Bit Server VM Temurin-17.0.8.1+1 (17.0.8.1+1, mixed mode, tiered, compressed oops, compressed class ptrs, g1 gc, windows-amd64)
GC Precious Log:
 CPUs: 4 total, 4 available
 Memory: 16079M
 Large Page Support: Disabled
 NUMA Support: Disabled
 Compressed Oops: Enabled (Zero based)
 Heap Region Size: 2M
 Heap Min Capacity: 8M
 Heap Initial Capacity: 252M
 Heap Max Capacity: 4020M
 Pre-touch: Disabled
 Parallel Workers: 4
 Concurrent Workers: 1
 Concurrent Refinement Workers: 4
 Periodic GC: Disabled
Heap:
 garbage-first heap   total 69632K, used 40180K [0x0000000704c00000, 0x0000000800000000)
  region size 2048K, 8 young (16384K), 2 survivors (4096K)
 Metaspace       used 83541K, committed 84160K, reserved 1179648K
  class space    used 10314K, committed 10624K, reserved 1048576K
GC Heap History (20 events):
Event: 5.965 GC heap before
{Heap before GC invocations=9 (full 0):
 garbage-first heap   total 149504K, used 36060K [0x0000000704c00000, 0x0000000800000000)
  region size 2048K, 13 young (26624K), 1 survivors (2048K)
 Metaspace       used 35549K, committed 35968K, reserved 1114112K
  class space    used 4144K, committed 4352K, reserved 1048576K
}
Event: 5.974 GC heap after
{Heap after GC invocations=10 (full 0):
 garbage-first heap   total 149504K, used 16666K [0x0000000704c00000, 0x0000000800000000)
  region size 2048K, 3 young (6144K), 3 survivors (6144K)
 Metaspace       used 35549K, committed 35968K, reserved 1114112K
  class space    used 4144K, committed 4352K, reserved 1048576K
}
Event: 7.405 GC heap before
{Heap before GC invocations=11 (full 0):
 garbage-first heap   total 69632K, used 51482K [0x0000000704c00000, 0x0000000800000000)
  region size 2048K, 20 young (40960K), 3 survivors (6144K)
 Metaspace       used 41622K, committed 42112K, reserved 1114112K
  class space    used 4852K, committed 5056K, reserved 1048576K
}
Event: 7.416 GC heap after
{Heap after GC invocations=12 (full 0):
 garbage-first heap   total 69632K, used 19046K [0x0000000704c00000, 0x0000000800000000)
  region size 2048K, 3 young (6144K), 3 survivors (6144K)
 Metaspace       used 41622K, committed 42112K, reserved 1114112K
  class space    used 4852K, committed 5056K, reserved 1048576K
}
Event: 8.761 GC heap before
{Heap before GC invocations=12 (full 0):
 garbage-first heap   total 69632K, used 49766K [0x0000000704c00000, 0x0000000800000000)
  region size 2048K, 18 young (36864K), 3 survivors (6144K)
 Metaspace       used 51452K, committed 51904K, reserved 1114112K
  class space    used 6136K, committed 6336K, reserved 1048576K
}
Event: 8.769 GC heap after
{Heap after GC invocations=13 (full 0):
 garbage-first heap   total 69632K, used 20644K [0x0000000704c00000, 0x0000000800000000)
  region size 2048K, 2 young (4096K), 2 survivors (4096K)
 Metaspace       used 51452K, committed 51904K, reserved 1114112K
  class space    used 6136K, committed 6336K, reserved 1048576K
}
Event: 9.901 GC heap before
{Heap before GC invocations=13 (full 0):
 garbage-first heap   total 69632K, used 51364K [0x0000000704c00000, 0x0000000800000000)
  region size 2048K, 17 young (34816K), 2 survivors (4096K)
 Metaspace       used 58621K, committed 59008K, reserved 1114112K
  class space    used 7182K, committed 7360K, reserved 1048576K
}
Event: 9.907 GC heap after
{Heap after GC invocations=14 (full 0):
 garbage-first heap   total 69632K, used 23479K [0x0000000704c00000, 0x0000000800000000)
  region size 2048K, 3 young (6144K), 3 survivors (6144K)
 Metaspace       used 58621K, committed 59008K, reserved 1114112K
  class space    used 7182K, committed 7360K, reserved 1048576K
}
Event: 10.059 GC heap before
{Heap before GC invocations=14 (full 0):
 garbage-first heap   total 69632K, used 25527K [0x0000000704c00000, 0x0000000800000000)
  region size 2048K, 5 young (10240K), 3 survivors (6144K)
 Metaspace       used 59869K, committed 60288K, reserved 1114112K
  class space    used 7324K, committed 7552K, reserved 1048576K
}
Event: 10.065 GC heap after
{Heap after GC invocations=15 (full 0):
 garbage-first heap   total 69632K, used 23792K [0x0000000704c00000, 0x0000000800000000)
  region size 2048K, 1 young (2048K), 1 survivors (2048K)
 Metaspace       used 59869K, committed 60288K, reserved 1114112K
  class space    used 7324K, committed 7552K, reserved 1048576K
}
Event: 11.208 GC heap before
{Heap before GC invocations=16 (full 0):
 garbage-first heap   total 69632K, used 52464K [0x0000000704c00000, 0x0000000800000000)
  region size 2048K, 15 young (30720K), 1 survivors (2048K)
 Metaspace       used 65347K, committed 65792K, reserved 1114112K
  class space    used 8264K, committed 8448K, reserved 1048576K
}
Event: 11.212 GC heap after
{Heap after GC invocations=17 (full 0):
 garbage-first heap   total 69632K, used 24627K [0x0000000704c00000, 0x0000000800000000)
  region size 2048K, 1 young (2048K), 1 survivors (2048K)
 Metaspace       used 65347K, committed 65792K, reserved 1114112K
  class space    used 8264K, committed 8448K, reserved 1048576K
}
Event: 12.094 GC heap before
{Heap before GC invocations=17 (full 0):
 garbage-first heap   total 69632K, used 53299K [0x0000000704c00000, 0x0000000800000000)
  region size 2048K, 15 young (30720K), 1 survivors (2048K)
 Metaspace       used 69451K, committed 70016K, reserved 1114112K
  class space    used 8835K, committed 9088K, reserved 1048576K
}
Event: 12.103 GC heap after
{Heap after GC invocations=18 (full 0):
 garbage-first heap   total 69632K, used 26949K [0x0000000704c00000, 0x0000000800000000)
  region size 2048K, 2 young (4096K), 2 survivors (4096K)
 Metaspace       used 69451K, committed 70016K, reserved 1114112K
  class space    used 8835K, committed 9088K, reserved 1048576K
}
Event: 19.548 GC heap before
{Heap before GC invocations=18 (full 0):
 garbage-first heap   total 69632K, used 53573K [0x0000000704c00000, 0x0000000800000000)
  region size 2048K, 15 young (30720K), 2 survivors (4096K)
 Metaspace       used 73216K, committed 73792K, reserved 1114112K
  class space    used 9307K, committed 9536K, reserved 1048576K
}
Event: 19.558 GC heap after
{Heap after GC invocations=19 (full 0):
 garbage-first heap   total 69632K, used 29273K [0x0000000704c00000, 0x0000000800000000)
  region size 2048K, 2 young (4096K), 2 survivors (4096K)
 Metaspace       used 73216K, committed 73792K, reserved 1114112K
  class space    used 9307K, committed 9536K, reserved 1048576K
}
Event: 20.679 GC heap before
{Heap before GC invocations=19 (full 0):
 garbage-first heap   total 69632K, used 49753K [0x0000000704c00000, 0x0000000800000000)
  region size 2048K, 13 young (26624K), 2 survivors (4096K)
 Metaspace       used 77165K, committed 77760K, reserved 1179648K
  class space    used 9819K, committed 10112K, reserved 1048576K
}
Event: 20.686 GC heap after
{Heap after GC invocations=20 (full 0):
 garbage-first heap   total 69632K, used 31266K [0x0000000704c00000, 0x0000000800000000)
  region size 2048K, 2 young (4096K), 2 survivors (4096K)
 Metaspace       used 77165K, committed 77760K, reserved 1179648K
  class space    used 9819K, committed 10112K, reserved 1048576K
}
Event: 21.365 GC heap before
{Heap before GC invocations=20 (full 0):
 garbage-first heap   total 69632K, used 51746K [0x0000000704c00000, 0x0000000800000000)
  region size 2048K, 12 young (24576K), 2 survivors (4096K)
 Metaspace       used 82292K, committed 82880K, reserved 1179648K
  class space    used 10222K, committed 10496K, reserved 1048576K
}
Event: 21.369 GC heap after
{Heap after GC invocations=21 (full 0):
 garbage-first heap   total 69632K, used 31988K [0x0000000704c00000, 0x0000000800000000)
  region size 2048K, 2 young (4096K), 2 survivors (4096K)
 Metaspace       used 82292K, committed 82880K, reserved 1179648K
  class space    used 10222K, committed 10496K, reserved 1048576K
}

