# JRE version: OpenJDK Runtime Environment Temurin-17.0.8.1+1 (17.0.8.1+1) (build 17.0.8.1+1)
# Java VM: OpenJDK 64-Bit Server VM Temurin-17.0.8.1+1 (17.0.8.1+1, mixed mode, tiered, compressed oops, compressed class ptrs, g1 gc, windows-amd64)
GC Precious Log:
 CPUs: 4 total, 4 available
 Memory: 16079M
 Large Page Support: Disabled
 NUMA Support: Disabled
 Compressed Oops: Enabled (Zero based)
 Heap Region Size: 2M
 Heap Min Capacity: 8M
 Heap Initial Capacity: 252M
 Heap Max Capacity: 4020M
 Pre-touch: Disabled
 Parallel Workers: 4
 Concurrent Workers: 1
 Concurrent Refinement Workers: 4
 Periodic GC: Disabled
Heap:
 garbage-first heap   total 69632K, used 34438K [0x0000000704c00000, 0x0000000800000000)
  region size 2048K, 3 young (6144K), 2 survivors (4096K)
 Metaspace       used 83210K, committed 83776K, reserved 1179648K
  class space    used 10284K, committed 10560K, reserved 1048576K
GC Heap History (20 events):
Event: 8.618 GC heap before
{Heap before GC invocations=13 (full 0):
 garbage-first heap   total 69632K, used 51734K [0x0000000704c00000, 0x0000000800000000)
  region size 2048K, 20 young (40960K), 3 survivors (6144K)
 Metaspace       used 41731K, committed 42240K, reserved 1114112K
  class space    used 4858K, committed 5120K, reserved 1048576K
}
Event: 8.626 GC heap after
{Heap after GC invocations=14 (full 0):
 garbage-first heap   total 69632K, used 19851K [0x0000000704c00000, 0x0000000800000000)
  region size 2048K, 3 young (6144K), 3 survivors (6144K)
 Metaspace       used 41731K, committed 42240K, reserved 1114112K
  class space    used 4858K, committed 5120K, reserved 1048576K
}
Event: 9.940 GC heap before
{Heap before GC invocations=14 (full 0):
 garbage-first heap   total 69632K, used 48523K [0x0000000704c00000, 0x0000000800000000)
  region size 2048K, 18 young (36864K), 3 survivors (6144K)
 Metaspace       used 51368K, committed 51776K, reserved 1114112K
  class space    used 6141K, committed 6336K, reserved 1048576K
}
Event: 9.949 GC heap after
{Heap after GC invocations=15 (full 0):
 garbage-first heap   total 69632K, used 21971K [0x0000000704c00000, 0x0000000800000000)
  region size 2048K, 3 young (6144K), 3 survivors (6144K)
 Metaspace       used 51368K, committed 51776K, reserved 1114112K
  class space    used 6141K, committed 6336K, reserved 1048576K
}
Event: 11.101 GC heap before
{Heap before GC invocations=15 (full 0):
 garbage-first heap   total 69632K, used 50643K [0x0000000704c00000, 0x0000000800000000)
  region size 2048K, 17 young (34816K), 3 survivors (6144K)
 Metaspace       used 57235K, committed 57664K, reserved 1114112K
  class space    used 6925K, committed 7104K, reserved 1048576K
}
Event: 11.109 GC heap after
{Heap after GC invocations=16 (full 0):
 garbage-first heap   total 69632K, used 24119K [0x0000000704c00000, 0x0000000800000000)
  region size 2048K, 3 young (6144K), 3 survivors (6144K)
 Metaspace       used 57235K, committed 57664K, reserved 1114112K
  class space    used 6925K, committed 7104K, reserved 1048576K
}
Event: 11.325 GC heap before
{Heap before GC invocations=16 (full 0):
 garbage-first heap   total 69632K, used 28215K [0x0000000704c00000, 0x0000000800000000)
  region size 2048K, 6 young (12288K), 3 survivors (6144K)
 Metaspace       used 59676K, committed 60160K, reserved 1114112K
  class space    used 7313K, committed 7552K, reserved 1048576K
}
Event: 11.330 GC heap after
{Heap after GC invocations=17 (full 0):
 garbage-first heap   total 69632K, used 24582K [0x0000000704c00000, 0x0000000800000000)
  region size 2048K, 1 young (2048K), 1 survivors (2048K)
 Metaspace       used 59676K, committed 60160K, reserved 1114112K
  class space    used 7313K, committed 7552K, reserved 1048576K
}
Event: 12.235 GC heap before
{Heap before GC invocations=18 (full 0):
 garbage-first heap   total 69632K, used 49158K [0x0000000704c00000, 0x0000000800000000)
  region size 2048K, 14 young (28672K), 1 survivors (2048K)
 Metaspace       used 64791K, committed 65280K, reserved 1114112K
  class space    used 8237K, committed 8448K, reserved 1048576K
}
Event: 12.238 GC heap after
{Heap after GC invocations=19 (full 0):
 garbage-first heap   total 69632K, used 25308K [0x0000000704c00000, 0x0000000800000000)
  region size 2048K, 1 young (2048K), 1 survivors (2048K)
 Metaspace       used 64791K, committed 65280K, reserved 1114112K
  class space    used 8237K, committed 8448K, reserved 1048576K
}
Event: 13.174 GC heap before
{Heap before GC invocations=19 (full 0):
 garbage-first heap   total 69632K, used 51932K [0x0000000704c00000, 0x0000000800000000)
  region size 2048K, 14 young (28672K), 1 survivors (2048K)
 Metaspace       used 69426K, committed 70016K, reserved 1114112K
  class space    used 8814K, committed 9088K, reserved 1048576K
}
Event: 13.182 GC heap after
{Heap after GC invocations=20 (full 0):
 garbage-first heap   total 69632K, used 27520K [0x0000000704c00000, 0x0000000800000000)
  region size 2048K, 2 young (4096K), 2 survivors (4096K)
 Metaspace       used 69426K, committed 70016K, reserved 1114112K
  class space    used 8814K, committed 9088K, reserved 1048576K
}
Event: 13.806 GC heap before
{Heap before GC invocations=20 (full 0):
 garbage-first heap   total 69632K, used 52096K [0x0000000704c00000, 0x0000000800000000)
  region size 2048K, 14 young (28672K), 2 survivors (4096K)
 Metaspace       used 71702K, committed 72256K, reserved 1114112K
  class space    used 9159K, committed 9408K, reserved 1048576K
}
Event: 13.814 GC heap after
{Heap after GC invocations=21 (full 0):
 garbage-first heap   total 69632K, used 29142K [0x0000000704c00000, 0x0000000800000000)
  region size 2048K, 1 young (2048K), 1 survivors (2048K)
 Metaspace       used 71702K, committed 72256K, reserved 1114112K
  class space    used 9159K, committed 9408K, reserved 1048576K
}
Event: 22.431 GC heap before
{Heap before GC invocations=21 (full 0):
 garbage-first heap   total 69632K, used 53718K [0x0000000704c00000, 0x0000000800000000)
  region size 2048K, 13 young (26624K), 1 survivors (2048K)
 Metaspace       used 74913K, committed 75456K, reserved 1179648K
  class space    used 9577K, committed 9856K, reserved 1048576K
}
Event: 22.438 GC heap after
{Heap after GC invocations=22 (full 0):
 garbage-first heap   total 69632K, used 31045K [0x0000000704c00000, 0x0000000800000000)
  region size 2048K, 2 young (4096K), 2 survivors (4096K)
 Metaspace       used 74913K, committed 75456K, reserved 1179648K
  class space    used 9577K, committed 9856K, reserved 1048576K
}
Event: 23.140 GC heap before
{Heap before GC invocations=22 (full 0):
 garbage-first heap   total 69632K, used 51525K [0x0000000704c00000, 0x0000000800000000)
  region size 2048K, 13 young (26624K), 2 survivors (4096K)
 Metaspace       used 79088K, committed 79616K, reserved 1179648K
  class space    used 9906K, committed 10176K, reserved 1048576K
}
Event: 23.152 GC heap after
{Heap after GC invocations=23 (full 0):
 garbage-first heap   total 69632K, used 32834K [0x0000000704c00000, 0x0000000800000000)
  region size 2048K, 2 young (4096K), 2 survivors (4096K)
 Metaspace       used 79088K, committed 79616K, reserved 1179648K
  class space    used 9906K, committed 10176K, reserved 1048576K
}
Event: 23.729 GC heap before
{Heap before GC invocations=23 (full 0):
 garbage-first heap   total 69632K, used 51266K [0x0000000704c00000, 0x0000000800000000)
  region size 2048K, 12 young (24576K), 2 survivors (4096K)
 Metaspace       used 83023K, committed 83648K, reserved 1179648K
  class space    used 10258K, committed 10560K, reserved 1048576K
}
Event: 23.735 GC heap after
{Heap after GC invocations=24 (full 0):
 garbage-first heap   total 69632K, used 34438K [0x0000000704c00000, 0x0000000800000000)
  region size 2048K, 2 young (4096K), 2 survivors (4096K)
 Metaspace       used 83023K, committed 83648K, reserved 1179648K
  class space    used 10258K, committed 10560K, reserved 1048576K
}

