# JRE version: OpenJDK Runtime Environment Temurin-17.0.8.1+1 (17.0.8.1+1) (build 17.0.8.1+1)
# Java VM: OpenJDK 64-Bit Server VM Temurin-17.0.8.1+1 (17.0.8.1+1, mixed mode, tiered, compressed oops, compressed class ptrs, g1 gc, windows-amd64)
GC Precious Log:
 CPUs: 4 total, 4 available
 Memory: 16079M
 Large Page Support: Disabled
 NUMA Support: Disabled
 Compressed Oops: Enabled (Zero based)
 Heap Region Size: 2M
 Heap Min Capacity: 8M
 Heap Initial Capacity: 252M
 Heap Max Capacity: 4020M
 Pre-touch: Disabled
 Parallel Workers: 4
 Concurrent Workers: 1
 Concurrent Refinement Workers: 4
 Periodic GC: Disabled
Heap:
 garbage-first heap   total 75776K, used 33930K [0x0000000704c00000, 0x0000000800000000)
  region size 2048K, 2 young (4096K), 1 survivors (2048K)
 Metaspace       used 83533K, committed 84096K, reserved 1179648K
  class space    used 10316K, committed 10624K, reserved 1048576K
GC Heap History (20 events):
Event: 6.893 GC heap before
{Heap before GC invocations=11 (full 0):
 garbage-first heap   total 75776K, used 54197K [0x0000000704c00000, 0x0000000800000000)
  region size 2048K, 22 young (45056K), 4 survivors (8192K)
 Metaspace       used 42154K, committed 42624K, reserved 1114112K
  class space    used 4917K, committed 5184K, reserved 1048576K
}
Event: 6.904 GC heap after
{Heap after GC invocations=12 (full 0):
 garbage-first heap   total 75776K, used 20132K [0x0000000704c00000, 0x0000000800000000)
  region size 2048K, 2 young (4096K), 2 survivors (4096K)
 Metaspace       used 42154K, committed 42624K, reserved 1114112K
  class space    used 4917K, committed 5184K, reserved 1048576K
}
Event: 6.975 GC heap before
{Heap before GC invocations=12 (full 0):
 garbage-first heap   total 75776K, used 22180K [0x0000000704c00000, 0x0000000800000000)
  region size 2048K, 3 young (6144K), 2 survivors (4096K)
 Metaspace       used 42558K, committed 43072K, reserved 1114112K
  class space    used 4990K, committed 5248K, reserved 1048576K
}
Event: 6.979 GC heap after
{Heap after GC invocations=13 (full 0):
 garbage-first heap   total 75776K, used 20131K [0x0000000704c00000, 0x0000000800000000)
  region size 2048K, 1 young (2048K), 1 survivors (2048K)
 Metaspace       used 42558K, committed 43072K, reserved 1114112K
  class space    used 4990K, committed 5248K, reserved 1048576K
}
Event: 8.335 GC heap before
{Heap before GC invocations=13 (full 0):
 garbage-first heap   total 75776K, used 52899K [0x0000000704c00000, 0x0000000800000000)
  region size 2048K, 17 young (34816K), 1 survivors (2048K)
 Metaspace       used 52592K, committed 53120K, reserved 1114112K
  class space    used 6295K, committed 6528K, reserved 1048576K
}
Event: 8.342 GC heap after
{Heap after GC invocations=14 (full 0):
 garbage-first heap   total 75776K, used 21622K [0x0000000704c00000, 0x0000000800000000)
  region size 2048K, 2 young (4096K), 2 survivors (4096K)
 Metaspace       used 52592K, committed 53120K, reserved 1114112K
  class space    used 6295K, committed 6528K, reserved 1048576K
}
Event: 9.375 GC heap before
{Heap before GC invocations=14 (full 0):
 garbage-first heap   total 75776K, used 50294K [0x0000000704c00000, 0x0000000800000000)
  region size 2048K, 17 young (34816K), 2 survivors (4096K)
 Metaspace       used 60017K, committed 60416K, reserved 1114112K
  class space    used 7360K, committed 7552K, reserved 1048576K
}
Event: 9.382 GC heap after
{Heap after GC invocations=15 (full 0):
 garbage-first heap   total 75776K, used 23846K [0x0000000704c00000, 0x0000000800000000)
  region size 2048K, 3 young (6144K), 3 survivors (6144K)
 Metaspace       used 60017K, committed 60416K, reserved 1114112K
  class space    used 7360K, committed 7552K, reserved 1048576K
}
Event: 10.675 GC heap before
{Heap before GC invocations=16 (full 0):
 garbage-first heap   total 75776K, used 56614K [0x0000000704c00000, 0x0000000800000000)
  region size 2048K, 19 young (38912K), 3 survivors (6144K)
 Metaspace       used 66134K, committed 66624K, reserved 1114112K
  class space    used 8355K, committed 8576K, reserved 1048576K
}
Event: 10.683 GC heap after
{Heap after GC invocations=17 (full 0):
 garbage-first heap   total 75776K, used 25719K [0x0000000704c00000, 0x0000000800000000)
  region size 2048K, 3 young (6144K), 3 survivors (6144K)
 Metaspace       used 66134K, committed 66624K, reserved 1114112K
  class space    used 8355K, committed 8576K, reserved 1048576K
}
Event: 10.757 GC heap before
{Heap before GC invocations=17 (full 0):
 garbage-first heap   total 75776K, used 25719K [0x0000000704c00000, 0x0000000800000000)
  region size 2048K, 4 young (8192K), 3 survivors (6144K)
 Metaspace       used 66472K, committed 66944K, reserved 1114112K
  class space    used 8408K, committed 8640K, reserved 1048576K
}
Event: 10.764 GC heap after
{Heap after GC invocations=18 (full 0):
 garbage-first heap   total 75776K, used 25862K [0x0000000704c00000, 0x0000000800000000)
  region size 2048K, 1 young (2048K), 1 survivors (2048K)
 Metaspace       used 66472K, committed 66944K, reserved 1114112K
  class space    used 8408K, committed 8640K, reserved 1048576K
}
Event: 11.613 GC heap before
{Heap before GC invocations=18 (full 0):
 garbage-first heap   total 75776K, used 56582K [0x0000000704c00000, 0x0000000800000000)
  region size 2048K, 16 young (32768K), 1 survivors (2048K)
 Metaspace       used 70243K, committed 70784K, reserved 1114112K
  class space    used 8927K, committed 9216K, reserved 1048576K
}
Event: 11.619 GC heap after
{Heap after GC invocations=19 (full 0):
 garbage-first heap   total 75776K, used 27433K [0x0000000704c00000, 0x0000000800000000)
  region size 2048K, 2 young (4096K), 2 survivors (4096K)
 Metaspace       used 70243K, committed 70784K, reserved 1114112K
  class space    used 8927K, committed 9216K, reserved 1048576K
}
Event: 12.409 GC heap before
{Heap before GC invocations=19 (full 0):
 garbage-first heap   total 75776K, used 56105K [0x0000000704c00000, 0x0000000800000000)
  region size 2048K, 16 young (32768K), 2 survivors (4096K)
 Metaspace       used 73361K, committed 73920K, reserved 1114112K
  class space    used 9387K, committed 9664K, reserved 1048576K
}
Event: 12.416 GC heap after
{Heap after GC invocations=20 (full 0):
 garbage-first heap   total 75776K, used 29971K [0x0000000704c00000, 0x0000000800000000)
  region size 2048K, 2 young (4096K), 2 survivors (4096K)
 Metaspace       used 73361K, committed 73920K, reserved 1114112K
  class space    used 9387K, committed 9664K, reserved 1048576K
}
Event: 18.786 GC heap before
{Heap before GC invocations=20 (full 0):
 garbage-first heap   total 75776K, used 56595K [0x0000000704c00000, 0x0000000800000000)
  region size 2048K, 16 young (32768K), 2 survivors (4096K)
 Metaspace       used 78358K, committed 78912K, reserved 1179648K
  class space    used 9865K, committed 10176K, reserved 1048576K
}
Event: 18.795 GC heap after
{Heap after GC invocations=21 (full 0):
 garbage-first heap   total 75776K, used 32737K [0x0000000704c00000, 0x0000000800000000)
  region size 2048K, 2 young (4096K), 2 survivors (4096K)
 Metaspace       used 78358K, committed 78912K, reserved 1179648K
  class space    used 9865K, committed 10176K, reserved 1048576K
}
Event: 20.502 GC heap before
{Heap before GC invocations=21 (full 0):
 garbage-first heap   total 75776K, used 57313K [0x0000000704c00000, 0x0000000800000000)
  region size 2048K, 14 young (28672K), 2 survivors (4096K)
 Metaspace       used 83402K, committed 83968K, reserved 1179648K
  class space    used 10295K, committed 10560K, reserved 1048576K
}
Event: 20.507 GC heap after
{Heap after GC invocations=22 (full 0):
 garbage-first heap   total 75776K, used 33930K [0x0000000704c00000, 0x0000000800000000)
  region size 2048K, 1 young (2048K), 1 survivors (2048K)
 Metaspace       used 83402K, committed 83968K, reserved 1179648K
  class space    used 10295K, committed 10560K, reserved 1048576K
}

