# JRE version: OpenJDK Runtime Environment Temurin-17.0.8.1+1 (17.0.8.1+1) (build 17.0.8.1+1)
# Java VM: OpenJDK 64-Bit Server VM Temurin-17.0.8.1+1 (17.0.8.1+1, mixed mode, tiered, compressed oops, compressed class ptrs, g1 gc, windows-amd64)
GC Precious Log:
 CPUs: 4 total, 4 available
 Memory: 16079M
 Large Page Support: Disabled
 NUMA Support: Disabled
 Compressed Oops: Enabled (Zero based)
 Heap Region Size: 2M
 Heap Min Capacity: 8M
 Heap Initial Capacity: 252M
 Heap Max Capacity: 4020M
 Pre-touch: Disabled
 Parallel Workers: 4
 Concurrent Workers: 1
 Concurrent Refinement Workers: 4
 Periodic GC: Disabled
Heap:
 garbage-first heap   total 69632K, used 40562K [0x0000000704c00000, 0x0000000800000000)
  region size 2048K, 6 young (12288K), 2 survivors (4096K)
 Metaspace       used 83029K, committed 83584K, reserved 1179648K
  class space    used 10272K, committed 10560K, reserved 1048576K
GC Heap History (20 events):
Event: 6.158 GC heap before
{Heap before GC invocations=10 (full 0):
 garbage-first heap   total 69632K, used 52319K [0x0000000704c00000, 0x0000000800000000)
  region size 2048K, 20 young (40960K), 3 survivors (6144K)
 Metaspace       used 41569K, committed 42048K, reserved 1114112K
  class space    used 4833K, committed 5056K, reserved 1048576K
}
Event: 6.170 GC heap after
{Heap after GC invocations=11 (full 0):
 garbage-first heap   total 69632K, used 20284K [0x0000000704c00000, 0x0000000800000000)
  region size 2048K, 2 young (4096K), 2 survivors (4096K)
 Metaspace       used 41569K, committed 42048K, reserved 1114112K
  class space    used 4833K, committed 5056K, reserved 1048576K
}
Event: 7.047 GC heap before
{Heap before GC invocations=11 (full 0):
 garbage-first heap   total 69632K, used 44860K [0x0000000704c00000, 0x0000000800000000)
  region size 2048K, 15 young (30720K), 2 survivors (4096K)
 Metaspace       used 47817K, committed 48256K, reserved 1114112K
  class space    used 5728K, committed 5952K, reserved 1048576K
}
Event: 7.054 GC heap after
{Heap after GC invocations=12 (full 0):
 garbage-first heap   total 69632K, used 21986K [0x0000000704c00000, 0x0000000800000000)
  region size 2048K, 1 young (2048K), 1 survivors (2048K)
 Metaspace       used 47817K, committed 48256K, reserved 1114112K
  class space    used 5728K, committed 5952K, reserved 1048576K
}
Event: 8.104 GC heap before
{Heap before GC invocations=12 (full 0):
 garbage-first heap   total 69632K, used 48610K [0x0000000704c00000, 0x0000000800000000)
  region size 2048K, 14 young (28672K), 1 survivors (2048K)
 Metaspace       used 55884K, committed 56320K, reserved 1114112K
  class space    used 6711K, committed 6912K, reserved 1048576K
}
Event: 8.110 GC heap after
{Heap after GC invocations=13 (full 0):
 garbage-first heap   total 69632K, used 23963K [0x0000000704c00000, 0x0000000800000000)
  region size 2048K, 2 young (4096K), 2 survivors (4096K)
 Metaspace       used 55884K, committed 56320K, reserved 1114112K
  class space    used 6711K, committed 6912K, reserved 1048576K
}
Event: 8.528 GC heap before
{Heap before GC invocations=13 (full 0):
 garbage-first heap   total 69632K, used 36251K [0x0000000704c00000, 0x0000000800000000)
  region size 2048K, 9 young (18432K), 2 survivors (4096K)
 Metaspace       used 60012K, committed 60416K, reserved 1114112K
  class space    used 7355K, committed 7552K, reserved 1048576K
}
Event: 8.534 GC heap after
{Heap after GC invocations=14 (full 0):
 garbage-first heap   total 69632K, used 24980K [0x0000000704c00000, 0x0000000800000000)
  region size 2048K, 1 young (2048K), 1 survivors (2048K)
 Metaspace       used 60012K, committed 60416K, reserved 1114112K
  class space    used 7355K, committed 7552K, reserved 1048576K
}
Event: 9.617 GC heap before
{Heap before GC invocations=15 (full 0):
 garbage-first heap   total 69632K, used 51604K [0x0000000704c00000, 0x0000000800000000)
  region size 2048K, 14 young (28672K), 1 survivors (2048K)
 Metaspace       used 65340K, committed 65792K, reserved 1114112K
  class space    used 8283K, committed 8512K, reserved 1048576K
}
Event: 9.621 GC heap after
{Heap after GC invocations=16 (full 0):
 garbage-first heap   total 69632K, used 26016K [0x0000000704c00000, 0x0000000800000000)
  region size 2048K, 2 young (4096K), 2 survivors (4096K)
 Metaspace       used 65340K, committed 65792K, reserved 1114112K
  class space    used 8283K, committed 8512K, reserved 1048576K
}
Event: 10.493 GC heap before
{Heap before GC invocations=16 (full 0):
 garbage-first heap   total 69632K, used 48544K [0x0000000704c00000, 0x0000000800000000)
  region size 2048K, 14 young (28672K), 2 survivors (4096K)
 Metaspace       used 69342K, committed 69952K, reserved 1114112K
  class space    used 8800K, committed 9088K, reserved 1048576K
}
Event: 10.501 GC heap after
{Heap after GC invocations=17 (full 0):
 garbage-first heap   total 69632K, used 28219K [0x0000000704c00000, 0x0000000800000000)
  region size 2048K, 2 young (4096K), 2 survivors (4096K)
 Metaspace       used 69342K, committed 69952K, reserved 1114112K
  class space    used 8800K, committed 9088K, reserved 1048576K
}
Event: 11.238 GC heap before
{Heap before GC invocations=17 (full 0):
 garbage-first heap   total 69632K, used 52795K [0x0000000704c00000, 0x0000000800000000)
  region size 2048K, 14 young (28672K), 2 survivors (4096K)
 Metaspace       used 71612K, committed 72192K, reserved 1114112K
  class space    used 9144K, committed 9408K, reserved 1048576K
}
Event: 11.245 GC heap after
{Heap after GC invocations=18 (full 0):
 garbage-first heap   total 69632K, used 29878K [0x0000000704c00000, 0x0000000800000000)
  region size 2048K, 1 young (2048K), 1 survivors (2048K)
 Metaspace       used 71612K, committed 72192K, reserved 1114112K
  class space    used 9144K, committed 9408K, reserved 1048576K
}
Event: 20.487 GC heap before
{Heap before GC invocations=18 (full 0):
 garbage-first heap   total 69632K, used 52406K [0x0000000704c00000, 0x0000000800000000)
  region size 2048K, 12 young (24576K), 1 survivors (2048K)
 Metaspace       used 74329K, committed 74880K, reserved 1114112K
  class space    used 9502K, committed 9728K, reserved 1048576K
}
Event: 20.493 GC heap after
{Heap after GC invocations=19 (full 0):
 garbage-first heap   total 69632K, used 31692K [0x0000000704c00000, 0x0000000800000000)
  region size 2048K, 2 young (4096K), 2 survivors (4096K)
 Metaspace       used 74329K, committed 74880K, reserved 1114112K
  class space    used 9502K, committed 9728K, reserved 1048576K
}
Event: 21.381 GC heap before
{Heap before GC invocations=19 (full 0):
 garbage-first heap   total 69632K, used 50124K [0x0000000704c00000, 0x0000000800000000)
  region size 2048K, 12 young (24576K), 2 survivors (4096K)
 Metaspace       used 77562K, committed 78144K, reserved 1179648K
  class space    used 9802K, committed 10112K, reserved 1048576K
}
Event: 21.392 GC heap after
{Heap after GC invocations=20 (full 0):
 garbage-first heap   total 69632K, used 33521K [0x0000000704c00000, 0x0000000800000000)
  region size 2048K, 1 young (2048K), 1 survivors (2048K)
 Metaspace       used 77562K, committed 78144K, reserved 1179648K
  class space    used 9802K, committed 10112K, reserved 1048576K
}
Event: 22.121 GC heap before
{Heap before GC invocations=20 (full 0):
 garbage-first heap   total 69632K, used 51953K [0x0000000704c00000, 0x0000000800000000)
  region size 2048K, 11 young (22528K), 1 survivors (2048K)
 Metaspace       used 82283K, committed 82880K, reserved 1179648K
  class space    used 10201K, committed 10496K, reserved 1048576K
}
Event: 22.125 GC heap after
{Heap after GC invocations=21 (full 0):
 garbage-first heap   total 69632K, used 34418K [0x0000000704c00000, 0x0000000800000000)
  region size 2048K, 2 young (4096K), 2 survivors (4096K)
 Metaspace       used 82283K, committed 82880K, reserved 1179648K
  class space    used 10201K, committed 10496K, reserved 1048576K
}

