# JRE version: OpenJDK Runtime Environment Temurin-17.0.8.1+1 (17.0.8.1+1) (build 17.0.8.1+1)
# Java VM: OpenJDK 64-Bit Server VM Temurin-17.0.8.1+1 (17.0.8.1+1, mixed mode, tiered, compressed oops, compressed class ptrs, g1 gc, windows-amd64)
GC Precious Log:
 CPUs: 4 total, 4 available
 Memory: 16079M
 Large Page Support: Disabled
 NUMA Support: Disabled
 Compressed Oops: Enabled (Zero based)
 Heap Region Size: 2M
 Heap Min Capacity: 8M
 Heap Initial Capacity: 252M
 Heap Max Capacity: 4020M
 Pre-touch: Disabled
 Parallel Workers: 4
 Concurrent Workers: 1
 Concurrent Refinement Workers: 4
 Periodic GC: Disabled
Heap:
 garbage-first heap   total 69632K, used 49365K [0x0000000704c00000, 0x0000000800000000)
  region size 2048K, 12 young (24576K), 2 survivors (4096K)
 Metaspace       used 83400K, committed 83968K, reserved 1179648K
  class space    used 10298K, committed 10560K, reserved 1048576K
GC Heap History (20 events):
Event: 5.805 GC heap before
{Heap before GC invocations=11 (full 0):
 garbage-first heap   total 40960K, used 24200K [0x0000000704c00000, 0x0000000800000000)
  region size 2048K, 7 young (14336K), 2 survivors (4096K)
 Metaspace       used 35754K, committed 36096K, reserved 1114112K
  class space    used 4171K, committed 4352K, reserved 1048576K
}
Event: 5.818 GC heap after
{Heap after GC invocations=12 (full 0):
 garbage-first heap   total 149504K, used 17322K [0x0000000704c00000, 0x0000000800000000)
  region size 2048K, 1 young (2048K), 1 survivors (2048K)
 Metaspace       used 35754K, committed 36096K, reserved 1114112K
  class space    used 4171K, committed 4352K, reserved 1048576K
}
Event: 7.330 GC heap before
{Heap before GC invocations=13 (full 0):
 garbage-first heap   total 69632K, used 56234K [0x0000000704c00000, 0x0000000800000000)
  region size 2048K, 20 young (40960K), 1 survivors (2048K)
 Metaspace       used 42509K, committed 43008K, reserved 1114112K
  class space    used 4980K, committed 5184K, reserved 1048576K
}
Event: 7.336 GC heap after
{Heap after GC invocations=14 (full 0):
 garbage-first heap   total 69632K, used 19836K [0x0000000704c00000, 0x0000000800000000)
  region size 2048K, 2 young (4096K), 2 survivors (4096K)
 Metaspace       used 42509K, committed 43008K, reserved 1114112K
  class space    used 4980K, committed 5184K, reserved 1048576K
}
Event: 9.226 GC heap before
{Heap before GC invocations=14 (full 0):
 garbage-first heap   total 69632K, used 48508K [0x0000000704c00000, 0x0000000800000000)
  region size 2048K, 17 young (34816K), 2 survivors (4096K)
 Metaspace       used 52384K, committed 52800K, reserved 1114112K
  class space    used 6259K, committed 6464K, reserved 1048576K
}
Event: 9.234 GC heap after
{Heap after GC invocations=15 (full 0):
 garbage-first heap   total 69632K, used 21853K [0x0000000704c00000, 0x0000000800000000)
  region size 2048K, 3 young (6144K), 3 survivors (6144K)
 Metaspace       used 52384K, committed 52800K, reserved 1114112K
  class space    used 6259K, committed 6464K, reserved 1048576K
}
Event: 10.505 GC heap before
{Heap before GC invocations=15 (full 0):
 garbage-first heap   total 69632K, used 50525K [0x0000000704c00000, 0x0000000800000000)
  region size 2048K, 17 young (34816K), 3 survivors (6144K)
 Metaspace       used 58886K, committed 59328K, reserved 1114112K
  class space    used 7236K, committed 7424K, reserved 1048576K
}
Event: 10.512 GC heap after
{Heap after GC invocations=16 (full 0):
 garbage-first heap   total 69632K, used 23967K [0x0000000704c00000, 0x0000000800000000)
  region size 2048K, 2 young (4096K), 2 survivors (4096K)
 Metaspace       used 58886K, committed 59328K, reserved 1114112K
  class space    used 7236K, committed 7424K, reserved 1048576K
}
Event: 10.612 GC heap before
{Heap before GC invocations=16 (full 0):
 garbage-first heap   total 69632K, used 26015K [0x0000000704c00000, 0x0000000800000000)
  region size 2048K, 4 young (8192K), 2 survivors (4096K)
 Metaspace       used 59789K, committed 60288K, reserved 1114112K
  class space    used 7331K, committed 7552K, reserved 1048576K
}
Event: 10.617 GC heap after
{Heap after GC invocations=17 (full 0):
 garbage-first heap   total 69632K, used 24752K [0x0000000704c00000, 0x0000000800000000)
  region size 2048K, 1 young (2048K), 1 survivors (2048K)
 Metaspace       used 59789K, committed 60288K, reserved 1114112K
  class space    used 7331K, committed 7552K, reserved 1048576K
}
Event: 11.785 GC heap before
{Heap before GC invocations=18 (full 0):
 garbage-first heap   total 69632K, used 53424K [0x0000000704c00000, 0x0000000800000000)
  region size 2048K, 15 young (30720K), 1 survivors (2048K)
 Metaspace       used 65531K, committed 65984K, reserved 1114112K
  class space    used 8308K, committed 8512K, reserved 1048576K
}
Event: 11.789 GC heap after
{Heap after GC invocations=19 (full 0):
 garbage-first heap   total 69632K, used 25359K [0x0000000704c00000, 0x0000000800000000)
  region size 2048K, 1 young (2048K), 1 survivors (2048K)
 Metaspace       used 65531K, committed 65984K, reserved 1114112K
  class space    used 8308K, committed 8512K, reserved 1048576K
}
Event: 12.539 GC heap before
{Heap before GC invocations=19 (full 0):
 garbage-first heap   total 69632K, used 54031K [0x0000000704c00000, 0x0000000800000000)
  region size 2048K, 15 young (30720K), 1 survivors (2048K)
 Metaspace       used 69428K, committed 69952K, reserved 1114112K
  class space    used 8819K, committed 9088K, reserved 1048576K
}
Event: 12.546 GC heap after
{Heap after GC invocations=20 (full 0):
 garbage-first heap   total 69632K, used 27403K [0x0000000704c00000, 0x0000000800000000)
  region size 2048K, 2 young (4096K), 2 survivors (4096K)
 Metaspace       used 69428K, committed 69952K, reserved 1114112K
  class space    used 8819K, committed 9088K, reserved 1048576K
}
Event: 13.337 GC heap before
{Heap before GC invocations=20 (full 0):
 garbage-first heap   total 69632K, used 54027K [0x0000000704c00000, 0x0000000800000000)
  region size 2048K, 15 young (30720K), 2 survivors (4096K)
 Metaspace       used 72235K, committed 72768K, reserved 1114112K
  class space    used 9231K, committed 9472K, reserved 1048576K
}
Event: 13.348 GC heap after
{Heap after GC invocations=21 (full 0):
 garbage-first heap   total 69632K, used 29812K [0x0000000704c00000, 0x0000000800000000)
  region size 2048K, 2 young (4096K), 2 survivors (4096K)
 Metaspace       used 72235K, committed 72768K, reserved 1114112K
  class space    used 9231K, committed 9472K, reserved 1048576K
}
Event: 23.728 GC heap before
{Heap before GC invocations=21 (full 0):
 garbage-first heap   total 69632K, used 52340K [0x0000000704c00000, 0x0000000800000000)
  region size 2048K, 13 young (26624K), 2 survivors (4096K)
 Metaspace       used 75600K, committed 76224K, reserved 1179648K
  class space    used 9663K, committed 9984K, reserved 1048576K
}
Event: 23.738 GC heap after
{Heap after GC invocations=22 (full 0):
 garbage-first heap   total 69632K, used 31608K [0x0000000704c00000, 0x0000000800000000)
  region size 2048K, 1 young (2048K), 1 survivors (2048K)
 Metaspace       used 75600K, committed 76224K, reserved 1179648K
  class space    used 9663K, committed 9984K, reserved 1048576K
}
Event: 24.310 GC heap before
{Heap before GC invocations=22 (full 0):
 garbage-first heap   total 69632K, used 52088K [0x0000000704c00000, 0x0000000800000000)
  region size 2048K, 12 young (24576K), 1 survivors (2048K)
 Metaspace       used 79790K, committed 80320K, reserved 1179648K
  class space    used 9994K, committed 10240K, reserved 1048576K
}
Event: 24.316 GC heap after
{Heap after GC invocations=23 (full 0):
 garbage-first heap   total 69632K, used 32981K [0x0000000704c00000, 0x0000000800000000)
  region size 2048K, 2 young (4096K), 2 survivors (4096K)
 Metaspace       used 79790K, committed 80320K, reserved 1179648K
  class space    used 9994K, committed 10240K, reserved 1048576K
}

