# JRE version: OpenJDK Runtime Environment Temurin-17.0.8.1+1 (17.0.8.1+1) (build 17.0.8.1+1)
# Java VM: OpenJDK 64-Bit Server VM Temurin-17.0.8.1+1 (17.0.8.1+1, mixed mode, tiered, compressed oops, compressed class ptrs, g1 gc, windows-amd64)
GC Precious Log:
 CPUs: 4 total, 4 available
 Memory: 16079M
 Large Page Support: Disabled
 NUMA Support: Disabled
 Compressed Oops: Enabled (Zero based)
 Heap Region Size: 2M
 Heap Min Capacity: 8M
 Heap Initial Capacity: 252M
 Heap Max Capacity: 4020M
 Pre-touch: Disabled
 Parallel Workers: 4
 Concurrent Workers: 1
 Concurrent Refinement Workers: 4
 Periodic GC: Disabled
Heap:
 garbage-first heap   total 69632K, used 38955K [0x0000000704c00000, 0x0000000800000000)
  region size 2048K, 4 young (8192K), 1 survivors (2048K)
 Metaspace       used 83244K, committed 83840K, reserved 1179648K
  class space    used 10285K, committed 10560K, reserved 1048576K
GC Heap History (20 events):
Event: 6.109 GC heap before
{Heap before GC invocations=12 (full 0):
 garbage-first heap   total 69632K, used 51612K [0x0000000704c00000, 0x0000000800000000)
  region size 2048K, 20 young (40960K), 3 survivors (6144K)
 Metaspace       used 41548K, committed 41984K, reserved 1114112K
  class space    used 4828K, committed 5056K, reserved 1048576K
}
Event: 6.120 GC heap after
{Heap after GC invocations=13 (full 0):
 garbage-first heap   total 69632K, used 19842K [0x0000000704c00000, 0x0000000800000000)
  region size 2048K, 3 young (6144K), 3 survivors (6144K)
 Metaspace       used 41548K, committed 41984K, reserved 1114112K
  class space    used 4828K, committed 5056K, reserved 1048576K
}
Event: 7.292 GC heap before
{Heap before GC invocations=13 (full 0):
 garbage-first heap   total 69632K, used 50562K [0x0000000704c00000, 0x0000000800000000)
  region size 2048K, 18 young (36864K), 3 survivors (6144K)
 Metaspace       used 51011K, committed 51456K, reserved 1114112K
  class space    used 6120K, committed 6336K, reserved 1048576K
}
Event: 7.301 GC heap after
{Heap after GC invocations=14 (full 0):
 garbage-first heap   total 69632K, used 21910K [0x0000000704c00000, 0x0000000800000000)
  region size 2048K, 3 young (6144K), 3 survivors (6144K)
 Metaspace       used 51011K, committed 51456K, reserved 1114112K
  class space    used 6120K, committed 6336K, reserved 1048576K
}
Event: 8.339 GC heap before
{Heap before GC invocations=14 (full 0):
 garbage-first heap   total 69632K, used 50582K [0x0000000704c00000, 0x0000000800000000)
  region size 2048K, 17 young (34816K), 3 survivors (6144K)
 Metaspace       used 57020K, committed 57536K, reserved 1114112K
  class space    used 6880K, committed 7104K, reserved 1048576K
}
Event: 8.348 GC heap after
{Heap after GC invocations=15 (full 0):
 garbage-first heap   total 69632K, used 23895K [0x0000000704c00000, 0x0000000800000000)
  region size 2048K, 2 young (4096K), 2 survivors (4096K)
 Metaspace       used 57020K, committed 57536K, reserved 1114112K
  class space    used 6880K, committed 7104K, reserved 1048576K
}
Event: 8.588 GC heap before
{Heap before GC invocations=15 (full 0):
 garbage-first heap   total 69632K, used 30039K [0x0000000704c00000, 0x0000000800000000)
  region size 2048K, 6 young (12288K), 2 survivors (4096K)
 Metaspace       used 59799K, committed 60288K, reserved 1114112K
  class space    used 7332K, committed 7552K, reserved 1048576K
}
Event: 8.593 GC heap after
{Heap after GC invocations=16 (full 0):
 garbage-first heap   total 69632K, used 24466K [0x0000000704c00000, 0x0000000800000000)
  region size 2048K, 2 young (4096K), 2 survivors (4096K)
 Metaspace       used 59799K, committed 60288K, reserved 1114112K
  class space    used 7332K, committed 7552K, reserved 1048576K
}
Event: 9.329 GC heap before
{Heap before GC invocations=17 (full 0):
 garbage-first heap   total 69632K, used 49042K [0x0000000704c00000, 0x0000000800000000)
  region size 2048K, 14 young (28672K), 2 survivors (4096K)
 Metaspace       used 64419K, committed 64832K, reserved 1114112K
  class space    used 8179K, committed 8384K, reserved 1048576K
}
Event: 9.333 GC heap after
{Heap after GC invocations=18 (full 0):
 garbage-first heap   total 69632K, used 25822K [0x0000000704c00000, 0x0000000800000000)
  region size 2048K, 1 young (2048K), 1 survivors (2048K)
 Metaspace       used 64419K, committed 64832K, reserved 1114112K
  class space    used 8179K, committed 8384K, reserved 1048576K
}
Event: 10.237 GC heap before
{Heap before GC invocations=18 (full 0):
 garbage-first heap   total 69632K, used 50398K [0x0000000704c00000, 0x0000000800000000)
  region size 2048K, 14 young (28672K), 1 survivors (2048K)
 Metaspace       used 68420K, committed 68928K, reserved 1114112K
  class space    used 8682K, committed 8960K, reserved 1048576K
}
Event: 10.243 GC heap after
{Heap after GC invocations=19 (full 0):
 garbage-first heap   total 69632K, used 27411K [0x0000000704c00000, 0x0000000800000000)
  region size 2048K, 2 young (4096K), 2 survivors (4096K)
 Metaspace       used 68420K, committed 68928K, reserved 1114112K
  class space    used 8682K, committed 8960K, reserved 1048576K
}
Event: 11.050 GC heap before
{Heap before GC invocations=19 (full 0):
 garbage-first heap   total 69632K, used 51987K [0x0000000704c00000, 0x0000000800000000)
  region size 2048K, 14 young (28672K), 2 survivors (4096K)
 Metaspace       used 71390K, committed 71872K, reserved 1114112K
  class space    used 9122K, committed 9344K, reserved 1048576K
}
Event: 11.059 GC heap after
{Heap after GC invocations=20 (full 0):
 garbage-first heap   total 69632K, used 29425K [0x0000000704c00000, 0x0000000800000000)
  region size 2048K, 2 young (4096K), 2 survivors (4096K)
 Metaspace       used 71390K, committed 71872K, reserved 1114112K
  class space    used 9122K, committed 9344K, reserved 1048576K
}
Event: 11.620 GC heap before
{Heap before GC invocations=20 (full 0):
 garbage-first heap   total 69632K, used 51953K [0x0000000704c00000, 0x0000000800000000)
  region size 2048K, 13 young (26624K), 2 survivors (4096K)
 Metaspace       used 73836K, committed 74304K, reserved 1114112K
  class space    used 9442K, committed 9664K, reserved 1048576K
}
Event: 11.630 GC heap after
{Heap after GC invocations=21 (full 0):
 garbage-first heap   total 69632K, used 31498K [0x0000000704c00000, 0x0000000800000000)
  region size 2048K, 2 young (4096K), 2 survivors (4096K)
 Metaspace       used 73836K, committed 74304K, reserved 1114112K
  class space    used 9442K, committed 9664K, reserved 1048576K
}
Event: 20.030 GC heap before
{Heap before GC invocations=21 (full 0):
 garbage-first heap   total 69632K, used 51978K [0x0000000704c00000, 0x0000000800000000)
  region size 2048K, 13 young (26624K), 2 survivors (4096K)
 Metaspace       used 77733K, committed 78336K, reserved 1179648K
  class space    used 9822K, committed 10112K, reserved 1048576K
}
Event: 20.044 GC heap after
{Heap after GC invocations=22 (full 0):
 garbage-first heap   total 69632K, used 33451K [0x0000000704c00000, 0x0000000800000000)
  region size 2048K, 2 young (4096K), 2 survivors (4096K)
 Metaspace       used 77733K, committed 78336K, reserved 1179648K
  class space    used 9822K, committed 10112K, reserved 1048576K
}
Event: 20.684 GC heap before
{Heap before GC invocations=22 (full 0):
 garbage-first heap   total 69632K, used 51883K [0x0000000704c00000, 0x0000000800000000)
  region size 2048K, 12 young (24576K), 2 survivors (4096K)
 Metaspace       used 82360K, committed 82880K, reserved 1179648K
  class space    used 10215K, committed 10496K, reserved 1048576K
}
Event: 20.691 GC heap after
{Heap after GC invocations=23 (full 0):
 garbage-first heap   total 69632K, used 34859K [0x0000000704c00000, 0x0000000800000000)
  region size 2048K, 1 young (2048K), 1 survivors (2048K)
 Metaspace       used 82360K, committed 82880K, reserved 1179648K
  class space    used 10215K, committed 10496K, reserved 1048576K
}

