# JRE version: OpenJDK Runtime Environment Temurin-17.0.8.1+1 (17.0.8.1+1) (build 17.0.8.1+1)
# Java VM: OpenJDK 64-Bit Server VM Temurin-17.0.8.1+1 (17.0.8.1+1, mixed mode, tiered, compressed oops, compressed class ptrs, g1 gc, windows-amd64)
GC Precious Log:
 CPUs: 4 total, 4 available
 Memory: 16079M
 Large Page Support: Disabled
 NUMA Support: Disabled
 Compressed Oops: Enabled (Zero based)
 Heap Region Size: 2M
 Heap Min Capacity: 8M
 Heap Initial Capacity: 252M
 Heap Max Capacity: 4020M
 Pre-touch: Disabled
 Parallel Workers: 4
 Concurrent Workers: 1
 Concurrent Refinement Workers: 4
 Periodic GC: Disabled
Heap:
 garbage-first heap   total 83968K, used 49404K [0x0000000704c00000, 0x0000000800000000)
  region size 2048K, 11 young (22528K), 2 survivors (4096K)
 Metaspace       used 87282K, committed 87936K, reserved 1179648K
  class space    used 10810K, committed 11136K, reserved 1048576K
GC Heap History (20 events):
Event: 8.348 GC heap before
{Heap before GC invocations=12 (full 0):
 garbage-first heap   total 69632K, used 21858K [0x0000000704c00000, 0x0000000800000000)
  region size 2048K, 3 young (6144K), 2 survivors (4096K)
 Metaspace       used 42198K, committed 42688K, reserved 1114112K
  class space    used 4917K, committed 5184K, reserved 1048576K
}
Event: 8.352 GC heap after
{Heap after GC invocations=13 (full 0):
 garbage-first heap   total 69632K, used 19896K [0x0000000704c00000, 0x0000000800000000)
  region size 2048K, 1 young (2048K), 1 survivors (2048K)
 Metaspace       used 42198K, committed 42688K, reserved 1114112K
  class space    used 4917K, committed 5184K, reserved 1048576K
}
Event: 9.741 GC heap before
{Heap before GC invocations=13 (full 0):
 garbage-first heap   total 69632K, used 48568K [0x0000000704c00000, 0x0000000800000000)
  region size 2048K, 15 young (30720K), 1 survivors (2048K)
 Metaspace       used 51462K, committed 51968K, reserved 1114112K
  class space    used 6148K, committed 6400K, reserved 1048576K
}
Event: 9.747 GC heap after
{Heap after GC invocations=14 (full 0):
 garbage-first heap   total 69632K, used 21155K [0x0000000704c00000, 0x0000000800000000)
  region size 2048K, 1 young (2048K), 1 survivors (2048K)
 Metaspace       used 51462K, committed 51968K, reserved 1114112K
  class space    used 6148K, committed 6400K, reserved 1048576K
}
Event: 10.877 GC heap before
{Heap before GC invocations=14 (full 0):
 garbage-first heap   total 69632K, used 49827K [0x0000000704c00000, 0x0000000800000000)
  region size 2048K, 15 young (30720K), 1 survivors (2048K)
 Metaspace       used 57338K, committed 57792K, reserved 1114112K
  class space    used 6936K, committed 7168K, reserved 1048576K
}
Event: 10.883 GC heap after
{Heap after GC invocations=15 (full 0):
 garbage-first heap   total 69632K, used 23368K [0x0000000704c00000, 0x0000000800000000)
  region size 2048K, 2 young (4096K), 2 survivors (4096K)
 Metaspace       used 57338K, committed 57792K, reserved 1114112K
  class space    used 6936K, committed 7168K, reserved 1048576K
}
Event: 11.184 GC heap before
{Heap before GC invocations=15 (full 0):
 garbage-first heap   total 69632K, used 29512K [0x0000000704c00000, 0x0000000800000000)
  region size 2048K, 6 young (12288K), 2 survivors (4096K)
 Metaspace       used 60002K, committed 60416K, reserved 1114112K
  class space    used 7346K, committed 7552K, reserved 1048576K
}
Event: 11.191 GC heap after
{Heap after GC invocations=16 (full 0):
 garbage-first heap   total 69632K, used 23645K [0x0000000704c00000, 0x0000000800000000)
  region size 2048K, 1 young (2048K), 1 survivors (2048K)
 Metaspace       used 60002K, committed 60416K, reserved 1114112K
  class space    used 7346K, committed 7552K, reserved 1048576K
}
Event: 12.231 GC heap before
{Heap before GC invocations=17 (full 0):
 garbage-first heap   total 69632K, used 48221K [0x0000000704c00000, 0x0000000800000000)
  region size 2048K, 14 young (28672K), 1 survivors (2048K)
 Metaspace       used 64813K, committed 65280K, reserved 1114112K
  class space    used 8248K, committed 8448K, reserved 1048576K
}
Event: 12.234 GC heap after
{Heap after GC invocations=18 (full 0):
 garbage-first heap   total 69632K, used 24634K [0x0000000704c00000, 0x0000000800000000)
  region size 2048K, 1 young (2048K), 1 survivors (2048K)
 Metaspace       used 64813K, committed 65280K, reserved 1114112K
  class space    used 8248K, committed 8448K, reserved 1048576K
}
Event: 12.592 GC heap before
{Heap before GC invocations=18 (full 0):
 garbage-first heap   total 69632K, used 26682K [0x0000000704c00000, 0x0000000800000000)
  region size 2048K, 2 young (4096K), 1 survivors (2048K)
 Metaspace       used 65597K, committed 66048K, reserved 1114112K
  class space    used 8314K, committed 8512K, reserved 1048576K
}
Event: 12.596 GC heap after
{Heap after GC invocations=19 (full 0):
 garbage-first heap   total 69632K, used 24414K [0x0000000704c00000, 0x0000000800000000)
  region size 2048K, 1 young (2048K), 1 survivors (2048K)
 Metaspace       used 65597K, committed 66048K, reserved 1114112K
  class space    used 8314K, committed 8512K, reserved 1048576K
}
Event: 13.425 GC heap before
{Heap before GC invocations=19 (full 0):
 garbage-first heap   total 69632K, used 53086K [0x0000000704c00000, 0x0000000800000000)
  region size 2048K, 15 young (30720K), 1 survivors (2048K)
 Metaspace       used 69449K, committed 70016K, reserved 1114112K
  class space    used 8820K, committed 9088K, reserved 1048576K
}
Event: 13.431 GC heap after
{Heap after GC invocations=20 (full 0):
 garbage-first heap   total 83968K, used 26358K [0x0000000704c00000, 0x0000000800000000)
  region size 2048K, 2 young (4096K), 2 survivors (4096K)
 Metaspace       used 69449K, committed 70016K, reserved 1114112K
  class space    used 8820K, committed 9088K, reserved 1048576K
}
Event: 14.645 GC heap before
{Heap before GC invocations=20 (full 0):
 garbage-first heap   total 83968K, used 63222K [0x0000000704c00000, 0x0000000800000000)
  region size 2048K, 20 young (40960K), 2 survivors (4096K)
 Metaspace       used 73320K, committed 73856K, reserved 1114112K
  class space    used 9385K, committed 9664K, reserved 1048576K
}
Event: 14.653 GC heap after
{Heap after GC invocations=21 (full 0):
 garbage-first heap   total 83968K, used 29676K [0x0000000704c00000, 0x0000000800000000)
  region size 2048K, 3 young (6144K), 3 survivors (6144K)
 Metaspace       used 73320K, committed 73856K, reserved 1114112K
  class space    used 9385K, committed 9664K, reserved 1048576K
}
Event: 25.917 GC heap before
{Heap before GC invocations=21 (full 0):
 garbage-first heap   total 83968K, used 62444K [0x0000000704c00000, 0x0000000800000000)
  region size 2048K, 20 young (40960K), 3 survivors (6144K)
 Metaspace       used 79536K, committed 80064K, reserved 1179648K
  class space    used 9951K, committed 10240K, reserved 1048576K
}
Event: 25.930 GC heap after
{Heap after GC invocations=22 (full 0):
 garbage-first heap   total 83968K, used 32125K [0x0000000704c00000, 0x0000000800000000)
  region size 2048K, 2 young (4096K), 2 survivors (4096K)
 Metaspace       used 79536K, committed 80064K, reserved 1179648K
  class space    used 9951K, committed 10240K, reserved 1048576K
}
Event: 31.882 GC heap before
{Heap before GC invocations=22 (full 0):
 garbage-first heap   total 83968K, used 60797K [0x0000000704c00000, 0x0000000800000000)
  region size 2048K, 17 young (34816K), 2 survivors (4096K)
 Metaspace       used 85224K, committed 85760K, reserved 1179648K
  class space    used 10556K, committed 10816K, reserved 1048576K
}
Event: 31.888 GC heap after
{Heap after GC invocations=23 (full 0):
 garbage-first heap   total 83968K, used 33020K [0x0000000704c00000, 0x0000000800000000)
  region size 2048K, 2 young (4096K), 2 survivors (4096K)
 Metaspace       used 85224K, committed 85760K, reserved 1179648K
  class space    used 10556K, committed 10816K, reserved 1048576K
}

