# JRE version: OpenJDK Runtime Environment Temurin-17.0.8.1+1 (17.0.8.1+1) (build 17.0.8.1+1)
# Java VM: OpenJDK 64-Bit Server VM Temurin-17.0.8.1+1 (17.0.8.1+1, mixed mode, tiered, compressed oops, compressed class ptrs, g1 gc, windows-amd64)
GC Precious Log:
 CPUs: 4 total, 4 available
 Memory: 16079M
 Large Page Support: Disabled
 NUMA Support: Disabled
 Compressed Oops: Enabled (Zero based)
 Heap Region Size: 2M
 Heap Min Capacity: 8M
 Heap Initial Capacity: 252M
 Heap Max Capacity: 4020M
 Pre-touch: Disabled
 Parallel Workers: 4
 Concurrent Workers: 1
 Concurrent Refinement Workers: 4
 Periodic GC: Disabled
Heap:
 garbage-first heap   total 75776K, used 47890K [0x0000000704c00000, 0x0000000800000000)
  region size 2048K, 9 young (18432K), 2 survivors (4096K)
 Metaspace       used 86302K, committed 86912K, reserved 1179648K
  class space    used 10685K, committed 11008K, reserved 1048576K
GC Heap History (20 events):
Event: 6.005 GC heap before
{Heap before GC invocations=11 (full 0):
 garbage-first heap   total 149504K, used 28774K [0x0000000704c00000, 0x0000000800000000)
  region size 2048K, 8 young (16384K), 1 survivors (2048K)
 Metaspace       used 35753K, committed 36096K, reserved 1114112K
  class space    used 4169K, committed 4352K, reserved 1048576K
}
Event: 6.012 GC heap after
{Heap after GC invocations=12 (full 0):
 garbage-first heap   total 149504K, used 17760K [0x0000000704c00000, 0x0000000800000000)
  region size 2048K, 2 young (4096K), 2 survivors (4096K)
 Metaspace       used 35753K, committed 36096K, reserved 1114112K
  class space    used 4169K, committed 4352K, reserved 1048576K
}
Event: 7.807 GC heap before
{Heap before GC invocations=13 (full 0):
 garbage-first heap   total 75776K, used 58720K [0x0000000704c00000, 0x0000000800000000)
  region size 2048K, 22 young (45056K), 2 survivors (4096K)
 Metaspace       used 42769K, committed 43200K, reserved 1114112K
  class space    used 5018K, committed 5248K, reserved 1048576K
}
Event: 7.814 GC heap after
{Heap after GC invocations=14 (full 0):
 garbage-first heap   total 75776K, used 20725K [0x0000000704c00000, 0x0000000800000000)
  region size 2048K, 3 young (6144K), 3 survivors (6144K)
 Metaspace       used 42769K, committed 43200K, reserved 1114112K
  class space    used 5018K, committed 5248K, reserved 1048576K
}
Event: 9.269 GC heap before
{Heap before GC invocations=14 (full 0):
 garbage-first heap   total 75776K, used 53493K [0x0000000704c00000, 0x0000000800000000)
  region size 2048K, 19 young (38912K), 3 survivors (6144K)
 Metaspace       used 52949K, committed 53504K, reserved 1114112K
  class space    used 6340K, committed 6592K, reserved 1048576K
}
Event: 9.282 GC heap after
{Heap after GC invocations=15 (full 0):
 garbage-first heap   total 75776K, used 22955K [0x0000000704c00000, 0x0000000800000000)
  region size 2048K, 3 young (6144K), 3 survivors (6144K)
 Metaspace       used 52949K, committed 53504K, reserved 1114112K
  class space    used 6340K, committed 6592K, reserved 1048576K
}
Event: 10.349 GC heap before
{Heap before GC invocations=15 (full 0):
 garbage-first heap   total 75776K, used 49579K [0x0000000704c00000, 0x0000000800000000)
  region size 2048K, 17 young (34816K), 3 survivors (6144K)
 Metaspace       used 59824K, committed 60288K, reserved 1114112K
  class space    used 7318K, committed 7552K, reserved 1048576K
}
Event: 10.357 GC heap after
{Heap after GC invocations=16 (full 0):
 garbage-first heap   total 75776K, used 25116K [0x0000000704c00000, 0x0000000800000000)
  region size 2048K, 3 young (6144K), 3 survivors (6144K)
 Metaspace       used 59824K, committed 60288K, reserved 1114112K
  class space    used 7318K, committed 7552K, reserved 1048576K
}
Event: 11.729 GC heap before
{Heap before GC invocations=17 (full 0):
 garbage-first heap   total 75776K, used 53788K [0x0000000704c00000, 0x0000000800000000)
  region size 2048K, 18 young (36864K), 3 survivors (6144K)
 Metaspace       used 65714K, committed 66176K, reserved 1114112K
  class space    used 8315K, committed 8512K, reserved 1048576K
}
Event: 11.736 GC heap after
{Heap after GC invocations=18 (full 0):
 garbage-first heap   total 75776K, used 26661K [0x0000000704c00000, 0x0000000800000000)
  region size 2048K, 2 young (4096K), 2 survivors (4096K)
 Metaspace       used 65714K, committed 66176K, reserved 1114112K
  class space    used 8315K, committed 8512K, reserved 1048576K
}
Event: 12.612 GC heap before
{Heap before GC invocations=18 (full 0):
 garbage-first heap   total 75776K, used 55333K [0x0000000704c00000, 0x0000000800000000)
  region size 2048K, 16 young (32768K), 2 survivors (4096K)
 Metaspace       used 69442K, committed 69952K, reserved 1114112K
  class space    used 8810K, committed 9088K, reserved 1048576K
}
Event: 12.618 GC heap after
{Heap after GC invocations=19 (full 0):
 garbage-first heap   total 75776K, used 28554K [0x0000000704c00000, 0x0000000800000000)
  region size 2048K, 2 young (4096K), 2 survivors (4096K)
 Metaspace       used 69442K, committed 69952K, reserved 1114112K
  class space    used 8810K, committed 9088K, reserved 1048576K
}
Event: 13.473 GC heap before
{Heap before GC invocations=19 (full 0):
 garbage-first heap   total 75776K, used 55178K [0x0000000704c00000, 0x0000000800000000)
  region size 2048K, 15 young (30720K), 2 survivors (4096K)
 Metaspace       used 72414K, committed 72960K, reserved 1114112K
  class space    used 9261K, committed 9536K, reserved 1048576K
}
Event: 13.485 GC heap after
{Heap after GC invocations=20 (full 0):
 garbage-first heap   total 75776K, used 30734K [0x0000000704c00000, 0x0000000800000000)
  region size 2048K, 2 young (4096K), 2 survivors (4096K)
 Metaspace       used 72414K, committed 72960K, reserved 1114112K
  class space    used 9261K, committed 9536K, reserved 1048576K
}
Event: 19.026 GC heap before
{Heap before GC invocations=20 (full 0):
 garbage-first heap   total 75776K, used 57358K [0x0000000704c00000, 0x0000000800000000)
  region size 2048K, 15 young (30720K), 2 survivors (4096K)
 Metaspace       used 76583K, committed 77184K, reserved 1179648K
  class space    used 9750K, committed 10048K, reserved 1048576K
}
Event: 19.037 GC heap after
{Heap after GC invocations=21 (full 0):
 garbage-first heap   total 75776K, used 33309K [0x0000000704c00000, 0x0000000800000000)
  region size 2048K, 2 young (4096K), 2 survivors (4096K)
 Metaspace       used 76583K, committed 77184K, reserved 1179648K
  class space    used 9750K, committed 10048K, reserved 1048576K
}
Event: 19.676 GC heap before
{Heap before GC invocations=21 (full 0):
 garbage-first heap   total 75776K, used 55837K [0x0000000704c00000, 0x0000000800000000)
  region size 2048K, 14 young (28672K), 2 survivors (4096K)
 Metaspace       used 81943K, committed 82496K, reserved 1179648K
  class space    used 10171K, committed 10432K, reserved 1048576K
}
Event: 19.681 GC heap after
{Heap after GC invocations=22 (full 0):
 garbage-first heap   total 75776K, used 34732K [0x0000000704c00000, 0x0000000800000000)
  region size 2048K, 1 young (2048K), 1 survivors (2048K)
 Metaspace       used 81943K, committed 82496K, reserved 1179648K
  class space    used 10171K, committed 10432K, reserved 1048576K
}
Event: 26.589 GC heap before
{Heap before GC invocations=22 (full 0):
 garbage-first heap   total 75776K, used 55212K [0x0000000704c00000, 0x0000000800000000)
  region size 2048K, 12 young (24576K), 1 survivors (2048K)
 Metaspace       used 85449K, committed 86080K, reserved 1179648K
  class space    used 10591K, committed 10880K, reserved 1048576K
}
Event: 26.596 GC heap after
{Heap after GC invocations=23 (full 0):
 garbage-first heap   total 75776K, used 35602K [0x0000000704c00000, 0x0000000800000000)
  region size 2048K, 2 young (4096K), 2 survivors (4096K)
 Metaspace       used 85449K, committed 86080K, reserved 1179648K
  class space    used 10591K, committed 10880K, reserved 1048576K
}

